starting...
 -I- cant find thellier_gui_preferences file, using defualt default 
-W- Cant find er_sample.txt in project directory
-W- Cant find er_sites.txt in project directory
-I- Read magic file  /Users/nebula/Python/PmagPy/data_files/download_magic/magic_measurements.txt
-I- Anisotropy data read  /Users/nebula/Python/PmagPy/data_files/download_magic/from rmag_anisotropy.txt
-I- Anisotropy data read  /Users/nebula/Python/PmagPy/data_files/download_magic/from rmag_anisotropy.txt
-I- Done calculating non linear TRM parameters for all specimens
-I- number of specimens in this project directory: 0
-I- number of samples in this project directory: 0
-I- Read pmag_specimens.txt for previous interpretation-W- WARNING: Cant find specimen sr01a1 from redo file in measurement file!
-W- WARNING: Cant find specimen sr01a2 from redo file in measurement file!
-W- WARNING: Cant find specimen sr01c2 from redo file in measurement file!
-W- WARNING: Cant find specimen sr01d1 from redo file in measurement file!
-W- WARNING: Cant find specimen sr01i1 from redo file in measurement file!
-W- WARNING: Cant find specimen sr03a1 from redo file in measurement file!
-W- WARNING: Cant find specimen sr03b1 from redo file in measurement file!
-W- WARNING: Cant find specimen sr03c1 from redo file in measurement file!
-W- WARNING: Cant find specimen sr03e1 from redo file in measurement file!
-W- WARNING: Cant find specimen sr09f1 from redo file in measurement file!
-W- WARNING: Cant find specimen sr21h1 from redo file in measurement file!
-W- WARNING: Cant find specimen sr28b1 from redo file in measurement file!
-W- WARNING: Cant find specimen sr28c1 from redo file in measurement file!
-W- WARNING: Cant find specimen sr28e1 from redo file in measurement file!
-W- WARNING: Cant find specimen sr28f1 from redo file in measurement file!
-W- WARNING: Cant find specimen sr28h1 from redo file in measurement file!
-W- WARNING: Cant find specimen sr29a1 from redo file in measurement file!
-W- WARNING: Cant find specimen sr29a2 from redo file in measurement file!
-W- WARNING: Cant find specimen sr29b1 from redo file in measurement file!
-W- WARNING: Cant find specimen sr29c1 from redo file in measurement file!
-W- WARNING: Cant find specimen sr29g1 from redo file in measurement file!
-W- WARNING: Cant find specimen sr29h1 from redo file in measurement file!
-W- WARNING: Cant find specimen sr30a1 from redo file in measurement file!
-W- WARNING: Cant find specimen sr30a2 from redo file in measurement file!
-W- WARNING: Cant find specimen sr30c1 from redo file in measurement file!
-W- WARNING: Cant find specimen sr30e1 from redo file in measurement file!
-W- WARNING: Cant find specimen sr30i1 from redo file in measurement file!
-W- WARNING: Cant find specimen sr31a1 from redo file in measurement file!
-W- WARNING: Cant find specimen sr31a2 from redo file in measurement file!
-W- WARNING: Cant find specimen sr31b3 from redo file in measurement file!
-W- WARNING: Cant find specimen sr31c1 from redo file in measurement file!
-W- WARNING: Cant find specimen sr31d1 from redo file in measurement file!
-W- WARNING: Cant find specimen sr31f1 from redo file in measurement file!
-W- WARNING: Cant find specimen sr34b1 from redo file in measurement file!
-W- WARNING: Cant find specimen sr34c1 from redo file in measurement file!
-W- WARNING: Cant find specimen sr34f3 from redo file in measurement file!
-W- WARNING: Cant find specimen sr34j1 from redo file in measurement file!
-W- WARNING: Cant find specimen sr34k1 from redo file in measurement file!
-W- WARNING: Cant find specimen sr37a2 from redo file in measurement file!
-W- WARNING: Cant find specimen sr37b1 from redo file in measurement file!
-W- WARNING: Cant find specimen sr37e1 from redo file in measurement file!
-W- WARNING: Cant find specimen sr37j1 from redo file in measurement file!
-W- WARNING: Cant find specimen sr39a1 from redo file in measurement file!
-W- WARNING: Cant find specimen sr39b1 from redo file in measurement file!
-W- WARNING: Cant find specimen sr39c1 from redo file in measurement file!
-W- WARNING: Cant find specimen sr39i1 from redo file in measurement file!
-W- WARNING: Cant find specimen sr40a1 from redo file in measurement file!
-W- WARNING: Cant find specimen sr40c2 from redo file in measurement file!
-W- WARNING: Cant find specimen sr40d1 from redo file in measurement file!
-W- WARNING: Cant find specimen sr40g1 from redo file in measurement file!
