7.931393
10.473213
9.936448
5.081597
9.863678
8.419440
8.820265
7.452280
11.300871
8.480937
7.828221
8.285112
10.891344
9.682076
10.680931
11.476287
10.544591
9.414134
11.005869
6.773768
5.249352
11.875881
17.710794
13.892866
7.478092
7.901419
8.418049
9.026614
9.717633
10.665875
10.249409
10.084080
10.520419
7.309893
13.276275
8.745350
14.228657
13.255903
3.208725
11.317849
5.590129
7.896206
7.972956
5.289383
12.459760
11.730643
13.080558
11.907651
8.057536
9.311271
7.944221
11.360954
9.656850
8.456319
12.766392
14.098943
13.984656
10.822822
11.792424
10.311342
10.749173
6.487976
7.877746
14.630364
10.380209
4.673127
10.267932
12.966939
6.294008
6.841391
15.413180
13.919553
12.894987
7.504633
12.736066
7.576609
13.246746
10.652200
9.804778
5.756317
10.912401
7.382350
10.564212
14.517881
10.963116
8.435305
13.402015
9.373155
10.962597
16.509301
9.106272
10.741307
11.223086
6.720067
10.101085
8.429679
11.056819
12.881747
8.827261
10.599025
1.824461
7.520764
10.000026
8.109856
9.963797
7.317744
9.084203
11.132583
12.398463
8.415638
10.989698
7.872429
11.584440
13.409809
11.443976
4.074582
7.857526
10.955077
7.481232
9.162520
11.223394
6.510390
11.703721
5.229761
11.820534
8.518937
1.758091
9.547323
14.965314
11.122254
11.250293
11.324003
10.216871
13.587688
8.324906
13.673376
8.185447
6.401885
10.272446
13.341031
8.861215
12.421722
11.141370
12.461142
11.425736
7.584715
9.182090
6.100201
6.861178
12.781911
16.014834
11.731921
6.180900
14.332563
4.640313
10.018473
7.128161
6.368518
11.570894
10.075701
7.451344
13.411863
8.950575
13.668034
8.906060
4.711434
11.425097
11.305808
12.547901
8.393198
4.010264
7.403450
14.372764
11.716208
9.418867
12.148845
6.797619
9.634572
7.344868
11.057534
8.240379
9.093636
10.028298
3.144491
7.975265
5.530096
12.369786
8.250001
7.596905
12.495789
16.459545
13.475295
12.118621
9.917471
7.962833
7.492193
8.185845
10.215316
11.201360
7.498136
14.165858
8.760540
6.519434
7.351309
13.021315
14.258955
12.644114
6.155708
11.436226
5.811744
10.005568
9.695962
11.860691
12.697981
7.403711
9.578842
12.324092
9.206640
10.392649
3.262668
12.719327
6.408147
14.057886
10.758517
10.053014
11.500635
8.016826
6.504991
11.608026
9.780323
9.941512
11.549293
14.111384
5.843943
9.850371
12.184511
11.974999
11.503079
10.845880
8.008675
9.754906
10.788911
5.563269
12.991563
5.799676
10.544786
11.213841
7.909482
4.922752
11.082320
10.717900
9.927238
7.166181
11.443715
9.442106
6.269572
7.480342
5.756943
4.616251
8.114216
11.869382
10.908535
13.629707
11.671033
12.523618
8.671638
9.350817
8.787928
14.426448
9.424917
10.564946
6.585522
6.855902
4.667158
11.734320
10.906472
16.886707
14.449981
9.052076
5.834856
9.583945
8.699335
12.706863
15.308312
12.495327
14.701772
13.915532
8.584624
10.612260
13.349097
13.775928
14.860964
12.324835
7.938740
4.933156
8.818298
15.151514
10.326505
11.019471
7.483160
5.165845
10.352047
8.766765
4.997025
11.222041
5.797390
10.522931
9.748730
8.570026
9.317049
7.106745
12.691796
12.907102
13.101537
8.448084
6.925774
14.556021
2.216228
7.867477
6.811584
8.602713
12.361670
12.283094
6.507963
11.289026
13.909478
11.520215
8.827743
8.221350
10.761355
10.921881
5.971766
9.460989
9.852107
12.831630
12.712231
10.316302
11.685203
8.519706
10.315005
9.484331
8.683527
8.373923
11.584347
9.123812
8.306775
10.932283
9.926682
8.607766
2.056784
11.724647
9.786819
12.091097
9.253046
15.881912
7.845885
13.584683
15.731204
10.064638
11.310150
7.810401
11.097161
8.948504
9.308799
8.903879
13.028276
11.470667
7.991998
10.268149
6.720622
5.255539
14.628560
11.472688
10.543692
11.132745
9.594441
12.297779
11.472373
3.397526
5.927656
9.341860
9.955203
11.696316
7.814375
11.967028
15.566198
9.107202
8.052287
8.299456
11.850836
14.918145
7.235093
12.153930
5.499205
10.553752
11.449753
14.001399
8.200366
10.409548
11.720642
11.573409
14.209982
10.964124
8.577475
12.359712
11.731256
12.031472
17.241325
11.563926
14.457063
13.027505
13.776649
8.846256
14.798525
9.079588
11.384816
7.677718
9.046855
9.725208
13.254066
9.222091
9.515163
10.632326
9.076373
6.291493
10.202292
11.041700
5.960051
7.221652
9.262513
6.209397
13.788563
11.446185
11.359751
8.367844
6.946261
2.244963
8.896639
10.595245
2.831454
8.046146
8.361921
10.000501
13.386637
10.371216
6.990499
8.991566
10.565248
9.352354
12.564754
13.252527
12.180221
11.219190
9.066824
5.663399
9.072381
8.563304
4.903127
12.618215
7.730838
11.925810
8.989880
9.406050
13.790185
15.385802
7.701701
7.760644
7.884309
13.313180
9.011218
1.974356
10.390835
5.569453
15.036582
10.268879
10.437988
8.120293
8.260412
12.986168
5.970423
2.461757
9.173763
13.395904
9.728151
7.653805
10.048009
12.596896
11.340002
8.966339
6.908790
9.083541
10.832559
10.594410
11.224399
9.227662
9.519561
8.952125
12.806805
8.670195
6.575729
7.809298
9.868397
13.326404
12.436135
8.132050
8.585394
7.929650
18.550878
12.365206
7.199419
14.355013
3.309240
12.288026
12.396004
6.602846
9.536584
12.589608
7.335018
12.182693
9.960571
7.539157
13.224097
9.481217
4.579480
12.003774
10.424528
9.978297
10.999209
7.283620
8.533786
8.905325
8.479962
8.564143
9.450087
11.900595
10.958280
5.695403
12.655309
6.811427
12.567568
9.395751
7.639127
9.071793
2.022563
11.285912
9.716861
11.251824
6.962110
12.644031
10.950652
14.790115
9.463206
11.281894
15.081922
10.813844
7.722653
11.388856
9.823338
7.539699
11.868582
10.794132
6.222709
13.324588
8.523609
4.423086
4.549496
11.660853
11.114767
10.128686
13.280216
4.490120
14.723320
4.647531
7.574213
5.825270
10.245856
10.968014
9.096947
13.614481
7.255307
7.913040
15.727280
3.611541
7.349224
11.118508
12.576090
10.269891
13.726354
13.252155
9.293627
11.932864
8.713029
14.672422
5.675582
12.831351
12.659755
6.427317
9.660826
6.629299
8.344218
8.686061
9.842460
9.262986
13.228977
13.825262
12.047618
10.213516
13.696349
8.393630
10.053812
7.184516
13.039795
9.964995
9.367749
6.195534
11.879887
11.560200
8.805392
12.455272
9.117273
8.362495
11.026836
6.879637
10.623924
6.738480
4.392716
12.588283
8.945279
9.580466
9.821170
9.731846
9.342169
8.808069
6.192178
9.106716
9.575785
7.281243
17.399391
8.977140
9.678773
9.459769
11.477436
5.132581
11.320343
9.358342
9.937653
8.024318
9.771707
12.949751
11.427642
13.107503
9.826981
10.012270
12.577274
9.217866
8.703756
9.820034
10.584983
10.873218
8.897994
12.667559
9.223451
13.332041
9.816152
7.549539
12.914162
13.244497
7.772768
9.288423
8.672875
10.812044
8.932982
8.492893
7.680481
11.987750
10.336345
6.591420
7.185343
5.635116
10.221771
8.851388
11.960069
10.476790
11.849635
10.412022
9.240243
9.997021
8.182373
9.772139
9.201323
8.083485
12.913674
15.396709
11.887609
12.065410
8.998292
9.245027
5.152432
6.501022
3.668750
18.162065
4.864107
5.253352
10.039650
11.603872
9.527320
13.816810
10.551324
11.413970
12.533622
6.499624
15.107534
6.557420
9.922309
13.891864
12.853567
12.121333
10.991013
13.437556
9.960736
7.270906
6.037521
11.059726
8.672517
11.426715
13.895206
14.340905
11.231784
7.301663
8.242857
7.472550
8.985324
7.530196
9.559470
8.710817
11.120563
12.153739
7.931198
13.934139
6.816776
9.219357
13.309097
5.661438
6.567891
15.317877
13.132200
8.364358
6.499278
5.846411
7.504582
8.672399
16.393415
9.258467
3.369167
8.197774
12.575998
7.724126
7.170393
9.474283
6.862914
6.034215
1.194018
7.638915
10.867195
4.391316
12.517138
12.144588
6.553562
11.086845
8.037266
10.557583
9.580996
10.141372
9.999564
12.668642
8.904315
6.098635
9.386428
6.774878
11.830278
10.490074
7.488608
4.487718
9.120842
3.019891
5.803504
9.874338
12.499283
9.567130
12.630837
8.422226
11.842392
12.907394
6.756312
8.059854
7.865545
9.876204
9.217885
6.829541
8.716601
10.408948
8.947254
7.703702
11.575723
7.026158
10.110266
13.520463
5.863088
8.382555
10.112946
5.619751
8.785936
13.886640
15.658154
6.140683
11.816000
8.571018
13.820164
11.876812
5.479248
7.971763
12.398888
8.449545
12.210474
6.721226
11.748862
9.609396
11.344954
12.849306
13.737817
9.442749
8.994888
16.011077
9.202473
6.991661
8.290649
8.715491
10.783271
6.648773
8.653333
13.819355
6.322694
11.812064
15.626000
11.517837
3.915378
7.638195
6.180595
10.517694
8.122908
9.001298
10.859812
7.967588
4.337581
9.707417
5.571580
11.645550
10.008743
8.051847
9.310372
4.372646
8.673153
13.905695
6.333636
9.728848
11.584477
9.482751
11.481976
8.013962
11.253250
3.522461
10.582443
8.476473
8.304972
9.248606
5.940467
11.787911
10.978244
11.978306
14.826293
8.040751
7.373663
8.917969
10.913175
6.406110
7.142421
8.853431
9.972482
16.213778
9.203643
8.428779
10.942009
7.522095
15.011863
12.093712
10.488781
13.291648
8.033550
8.942221
9.538045
10.244497
9.138566
7.442135
9.786037
11.980344
4.771448
8.766879
15.224522
7.539723
10.672696
6.242548
8.660113
13.262402
10.596481
1.394932
12.446815
8.696689
10.910098
3.522717
14.295362
9.619813
9.205952
14.798792
11.030871
9.225985
12.840517
11.764822
5.173759
11.198965
5.031185
8.262894
8.454753
13.460854
13.045483
7.106621
9.895144
10.675429
10.531958
11.885825
12.227012
5.736399
8.522285
7.178932
3.544429
15.533062
10.544953
11.136404
9.657812
12.647237
11.116230
9.808953
6.724897
7.365533
6.653654
12.799270
11.877072
11.618502
7.572001
6.807366
6.303141
6.961393
14.622987
7.005210
8.447912
13.219904
10.721681
10.201470
8.638572
10.816150
10.600999
13.302089
11.836190
9.820265
13.788349
18.799378
7.351180
3.195663
13.337903
8.191303
10.461289
12.897150
8.320792
12.663370
13.554828
11.739707
12.381669
5.965446
9.370086
12.324391
10.128833
10.324185
5.966708
15.194918
15.568922
10.529554
8.407305
11.724829
10.144397
10.595138
7.217858
