starting...
-I- Read magic file  /Users/nebula/Python/PmagPy/data_files/2_5/McMurdo/magic_measurements.txt
-I- Anisotropy data read  /Users/nebula/Python/PmagPy/data_files/2_5/McMurdo/from rmag_anisotropy.txt
-I- Anisotropy data read  /Users/nebula/Python/PmagPy/data_files/2_5/McMurdo/from rmag_anisotropy.txt
-I-  tanh parameters for specimen mc117b1 were calculated successfully
-I-  tanh parameters for specimen mc120c1 were calculated successfully
-I-  tanh parameters for specimen mc132e2 were calculated successfully
-I-  tanh parameters for specimen mc132g2 were calculated successfully
-I-  tanh parameters for specimen mc205b1 were calculated successfully
-I-  tanh parameters for specimen mc217a1 were calculated successfully
-I- Done calculating non linear TRM parameters for all specimens
-E- ERROR: skipping specimen mc01c, not enough measurements - moving forward 
-E- ERROR: skipping specimen mc01e, not enough measurements - moving forward 
-E- ERROR: skipping specimen mc01f, not enough measurements - moving forward 
-E- ERROR: skipping specimen mc01h, not enough measurements - moving forward 
-E- ERROR: skipping specimen mc02a, not enough measurements - moving forward 
-E- ERROR: skipping specimen mc02b, not enough measurements - moving forward 
-E- ERROR: skipping specimen mc02c, not enough measurements - moving forward 
-E- ERROR: skipping specimen mc02e, not enough measurements - moving forward 
-E- ERROR: skipping specimen mc02g, not enough measurements - moving forward 
-E- ERROR: skipping specimen mc02h, not enough measurements - moving forward 
-E- ERROR: skipping specimen mc03a, not enough measurements - moving forward 
-E- ERROR: skipping specimen mc03b, not enough measurements - moving forward 
-E- ERROR: skipping specimen mc03c, not enough measurements - moving forward 
-E- ERROR: skipping specimen mc03d, not enough measurements - moving forward 
-E- ERROR: skipping specimen mc03f, not enough measurements - moving forward 
-E- ERROR: skipping specimen mc04a, not enough measurements - moving forward 
-E- ERROR: skipping specimen mc04b, not enough measurements - moving forward 
-E- ERROR: skipping specimen mc04c-1, not enough measurements - moving forward 
-E- ERROR: skipping specimen mc04e, not enough measurements - moving forward 
-E- ERROR: skipping specimen mc04f, not enough measurements - moving forward 
-E- ERROR: skipping specimen mc04h, not enough measurements - moving forward 
-E- ERROR: skipping specimen mc06a, not enough measurements - moving forward 
-E- ERROR: skipping specimen mc06c, not enough measurements - moving forward 
-E- ERROR: skipping specimen mc06d, not enough measurements - moving forward 
-E- ERROR: skipping specimen mc06g, not enough measurements - moving forward 
-E- ERROR: skipping specimen mc07c, not enough measurements - moving forward 
-E- ERROR: skipping specimen mc07d, not enough measurements - moving forward 
-E- ERROR: skipping specimen mc07e, not enough measurements - moving forward 
-E- ERROR: skipping specimen mc07f, not enough measurements - moving forward 
-E- ERROR: skipping specimen mc08c, not enough measurements - moving forward 
-E- ERROR: skipping specimen mc08d, not enough measurements - moving forward 
-E- ERROR: skipping specimen mc08e, not enough measurements - moving forward 
-E- ERROR: skipping specimen mc08f, not enough measurements - moving forward 
-E- ERROR: skipping specimen mc09c, not enough measurements - moving forward 
-E- ERROR: skipping specimen mc09e, not enough measurements - moving forward 
-E- ERROR: skipping specimen mc09f, not enough measurements - moving forward 
-E- ERROR: skipping specimen mc09g, not enough measurements - moving forward 
-E- ERROR: skipping specimen mc09h, not enough measurements - moving forward 
-E- ERROR: skipping specimen mc100a1, not enough measurements - moving forward 
-E- ERROR: skipping specimen mc100d1, not enough measurements - moving forward 
-E- ERROR: skipping specimen mc100e1, not enough measurements - moving forward 
-E- ERROR: skipping specimen mc100g1, not enough measurements - moving forward 
-E- ERROR: skipping specimen mc100h2, not enough measurements - moving forward 
-E- ERROR: skipping specimen mc101a1, not enough measurements - moving forward 
-E- ERROR: skipping specimen mc101b1, not enough measurements - moving forward 
-E- ERROR: skipping specimen mc101c1, not enough measurements - moving forward 
-E- ERROR: skipping specimen mc101d1, not enough measurements - moving forward 
-E- ERROR: skipping specimen mc101f1, not enough measurements - moving forward 
-E- ERROR: skipping specimen mc101h1, not enough measurements - moving forward 
-E- ERROR: skipping specimen mc102a1, not enough measurements - moving forward 
-E- ERROR: skipping specimen mc102b2, not enough measurements - moving forward 
-E- ERROR: skipping specimen mc102e1, not enough measurements - moving forward 
-E- ERROR: skipping specimen mc102f1, not enough measurements - moving forward 
-E- ERROR: skipping specimen mc102g1, not enough measurements - moving forward 
-E- ERROR: skipping specimen mc102m2, not enough measurements - moving forward 
-E- ERROR: skipping specimen mc103a1, not enough measurements - moving forward 
-E- ERROR: skipping specimen mc103b2, not enough measurements - moving forward 
-E- ERROR: skipping specimen mc103c2, not enough measurements - moving forward 
-E- ERROR: skipping specimen mc103d2, not enough measurements - moving forward 
-E- ERROR: skipping specimen mc103e2, not enough measurements - moving forward 
-E- ERROR: skipping specimen mc104a1, not enough measurements - moving forward 
-E- ERROR: skipping specimen mc104b2, not enough measurements - moving forward 
-E- ERROR: skipping specimen mc104c1, not enough measurements - moving forward 
-E- ERROR: skipping specimen mc104d1, not enough measurements - moving forward 
-E- ERROR: skipping specimen mc104f1, not enough measurements - moving forward 
-E- ERROR: skipping specimen mc105a1, not enough measurements - moving forward 
-E- ERROR: skipping specimen mc105f1, not enough measurements - moving forward 
-E- ERROR: skipping specimen mc105g1, not enough measurements - moving forward 
-E- ERROR: skipping specimen mc105h1, not enough measurements - moving forward 
-E- ERROR: skipping specimen mc106a1, not enough measurements - moving forward 
-E- ERROR: skipping specimen mc106b1, not enough measurements - moving forward 
-E- ERROR: skipping specimen mc106c1, not enough measurements - moving forward 
-E- ERROR: skipping specimen mc106d1, not enough measurements - moving forward 
-E- ERROR: skipping specimen mc106e1, not enough measurements - moving forward 
-E- ERROR: skipping specimen mc107c1, not enough measurements - moving forward 
-E- ERROR: skipping specimen mc107e1, not enough measurements - moving forward 
-E- ERROR: skipping specimen mc107h1, not enough measurements - moving forward 
-E- ERROR: skipping specimen mc107k1, not enough measurements - moving forward 
-E- ERROR: skipping specimen mc107l1, not enough measurements - moving forward 
-E- ERROR: skipping specimen mc108a1, not enough measurements - moving forward 
-E- ERROR: skipping specimen mc108b1, not enough measurements - moving forward 
-E- ERROR: skipping specimen mc108d1, not enough measurements - moving forward 
-E- ERROR: skipping specimen mc108g2, not enough measurements - moving forward 
-E- ERROR: skipping specimen mc108k1, not enough measurements - moving forward 
-E- ERROR: skipping specimen mc109a2, not enough measurements - moving forward 
-E- ERROR: skipping specimen mc109i1, not enough measurements - moving forward 
-E- ERROR: skipping specimen mc10c, not enough measurements - moving forward 
-E- ERROR: skipping specimen mc10e, not enough measurements - moving forward 
-E- ERROR: skipping specimen mc10f, not enough measurements - moving forward 
-E- ERROR: skipping specimen mc10g, not enough measurements - moving forward 
-E- ERROR: skipping specimen mc10h, not enough measurements - moving forward 
-E- ERROR: skipping specimen mc110a2, not enough measurements - moving forward 
-E- ERROR: skipping specimen mc110b2, not enough measurements - moving forward 
-E- ERROR: skipping specimen mc110d1, not enough measurements - moving forward 
-E- ERROR: skipping specimen mc110g1, not enough measurements - moving forward 
-E- ERROR: skipping specimen mc110i1, not enough measurements - moving forward 
-E- ERROR: skipping specimen mc111a2, not enough measurements - moving forward 
-E- ERROR: skipping specimen mc111b1, not enough measurements - moving forward 
-E- ERROR: skipping specimen mc111d1, not enough measurements - moving forward 
-E- ERROR: skipping specimen mc111e1, not enough measurements - moving forward 
-E- ERROR: skipping specimen mc111f1, not enough measurements - moving forward 
-E- ERROR: skipping specimen mc112a1, not enough measurements - moving forward 
-E- ERROR: skipping specimen mc112c2, not enough measurements - moving forward 
-E- ERROR: skipping specimen mc112d1, not enough measurements - moving forward 
-E- ERROR: skipping specimen mc112g1, not enough measurements - moving forward 
-E- ERROR: skipping specimen mc112h3, not enough measurements - moving forward 
-E- ERROR: skipping specimen mc112j1, not enough measurements - moving forward 
-E- ERROR: skipping specimen mc113a1, not enough measurements - moving forward 
-E- ERROR: skipping specimen mc113a1-1, not enough measurements - moving forward 
-E- ERROR: skipping specimen mc113b1, not enough measurements - moving forward 
-E- ERROR: skipping specimen mc113c1, not enough measurements - moving forward 
-E- ERROR: skipping specimen mc113e1, not enough measurements - moving forward 
-E- ERROR: skipping specimen mc113f1, not enough measurements - moving forward 
-E- ERROR: skipping specimen mc113g1, not enough measurements - moving forward 
-E- ERROR: skipping specimen mc113h1, not enough measurements - moving forward 
-E- ERROR: skipping specimen mc114a1, not enough measurements - moving forward 
-E- ERROR: skipping specimen mc114b2, not enough measurements - moving forward 
-E- ERROR: skipping specimen mc114c1, not enough measurements - moving forward 
-E- ERROR: skipping specimen mc114d2, not enough measurements - moving forward 
-E- ERROR: skipping specimen mc114e1, not enough measurements - moving forward 
-E- ERROR: skipping specimen mc114i1, not enough measurements - moving forward 
-E- ERROR: skipping specimen mc115a1, not enough measurements - moving forward 
-E- ERROR: skipping specimen mc115g2, not enough measurements - moving forward 
-E- ERROR: skipping specimen mc116a1, not enough measurements - moving forward 
-E- ERROR: skipping specimen mc116c1, not enough measurements - moving forward 
-E- ERROR: skipping specimen mc116i2, not enough measurements - moving forward 
-E- ERROR: skipping specimen mc117a2, not enough measurements - moving forward 
-E- ERROR: skipping specimen mc117a2-1, not enough measurements - moving forward 
-E- ERROR: skipping specimen mc117h1, not enough measurements - moving forward 
-E- ERROR: skipping specimen mc118a1, not enough measurements - moving forward 
-E- ERROR: skipping specimen mc118c1, not enough measurements - moving forward 
-E- ERROR: skipping specimen mc118d1, not enough measurements - moving forward 
-E- ERROR: skipping specimen mc118e1, not enough measurements - moving forward 
-E- ERROR: skipping specimen mc118f1, not enough measurements - moving forward 
-E- ERROR: skipping specimen mc118i1, not enough measurements - moving forward 
-E- ERROR: skipping specimen mc118l2, not enough measurements - moving forward 
-E- ERROR: skipping specimen mc119b2, not enough measurements - moving forward 
-E- ERROR: skipping specimen mc11a, not enough measurements - moving forward 
-E- ERROR: skipping specimen mc11d, not enough measurements - moving forward 
-E- ERROR: skipping specimen mc11f, not enough measurements - moving forward 
-E- ERROR: skipping specimen mc11g, not enough measurements - moving forward 
-E- ERROR: skipping specimen mc120a2, not enough measurements - moving forward 
-E- ERROR: skipping specimen mc120a2-1, not enough measurements - moving forward 
-E- ERROR: skipping specimen mc120j2, not enough measurements - moving forward 
-E- ERROR: skipping specimen mc120l1, not enough measurements - moving forward 
-E- ERROR: skipping specimen mc120m2, not enough measurements - moving forward 
-E- ERROR: skipping specimen mc121a1, not enough measurements - moving forward 
-E- ERROR: skipping specimen mc121c3, not enough measurements - moving forward 
-E- ERROR: skipping specimen mc121d2, not enough measurements - moving forward 
-E- ERROR: skipping specimen mc121e2, not enough measurements - moving forward 
-E- ERROR: skipping specimen mc121i1, not enough measurements - moving forward 
-E- ERROR: skipping specimen mc122a1, not enough measurements - moving forward 
-E- ERROR: skipping specimen mc122b1, not enough measurements - moving forward 
-E- ERROR: skipping specimen mc122c1, not enough measurements - moving forward 
-E- ERROR: skipping specimen mc122d1, not enough measurements - moving forward 
-E- ERROR: skipping specimen mc122k2, not enough measurements - moving forward 
-E- ERROR: skipping specimen mc123a1, not enough measurements - moving forward 
-E- ERROR: skipping specimen mc123c2, not enough measurements - moving forward 
-E- ERROR: skipping specimen mc123f1, not enough measurements - moving forward 
-E- ERROR: skipping specimen mc123j1, not enough measurements - moving forward 
-E- ERROR: skipping specimen mc124d1, not enough measurements - moving forward 
-E- ERROR: skipping specimen mc124f1, not enough measurements - moving forward 
-E- ERROR: skipping specimen mc124g1, not enough measurements - moving forward 
-E- ERROR: skipping specimen mc124h1, not enough measurements - moving forward 
-E- ERROR: skipping specimen mc124j1, not enough measurements - moving forward 
-E- ERROR: skipping specimen mc124l1, not enough measurements - moving forward 
-E- ERROR: skipping specimen mc125a1, not enough measurements - moving forward 
-E- ERROR: skipping specimen mc125b1, not enough measurements - moving forward 
-E- ERROR: skipping specimen mc125c1, not enough measurements - moving forward 
-E- ERROR: skipping specimen mc125e3, not enough measurements - moving forward 
-E- ERROR: skipping specimen mc125g1, not enough measurements - moving forward 
-E- ERROR: skipping specimen mc125m1, not enough measurements - moving forward 
-E- ERROR: skipping specimen mc126a2, not enough measurements - moving forward 
-E- ERROR: skipping specimen mc126c1, not enough measurements - moving forward 
-E- ERROR: skipping specimen mc126d1, not enough measurements - moving forward 
-E- ERROR: skipping specimen mc126e1, not enough measurements - moving forward 
-E- ERROR: skipping specimen mc126g1, not enough measurements - moving forward 
-E- ERROR: skipping specimen mc127a1, not enough measurements - moving forward 
-E- ERROR: skipping specimen mc127b1, not enough measurements - moving forward 
-E- ERROR: skipping specimen mc127f1, not enough measurements - moving forward 
-E- ERROR: skipping specimen mc127g2, not enough measurements - moving forward 
-E- ERROR: skipping specimen mc127i1, not enough measurements - moving forward 
-E- ERROR: skipping specimen mc128b1, not enough measurements - moving forward 
-E- ERROR: skipping specimen mc128d1, not enough measurements - moving forward 
-E- ERROR: skipping specimen mc128e2, not enough measurements - moving forward 
-E- ERROR: skipping specimen mc128f1, not enough measurements - moving forward 
-E- ERROR: skipping specimen mc128h1, not enough measurements - moving forward 
-E- ERROR: skipping specimen mc129a1, not enough measurements - moving forward 
-E- ERROR: skipping specimen mc129a1-1, not enough measurements - moving forward 
-E- ERROR: skipping specimen mc129f1, not enough measurements - moving forward 
-E- ERROR: skipping specimen mc129h2, not enough measurements - moving forward 
-E- ERROR: skipping specimen mc129j1, not enough measurements - moving forward 
-E- ERROR: skipping specimen mc130a2, not enough measurements - moving forward 
-E- ERROR: skipping specimen mc130b1, not enough measurements - moving forward 
-E- ERROR: skipping specimen mc130e1, not enough measurements - moving forward 
-E- ERROR: skipping specimen mc130g2, not enough measurements - moving forward 
-E- ERROR: skipping specimen mc130i2, not enough measurements - moving forward 
-E- ERROR: skipping specimen mc131a3, not enough measurements - moving forward 
-E- ERROR: skipping specimen mc131f1, not enough measurements - moving forward 
-E- ERROR: skipping specimen mc131k1, not enough measurements - moving forward 
-E- ERROR: skipping specimen mc132a1, not enough measurements - moving forward 
-E- ERROR: skipping specimen mc132c1, not enough measurements - moving forward 
-E- ERROR: skipping specimen mc132d1, not enough measurements - moving forward 
-E- ERROR: skipping specimen mc132e1, not enough measurements - moving forward 
-E- ERROR: skipping specimen mc132j2, not enough measurements - moving forward 
-E- ERROR: skipping specimen mc132l1, not enough measurements - moving forward 
-E- ERROR: skipping specimen mc133b2, not enough measurements - moving forward 
-E- ERROR: skipping specimen mc133d1, not enough measurements - moving forward 
-E- ERROR: skipping specimen mc133f2, not enough measurements - moving forward 
-E- ERROR: skipping specimen mc133h1, not enough measurements - moving forward 
-E- ERROR: skipping specimen mc133j1, not enough measurements - moving forward 
-E- ERROR: skipping specimen mc134a1, not enough measurements - moving forward 
-E- ERROR: skipping specimen mc134c1, not enough measurements - moving forward 
-E- ERROR: skipping specimen mc134e1, not enough measurements - moving forward 
-E- ERROR: skipping specimen mc134k1, not enough measurements - moving forward 
-E- ERROR: skipping specimen mc135b1, not enough measurements - moving forward 
-E- ERROR: skipping specimen mc135d2, not enough measurements - moving forward 
-E- ERROR: skipping specimen mc135e2, not enough measurements - moving forward 
-E- ERROR: skipping specimen mc135h2, not enough measurements - moving forward 
-E- ERROR: skipping specimen mc135i2, not enough measurements - moving forward 
-E- ERROR: skipping specimen mc136a1, not enough measurements - moving forward 
-E- ERROR: skipping specimen mc136c1, not enough measurements - moving forward 
-E- ERROR: skipping specimen mc136d1, not enough measurements - moving forward 
-E- ERROR: skipping specimen mc136d2, not enough measurements - moving forward 
-E- ERROR: skipping specimen mc136e1, not enough measurements - moving forward 
-E- ERROR: skipping specimen mc136g1, not enough measurements - moving forward 
-E- ERROR: skipping specimen mc136i1, not enough measurements - moving forward 
-E- ERROR: skipping specimen mc137a1, not enough measurements - moving forward 
-E- ERROR: skipping specimen mc137d1, not enough measurements - moving forward 
-E- ERROR: skipping specimen mc137h1, not enough measurements - moving forward 
-E- ERROR: skipping specimen mc137j2, not enough measurements - moving forward 
-E- ERROR: skipping specimen mc137l1, not enough measurements - moving forward 
-E- ERROR: skipping specimen mc138a1, not enough measurements - moving forward 
-E- ERROR: skipping specimen mc138b1, not enough measurements - moving forward 
-E- ERROR: skipping specimen mc138d1, not enough measurements - moving forward 
-E- ERROR: skipping specimen mc138g1, not enough measurements - moving forward 
-E- ERROR: skipping specimen mc138h1, not enough measurements - moving forward 
-E- ERROR: skipping specimen mc139a2, not enough measurements - moving forward 
-E- ERROR: skipping specimen mc139d1, not enough measurements - moving forward 
-E- ERROR: skipping specimen mc139e1, not enough measurements - moving forward 
-E- ERROR: skipping specimen mc139h1, not enough measurements - moving forward 
-E- ERROR: skipping specimen mc139j2, not enough measurements - moving forward 
-E- ERROR: skipping specimen mc13e, not enough measurements - moving forward 
-E- ERROR: skipping specimen mc13f, not enough measurements - moving forward 
-E- ERROR: skipping specimen mc13g, not enough measurements - moving forward 
-E- ERROR: skipping specimen mc13h, not enough measurements - moving forward 
-E- ERROR: skipping specimen mc140e1, not enough measurements - moving forward 
-E- ERROR: skipping specimen mc140g1, not enough measurements - moving forward 
-E- ERROR: skipping specimen mc140h1, not enough measurements - moving forward 
-E- ERROR: skipping specimen mc140j1, not enough measurements - moving forward 
-E- ERROR: skipping specimen mc141b2, not enough measurements - moving forward 
-E- ERROR: skipping specimen mc141g1, not enough measurements - moving forward 
-E- ERROR: skipping specimen mc141h3, not enough measurements - moving forward 
-E- ERROR: skipping specimen mc141k2, not enough measurements - moving forward 
-E- ERROR: skipping specimen mc141l1, not enough measurements - moving forward 
-E- ERROR: skipping specimen mc142b2, not enough measurements - moving forward 
-E- ERROR: skipping specimen mc142c2, not enough measurements - moving forward 
-E- ERROR: skipping specimen mc142e1, not enough measurements - moving forward 
-E- ERROR: skipping specimen mc142i2, not enough measurements - moving forward 
-E- ERROR: skipping specimen mc142k1, not enough measurements - moving forward 
-E- ERROR: skipping specimen mc143a1, not enough measurements - moving forward 
-E- ERROR: skipping specimen mc143b1, not enough measurements - moving forward 
-E- ERROR: skipping specimen mc143c1, not enough measurements - moving forward 
-E- ERROR: skipping specimen mc143d2, not enough measurements - moving forward 
-E- ERROR: skipping specimen mc143g1, not enough measurements - moving forward 
-E- ERROR: skipping specimen mc143h1, not enough measurements - moving forward 
-E- ERROR: skipping specimen mc143i1, not enough measurements - moving forward 
-E- ERROR: skipping specimen mc144a1, not enough measurements - moving forward 
-E- ERROR: skipping specimen mc144b1, not enough measurements - moving forward 
-E- ERROR: skipping specimen mc144d1, not enough measurements - moving forward 
-E- ERROR: skipping specimen mc144h2, not enough measurements - moving forward 
-E- ERROR: skipping specimen mc144j1, not enough measurements - moving forward 
-E- ERROR: skipping specimen mc145b1, not enough measurements - moving forward 
-E- ERROR: skipping specimen mc145c1, not enough measurements - moving forward 
-E- ERROR: skipping specimen mc145i1, not enough measurements - moving forward 
-E- ERROR: skipping specimen mc145j1, not enough measurements - moving forward 
-E- ERROR: skipping specimen mc146a1, not enough measurements - moving forward 
-E- ERROR: skipping specimen mc146d1, not enough measurements - moving forward 
-E- ERROR: skipping specimen mc146h1, not enough measurements - moving forward 
-E- ERROR: skipping specimen mc146j1, not enough measurements - moving forward 
-E- ERROR: skipping specimen mc146k1, not enough measurements - moving forward 
-E- ERROR: skipping specimen mc147c1, not enough measurements - moving forward 
-E- ERROR: skipping specimen mc148a1, not enough measurements - moving forward 
-E- ERROR: skipping specimen mc148b1, not enough measurements - moving forward 
-E- ERROR: skipping specimen mc148c1, not enough measurements - moving forward 
-E- ERROR: skipping specimen mc148f1, not enough measurements - moving forward 
-E- ERROR: skipping specimen mc148k1, not enough measurements - moving forward 
-E- ERROR: skipping specimen mc149a1, not enough measurements - moving forward 
-E- ERROR: skipping specimen mc14a, not enough measurements - moving forward 
-E- ERROR: skipping specimen mc14e, not enough measurements - moving forward 
-E- ERROR: skipping specimen mc14f, not enough measurements - moving forward 
-E- ERROR: skipping specimen mc14g, not enough measurements - moving forward 
-E- ERROR: skipping specimen mc150b1, not enough measurements - moving forward 
-E- ERROR: skipping specimen mc150c1, not enough measurements - moving forward 
-E- ERROR: skipping specimen mc150e1, not enough measurements - moving forward 
-E- ERROR: skipping specimen mc150f1, not enough measurements - moving forward 
-E- ERROR: skipping specimen mc150g1, not enough measurements - moving forward 
-E- ERROR: skipping specimen mc152a1, not enough measurements - moving forward 
-E- ERROR: skipping specimen mc152b1, not enough measurements - moving forward 
-E- ERROR: skipping specimen mc152c1, not enough measurements - moving forward 
-E- ERROR: skipping specimen mc152i1, not enough measurements - moving forward 
-E- ERROR: skipping specimen mc152k1, not enough measurements - moving forward 
-E- ERROR: skipping specimen mc153a2, not enough measurements - moving forward 
-E- ERROR: skipping specimen mc153e1, not enough measurements - moving forward 
-E- ERROR: skipping specimen mc153i1, not enough measurements - moving forward 
-E- ERROR: skipping specimen mc153j1, not enough measurements - moving forward 
-E- ERROR: skipping specimen mc153m1, not enough measurements - moving forward 
-E- ERROR: skipping specimen mc154a1, not enough measurements - moving forward 
-E- ERROR: skipping specimen mc154b1, not enough measurements - moving forward 
-E- ERROR: skipping specimen mc154e1, not enough measurements - moving forward 
-E- ERROR: skipping specimen mc154f1, not enough measurements - moving forward 
-E- ERROR: skipping specimen mc154h1, not enough measurements - moving forward 
-E- ERROR: skipping specimen mc155a1, not enough measurements - moving forward 
-E- ERROR: skipping specimen mc155b1, not enough measurements - moving forward 
-E- ERROR: skipping specimen mc155e2, not enough measurements - moving forward 
-E- ERROR: skipping specimen mc155g1, not enough measurements - moving forward 
-E- ERROR: skipping specimen mc155i1, not enough measurements - moving forward 
-E- ERROR: skipping specimen mc156a1, not enough measurements - moving forward 
-E- ERROR: skipping specimen mc156c1, not enough measurements - moving forward 
-E- ERROR: skipping specimen mc156f1, not enough measurements - moving forward 
-E- ERROR: skipping specimen mc156g1, not enough measurements - moving forward 
-E- ERROR: skipping specimen mc156h1, not enough measurements - moving forward 
-E- ERROR: skipping specimen mc157a2, not enough measurements - moving forward 
-E- ERROR: skipping specimen mc157b2, not enough measurements - moving forward 
-E- ERROR: skipping specimen mc157f1, not enough measurements - moving forward 
-E- ERROR: skipping specimen mc157j1, not enough measurements - moving forward 
-E- ERROR: skipping specimen mc157k1, not enough measurements - moving forward 
-E- ERROR: skipping specimen mc158b2, not enough measurements - moving forward 
-E- ERROR: skipping specimen mc158c1, not enough measurements - moving forward 
-E- ERROR: skipping specimen mc158d1, not enough measurements - moving forward 
-E- ERROR: skipping specimen mc158f1, not enough measurements - moving forward 
-E- ERROR: skipping specimen mc158h1, not enough measurements - moving forward 
-E- ERROR: skipping specimen mc15e, not enough measurements - moving forward 
-E- ERROR: skipping specimen mc15f, not enough measurements - moving forward 
-E- ERROR: skipping specimen mc15g, not enough measurements - moving forward 
-E- ERROR: skipping specimen mc160a2, not enough measurements - moving forward 
-E- ERROR: skipping specimen mc160b1, not enough measurements - moving forward 
-E- ERROR: skipping specimen mc160c1, not enough measurements - moving forward 
-E- ERROR: skipping specimen mc160e2, not enough measurements - moving forward 
-E- ERROR: skipping specimen mc160j1, not enough measurements - moving forward 
-E- ERROR: skipping specimen mc161a1, not enough measurements - moving forward 
-E- ERROR: skipping specimen mc161e1, not enough measurements - moving forward 
-E- ERROR: skipping specimen mc161f1, not enough measurements - moving forward 
-E- ERROR: skipping specimen mc161j1, not enough measurements - moving forward 
-E- ERROR: skipping specimen mc161k1, not enough measurements - moving forward 
-E- ERROR: skipping specimen mc162b2, not enough measurements - moving forward 
-E- ERROR: skipping specimen mc162f1, not enough measurements - moving forward 
-E- ERROR: skipping specimen mc162g1, not enough measurements - moving forward 
-E- ERROR: skipping specimen mc162i1, not enough measurements - moving forward 
-E- ERROR: skipping specimen mc162j1, not enough measurements - moving forward 
-E- ERROR: skipping specimen mc163a1, not enough measurements - moving forward 
-E- ERROR: skipping specimen mc163b1, not enough measurements - moving forward 
-E- ERROR: skipping specimen mc163c1, not enough measurements - moving forward 
-E- ERROR: skipping specimen mc163e1, not enough measurements - moving forward 
-E- ERROR: skipping specimen mc163f1, not enough measurements - moving forward 
-E- ERROR: skipping specimen mc164a2, not enough measurements - moving forward 
-E- ERROR: skipping specimen mc164a2-1, not enough measurements - moving forward 
-E- ERROR: skipping specimen mc164g2, not enough measurements - moving forward 
-E- ERROR: skipping specimen mc164h1, not enough measurements - moving forward 
-E- ERROR: skipping specimen mc164i1, not enough measurements - moving forward 
-E- ERROR: skipping specimen mc164l2, not enough measurements - moving forward 
-E- ERROR: skipping specimen mc165a1, not enough measurements - moving forward 
-E- ERROR: skipping specimen mc165b2, not enough measurements - moving forward 
-E- ERROR: skipping specimen mc165c2, not enough measurements - moving forward 
-E- ERROR: skipping specimen mc165g1, not enough measurements - moving forward 
-E- ERROR: skipping specimen mc166a1, not enough measurements - moving forward 
-E- ERROR: skipping specimen mc166b2, not enough measurements - moving forward 
-E- ERROR: skipping specimen mc166c2, not enough measurements - moving forward 
-E- ERROR: skipping specimen mc166i1, not enough measurements - moving forward 
-E- ERROR: skipping specimen mc167a1, not enough measurements - moving forward 
-E- ERROR: skipping specimen mc167e1, not enough measurements - moving forward 
-E- ERROR: skipping specimen mc167f2, not enough measurements - moving forward 
-E- ERROR: skipping specimen mc167h1, not enough measurements - moving forward 
-E- ERROR: skipping specimen mc167j1, not enough measurements - moving forward 
-E- ERROR: skipping specimen mc168c1, not enough measurements - moving forward 
-E- ERROR: skipping specimen mc168h1, not enough measurements - moving forward 
-E- ERROR: skipping specimen mc168i1, not enough measurements - moving forward 
-E- ERROR: skipping specimen mc168j1, not enough measurements - moving forward 
-E- ERROR: skipping specimen mc168k1, not enough measurements - moving forward 
-E- ERROR: skipping specimen mc170a1, not enough measurements - moving forward 
-E- ERROR: skipping specimen mc170c2, not enough measurements - moving forward 
-E- ERROR: skipping specimen mc170d1, not enough measurements - moving forward 
-E- ERROR: skipping specimen mc170e2, not enough measurements - moving forward 
-E- ERROR: skipping specimen mc170f1, not enough measurements - moving forward 
-E- ERROR: skipping specimen mc19a, not enough measurements - moving forward 
-E- ERROR: skipping specimen mc19c, not enough measurements - moving forward 
-E- ERROR: skipping specimen mc19d, not enough measurements - moving forward 
-E- ERROR: skipping specimen mc19e, not enough measurements - moving forward 
-E- ERROR: skipping specimen mc19f, not enough measurements - moving forward 
-E- ERROR: skipping specimen mc19g, not enough measurements - moving forward 
-E- ERROR: skipping specimen mc200a1, not enough measurements - moving forward 
-E- ERROR: skipping specimen mc200a2, not enough measurements - moving forward 
-E- ERROR: skipping specimen mc200b2, not enough measurements - moving forward 
-E- ERROR: skipping specimen mc200c2, not enough measurements - moving forward 
-E- ERROR: skipping specimen mc200d2, not enough measurements - moving forward 
-E- ERROR: skipping specimen mc201a1, not enough measurements - moving forward 
-E- ERROR: skipping specimen mc201b2, not enough measurements - moving forward 
-E- ERROR: skipping specimen mc201c1, not enough measurements - moving forward 
-E- ERROR: skipping specimen mc201d1, not enough measurements - moving forward 
-E- ERROR: skipping specimen mc201e1, not enough measurements - moving forward 
-E- ERROR: skipping specimen mc201j1, not enough measurements - moving forward 
-E- ERROR: skipping specimen mc202a1, not enough measurements - moving forward 
-E- ERROR: skipping specimen mc202c1, not enough measurements - moving forward 
-E- ERROR: skipping specimen mc202d1, not enough measurements - moving forward 
-E- ERROR: skipping specimen mc202f1, not enough measurements - moving forward 
-E- ERROR: skipping specimen mc202h1, not enough measurements - moving forward 
-E- ERROR: skipping specimen mc202j1, not enough measurements - moving forward 
-E- ERROR: skipping specimen mc203a1, not enough measurements - moving forward 
-E- ERROR: skipping specimen mc203c1, not enough measurements - moving forward 
-E- ERROR: skipping specimen mc203d1, not enough measurements - moving forward 
-E- ERROR: skipping specimen mc203g1, not enough measurements - moving forward 
-E- ERROR: skipping specimen mc203h1, not enough measurements - moving forward 
-E- ERROR: skipping specimen mc204a1, not enough measurements - moving forward 
-E- ERROR: skipping specimen mc204c1, not enough measurements - moving forward 
-E- ERROR: skipping specimen mc204h1, not enough measurements - moving forward 
-E- ERROR: skipping specimen mc204k1, not enough measurements - moving forward 
-E- ERROR: skipping specimen mc204l1, not enough measurements - moving forward 
-E- ERROR: skipping specimen mc205a1, not enough measurements - moving forward 
-E- ERROR: skipping specimen mc205a1-1, not enough measurements - moving forward 
-E- ERROR: skipping specimen mc205c1, not enough measurements - moving forward 
-E- ERROR: skipping specimen mc205d1, not enough measurements - moving forward 
-E- ERROR: skipping specimen mc205e1, not enough measurements - moving forward 
-E- ERROR: skipping specimen mc205h2, not enough measurements - moving forward 
-E- ERROR: skipping specimen mc206a1, not enough measurements - moving forward 
-E- ERROR: skipping specimen mc206g1, not enough measurements - moving forward 
-E- ERROR: skipping specimen mc206h1, not enough measurements - moving forward 
-E- ERROR: skipping specimen mc206i1, not enough measurements - moving forward 
-E- ERROR: skipping specimen mc206k1, not enough measurements - moving forward 
-E- ERROR: skipping specimen mc207a1, not enough measurements - moving forward 
-E- ERROR: skipping specimen mc207d1, not enough measurements - moving forward 
-E- ERROR: skipping specimen mc207g2, not enough measurements - moving forward 
-E- ERROR: skipping specimen mc207h2, not enough measurements - moving forward 
-E- ERROR: skipping specimen mc207k2, not enough measurements - moving forward 
-E- ERROR: skipping specimen mc208a1, not enough measurements - moving forward 
-E- ERROR: skipping specimen mc208c2, not enough measurements - moving forward 
-E- ERROR: skipping specimen mc208d2, not enough measurements - moving forward 
-E- ERROR: skipping specimen mc208e2, not enough measurements - moving forward 
-E- ERROR: skipping specimen mc208f2, not enough measurements - moving forward 
-E- ERROR: skipping specimen mc209a1, not enough measurements - moving forward 
-E- ERROR: skipping specimen mc209b2, not enough measurements - moving forward 
-E- ERROR: skipping specimen mc209c2, not enough measurements - moving forward 
-E- ERROR: skipping specimen mc209e2, not enough measurements - moving forward 
-E- ERROR: skipping specimen mc209f1, not enough measurements - moving forward 
-E- ERROR: skipping specimen mc20a, not enough measurements - moving forward 
-E- ERROR: skipping specimen mc20b, not enough measurements - moving forward 
-E- ERROR: skipping specimen mc20c, not enough measurements - moving forward 
-E- ERROR: skipping specimen mc20e, not enough measurements - moving forward 
-E- ERROR: skipping specimen mc20f, not enough measurements - moving forward 
-E- ERROR: skipping specimen mc210a2, not enough measurements - moving forward 
-E- ERROR: skipping specimen mc210b2, not enough measurements - moving forward 
-E- ERROR: skipping specimen mc210c2, not enough measurements - moving forward 
-E- ERROR: skipping specimen mc210e1, not enough measurements - moving forward 
-E- ERROR: skipping specimen mc210i2, not enough measurements - moving forward 
-E- ERROR: skipping specimen mc211a1, not enough measurements - moving forward 
-E- ERROR: skipping specimen mc211b2, not enough measurements - moving forward 
-E- ERROR: skipping specimen mc211e2, not enough measurements - moving forward 
-E- ERROR: skipping specimen mc211g2, not enough measurements - moving forward 
-E- ERROR: skipping specimen mc212a1, not enough measurements - moving forward 
-E- ERROR: skipping specimen mc212b2, not enough measurements - moving forward 
-E- ERROR: skipping specimen mc212c2, not enough measurements - moving forward 
-E- ERROR: skipping specimen mc212d2, not enough measurements - moving forward 
-E- ERROR: skipping specimen mc212g2, not enough measurements - moving forward 
-E- ERROR: skipping specimen mc213e2, not enough measurements - moving forward 
-E- ERROR: skipping specimen mc213f2, not enough measurements - moving forward 
-E- ERROR: skipping specimen mc213g2, not enough measurements - moving forward 
-E- ERROR: skipping specimen mc213h2, not enough measurements - moving forward 
-E- ERROR: skipping specimen mc213i2, not enough measurements - moving forward 
-E- ERROR: skipping specimen mc214a2, not enough measurements - moving forward 
-E- ERROR: skipping specimen mc214b2, not enough measurements - moving forward 
-E- ERROR: skipping specimen mc214d2, not enough measurements - moving forward 
-E- ERROR: skipping specimen mc214g2, not enough measurements - moving forward 
-E- ERROR: skipping specimen mc214j2, not enough measurements - moving forward 
-E- ERROR: skipping specimen mc215a2, not enough measurements - moving forward 
-E- ERROR: skipping specimen mc215c2, not enough measurements - moving forward 
-E- ERROR: skipping specimen mc215d2, not enough measurements - moving forward 
-E- ERROR: skipping specimen mc215h2, not enough measurements - moving forward 
-E- ERROR: skipping specimen mc215i1, not enough measurements - moving forward 
-E- ERROR: skipping specimen mc216a2, not enough measurements - moving forward 
-E- ERROR: skipping specimen mc216c2, not enough measurements - moving forward 
-E- ERROR: skipping specimen mc216f2, not enough measurements - moving forward 
-E- ERROR: skipping specimen mc216g2, not enough measurements - moving forward 
-E- ERROR: skipping specimen mc216h2, not enough measurements - moving forward 
-E- ERROR: skipping specimen mc217a2, not enough measurements - moving forward 
-E- ERROR: skipping specimen mc217a2-1, not enough measurements - moving forward 
-E- ERROR: skipping specimen mc217b2, not enough measurements - moving forward 
-E- ERROR: skipping specimen mc217c2, not enough measurements - moving forward 
-E- ERROR: skipping specimen mc217d2, not enough measurements - moving forward 
-E- ERROR: skipping specimen mc217e2, not enough measurements - moving forward 
-E- ERROR: skipping specimen mc218a2, not enough measurements - moving forward 
-E- ERROR: skipping specimen mc218b2, not enough measurements - moving forward 
-E- ERROR: skipping specimen mc218d2, not enough measurements - moving forward 
-E- ERROR: skipping specimen mc218i2, not enough measurements - moving forward 
-E- ERROR: skipping specimen mc218j2, not enough measurements - moving forward 
-E- ERROR: skipping specimen mc219a2, not enough measurements - moving forward 
-E- ERROR: skipping specimen mc219b2, not enough measurements - moving forward 
-E- ERROR: skipping specimen mc219c2, not enough measurements - moving forward 
-E- ERROR: skipping specimen mc219d2, not enough measurements - moving forward 
-E- ERROR: skipping specimen mc219e2, not enough measurements - moving forward 
-E- ERROR: skipping specimen mc21d, not enough measurements - moving forward 
-E- ERROR: skipping specimen mc21f, not enough measurements - moving forward 
-E- ERROR: skipping specimen mc21g, not enough measurements - moving forward 
-E- ERROR: skipping specimen mc21h, not enough measurements - moving forward 
-E- ERROR: skipping specimen mc220a2, not enough measurements - moving forward 
-E- ERROR: skipping specimen mc220b2, not enough measurements - moving forward 
-E- ERROR: skipping specimen mc220c2, not enough measurements - moving forward 
-E- ERROR: skipping specimen mc220d2, not enough measurements - moving forward 
-E- ERROR: skipping specimen mc220f2, not enough measurements - moving forward 
-E- ERROR: skipping specimen mc221c1, not enough measurements - moving forward 
-E- ERROR: skipping specimen mc221d2, not enough measurements - moving forward 
-E- ERROR: skipping specimen mc221h2, not enough measurements - moving forward 
-E- ERROR: skipping specimen mc221i2, not enough measurements - moving forward 
-E- ERROR: skipping specimen mc221j2, not enough measurements - moving forward 
-E- ERROR: skipping specimen mc222a1, not enough measurements - moving forward 
-E- ERROR: skipping specimen mc222c1, not enough measurements - moving forward 
-E- ERROR: skipping specimen mc222e1, not enough measurements - moving forward 
-E- ERROR: skipping specimen mc222h2, not enough measurements - moving forward 
-E- ERROR: skipping specimen mc222j2, not enough measurements - moving forward 
-E- ERROR: skipping specimen mc223a2, not enough measurements - moving forward 
-E- ERROR: skipping specimen mc223c1, not enough measurements - moving forward 
-E- ERROR: skipping specimen mc223d1, not enough measurements - moving forward 
-E- ERROR: skipping specimen mc223e1, not enough measurements - moving forward 
-E- ERROR: skipping specimen mc223f1, not enough measurements - moving forward 
-E- ERROR: skipping specimen mc224a1, not enough measurements - moving forward 
-E- ERROR: skipping specimen mc224b2, not enough measurements - moving forward 
-E- ERROR: skipping specimen mc224c2, not enough measurements - moving forward 
-E- ERROR: skipping specimen mc224e2, not enough measurements - moving forward 
-E- ERROR: skipping specimen mc224f2, not enough measurements - moving forward 
-E- ERROR: skipping specimen mc225a2, not enough measurements - moving forward 
-E- ERROR: skipping specimen mc225c2, not enough measurements - moving forward 
-E- ERROR: skipping specimen mc225d2, not enough measurements - moving forward 
-E- ERROR: skipping specimen mc225f2, not enough measurements - moving forward 
-E- ERROR: skipping specimen mc225g2, not enough measurements - moving forward 
-E- ERROR: skipping specimen mc226a1, not enough measurements - moving forward 
-E- ERROR: skipping specimen mc226b2, not enough measurements - moving forward 
-E- ERROR: skipping specimen mc226d2, not enough measurements - moving forward 
-E- ERROR: skipping specimen mc226f2, not enough measurements - moving forward 
-E- ERROR: skipping specimen mc226g2, not enough measurements - moving forward 
-E- ERROR: skipping specimen mc227b2, not enough measurements - moving forward 
-E- ERROR: skipping specimen mc227c2, not enough measurements - moving forward 
-E- ERROR: skipping specimen mc227d2, not enough measurements - moving forward 
-E- ERROR: skipping specimen mc227f2, not enough measurements - moving forward 
-E- ERROR: skipping specimen mc227h2, not enough measurements - moving forward 
-E- ERROR: skipping specimen mc228a2, not enough measurements - moving forward 
-E- ERROR: skipping specimen mc228b2, not enough measurements - moving forward 
-E- ERROR: skipping specimen mc228d2, not enough measurements - moving forward 
-E- ERROR: skipping specimen mc228e2, not enough measurements - moving forward 
-E- ERROR: skipping specimen mc228g2, not enough measurements - moving forward 
-E- ERROR: skipping specimen mc229a2, not enough measurements - moving forward 
-E- ERROR: skipping specimen mc229b2, not enough measurements - moving forward 
-E- ERROR: skipping specimen mc229e2, not enough measurements - moving forward 
-E- ERROR: skipping specimen mc229g2, not enough measurements - moving forward 
-E- ERROR: skipping specimen mc229h2, not enough measurements - moving forward 
-E- ERROR: skipping specimen mc26b, not enough measurements - moving forward 
-E- ERROR: skipping specimen mc26f, not enough measurements - moving forward 
-E- ERROR: skipping specimen mc26g, not enough measurements - moving forward 
-E- ERROR: skipping specimen mc26h, not enough measurements - moving forward 
-E- ERROR: skipping specimen mc28d, not enough measurements - moving forward 
-E- ERROR: skipping specimen mc28e, not enough measurements - moving forward 
-E- ERROR: skipping specimen mc28g, not enough measurements - moving forward 
-E- ERROR: skipping specimen mc28h, not enough measurements - moving forward 
-E- ERROR: skipping specimen mc29a, not enough measurements - moving forward 
-E- ERROR: skipping specimen mc29b, not enough measurements - moving forward 
-E- ERROR: skipping specimen mc29c, not enough measurements - moving forward 
-E- ERROR: skipping specimen mc29e, not enough measurements - moving forward 
-E- ERROR: skipping specimen mc29f, not enough measurements - moving forward 
-E- ERROR: skipping specimen mc29g, not enough measurements - moving forward 
-E- ERROR: skipping specimen mc29h, not enough measurements - moving forward 
-E- ERROR: skipping specimen mc30c, not enough measurements - moving forward 
-E- ERROR: skipping specimen mc30f, not enough measurements - moving forward 
-E- ERROR: skipping specimen mc30g, not enough measurements - moving forward 
-E- ERROR: skipping specimen mc30h, not enough measurements - moving forward 
-E- ERROR: skipping specimen mc31c, not enough measurements - moving forward 
-E- ERROR: skipping specimen mc31d, not enough measurements - moving forward 
-E- ERROR: skipping specimen mc31f, not enough measurements - moving forward 
-E- ERROR: skipping specimen mc31h, not enough measurements - moving forward 
-E- ERROR: skipping specimen mc32c, not enough measurements - moving forward 
-E- ERROR: skipping specimen mc32f, not enough measurements - moving forward 
-E- ERROR: skipping specimen mc32g, not enough measurements - moving forward 
-E- ERROR: skipping specimen mc32h, not enough measurements - moving forward 
-E- ERROR: skipping specimen mc33a, not enough measurements - moving forward 
-E- ERROR: skipping specimen mc33d, not enough measurements - moving forward 
-E- ERROR: skipping specimen mc33f, not enough measurements - moving forward 
-E- ERROR: skipping specimen mc33g, not enough measurements - moving forward 
-E- ERROR: skipping specimen mc33h, not enough measurements - moving forward 
-E- ERROR: skipping specimen mc34a, not enough measurements - moving forward 
-E- ERROR: skipping specimen mc34b, not enough measurements - moving forward 
-E- ERROR: skipping specimen mc34d, not enough measurements - moving forward 
-E- ERROR: skipping specimen mc34e, not enough measurements - moving forward 
-E- ERROR: skipping specimen mc34f, not enough measurements - moving forward 
-E- ERROR: skipping specimen mc34h, not enough measurements - moving forward 
-E- ERROR: skipping specimen mc35e, not enough measurements - moving forward 
-E- ERROR: skipping specimen mc35f, not enough measurements - moving forward 
-E- ERROR: skipping specimen mc35g, not enough measurements - moving forward 
-E- ERROR: skipping specimen mc35h, not enough measurements - moving forward 
-E- ERROR: skipping specimen mc36c, not enough measurements - moving forward 
-E- ERROR: skipping specimen mc36d, not enough measurements - moving forward 
-E- ERROR: skipping specimen mc36f, not enough measurements - moving forward 
-E- ERROR: skipping specimen mc36g, not enough measurements - moving forward 
-E- ERROR: skipping specimen mc37a, not enough measurements - moving forward 
-E- ERROR: skipping specimen mc37b, not enough measurements - moving forward 
-E- ERROR: skipping specimen mc37f, not enough measurements - moving forward 
-E- ERROR: skipping specimen mc37g, not enough measurements - moving forward 
-E- ERROR: skipping specimen mc38a, not enough measurements - moving forward 
-E- ERROR: skipping specimen mc38b, not enough measurements - moving forward 
-E- ERROR: skipping specimen mc38c, not enough measurements - moving forward 
-E- ERROR: skipping specimen mc38e, not enough measurements - moving forward 
-E- ERROR: skipping specimen mc38f, not enough measurements - moving forward 
-E- ERROR: skipping specimen mc38h, not enough measurements - moving forward 
-E- ERROR: skipping specimen mc39d, not enough measurements - moving forward 
-E- ERROR: skipping specimen mc39e, not enough measurements - moving forward 
-E- ERROR: skipping specimen mc39f, not enough measurements - moving forward 
-E- ERROR: skipping specimen mc39g, not enough measurements - moving forward 
-E- ERROR: skipping specimen mc39h, not enough measurements - moving forward 
-E- ERROR: skipping specimen mc40c, not enough measurements - moving forward 
-E- ERROR: skipping specimen mc40f, not enough measurements - moving forward 
-E- ERROR: skipping specimen mc40g, not enough measurements - moving forward 
-E- ERROR: skipping specimen mc40h, not enough measurements - moving forward 
-E- ERROR: skipping specimen mc41a, not enough measurements - moving forward 
-E- ERROR: skipping specimen mc41b, not enough measurements - moving forward 
-E- ERROR: skipping specimen mc41c, not enough measurements - moving forward 
-E- ERROR: skipping specimen mc41d, not enough measurements - moving forward 
-E- ERROR: skipping specimen mc41e, not enough measurements - moving forward 
-E- ERROR: skipping specimen mc41f, not enough measurements - moving forward 
-E- ERROR: skipping specimen mc42b, not enough measurements - moving forward 
-E- ERROR: skipping specimen mc42d, not enough measurements - moving forward 
-E- ERROR: skipping specimen mc42f, not enough measurements - moving forward 
-E- ERROR: skipping specimen mc42h, not enough measurements - moving forward 
-E- ERROR: skipping specimen mc43a, not enough measurements - moving forward 
-E- ERROR: skipping specimen mc43b, not enough measurements - moving forward 
-E- ERROR: skipping specimen mc43c, not enough measurements - moving forward 
-E- ERROR: skipping specimen mc43e, not enough measurements - moving forward 
-E- ERROR: skipping specimen mc43g, not enough measurements - moving forward 
-E- ERROR: skipping specimen mc44c, not enough measurements - moving forward 
-E- ERROR: skipping specimen mc44d, not enough measurements - moving forward 
-E- ERROR: skipping specimen mc44e, not enough measurements - moving forward 
-E- ERROR: skipping specimen mc44f, not enough measurements - moving forward 
-E- ERROR: skipping specimen mc48c, not enough measurements - moving forward 
-E- ERROR: skipping specimen mc48d, not enough measurements - moving forward 
-E- ERROR: skipping specimen mc48e, not enough measurements - moving forward 
-E- ERROR: skipping specimen mc48h, not enough measurements - moving forward 
-E- ERROR: skipping specimen mc49a, not enough measurements - moving forward 
-E- ERROR: skipping specimen mc49b, not enough measurements - moving forward 
-E- ERROR: skipping specimen mc49c, not enough measurements - moving forward 
-E- ERROR: skipping specimen mc49d, not enough measurements - moving forward 
-E- ERROR: skipping specimen mc49g, not enough measurements - moving forward 
-E- ERROR: skipping specimen mc49h, not enough measurements - moving forward 
-E- ERROR: skipping specimen mc50c, not enough measurements - moving forward 
-E- ERROR: skipping specimen mc50d, not enough measurements - moving forward 
-E- ERROR: skipping specimen mc50g, not enough measurements - moving forward 
-E- ERROR: skipping specimen mc50h, not enough measurements - moving forward 
-I- number of specimens in this project directory: 1046
-I- number of samples in this project directory: 899
-I- Read pmag_specimens.txt for previous interpretation-I- reading redo file and processing new temperature bounds-I- Read pmag_specimens.txt for previous interpretation