-I- Using cached 3.0 data model
-I- Using cached method codes
-I- Using cached vocabularies
-I- Importing suggested vocabularies from https://earthref.org
-I- Using cached suggested vocabularies
-I- can't find zeq_gui_preferences file, using defualt
finished get_preferences
getting data info
data model: 3.0
aaa
bbbb
-E- ERROR: specimen mgf13b01 has more than one demagnetization experiment name. You need to merge them to one experiment-name?
-E- ERROR: specimen mgf13b02 has more than one demagnetization experiment name. You need to merge them to one experiment-name?
-E- ERROR: specimen mgh03b01 has more than one demagnetization experiment name. You need to merge them to one experiment-name?
-E- ERROR: specimen mgh03b02 has more than one demagnetization experiment name. You need to merge them to one experiment-name?
-E- ERROR: specimen mgh03d03 has more than one demagnetization experiment name. You need to merge them to one experiment-name?
-E- ERROR: specimen mgh07b04 has more than one demagnetization experiment name. You need to merge them to one experiment-name?
-E- ERROR: specimen mgh07b05 has more than one demagnetization experiment name. You need to merge them to one experiment-name?
-E- ERROR: specimen mgh07b06 has more than one demagnetization experiment name. You need to merge them to one experiment-name?
-E- ERROR: specimen mgh07d01 has more than one demagnetization experiment name. You need to merge them to one experiment-name?
-E- ERROR: specimen mgj04a04 has more than one demagnetization experiment name. You need to merge them to one experiment-name?
-E- ERROR: specimen mgk06a03 has more than one demagnetization experiment name. You need to merge them to one experiment-name?
-E- ERROR: specimen mgk06a04 has more than one demagnetization experiment name. You need to merge them to one experiment-name?
-E- ERROR: specimen mgk06a05 has more than one demagnetization experiment name. You need to merge them to one experiment-name?
-E- ERROR: specimen mgk06a06 has more than one demagnetization experiment name. You need to merge them to one experiment-name?
-E- ERROR: specimen mgk06a07 has more than one demagnetization experiment name. You need to merge them to one experiment-name?
-E- ERROR: specimen mgk06c04 has more than one demagnetization experiment name. You need to merge them to one experiment-name?
-E- ERROR: specimen mgk06c05 has more than one demagnetization experiment name. You need to merge them to one experiment-name?
-E- ERROR: specimen mgk06c06 has more than one demagnetization experiment name. You need to merge them to one experiment-name?
-E- ERROR: specimen mgk06c07 has more than one demagnetization experiment name. You need to merge them to one experiment-name?
-E- ERROR: specimen mgk06d01 has more than one demagnetization experiment name. You need to merge them to one experiment-name?
-E- ERROR: specimen mgk06d02 has more than one demagnetization experiment name. You need to merge them to one experiment-name?
-E- ERROR: specimen mgk08a01 has more than one demagnetization experiment name. You need to merge them to one experiment-name?
-E- ERROR: specimen mgk08a02 has more than one demagnetization experiment name. You need to merge them to one experiment-name?
-E- ERROR: specimen mgk08a03 has more than one demagnetization experiment name. You need to merge them to one experiment-name?
-E- ERROR: specimen mgk08b01 has more than one demagnetization experiment name. You need to merge them to one experiment-name?
-E- ERROR: specimen mgk08b03 has more than one demagnetization experiment name. You need to merge them to one experiment-name?
-E- ERROR: specimen mgq05t1PI07 has more than one demagnetization experiment name. You need to merge them to one experiment-name?
-E- ERROR: specimen mgq05t1PI08 has more than one demagnetization experiment name. You need to merge them to one experiment-name?
-E- ERROR: specimen mgq05t2PI05 has more than one demagnetization experiment name. You need to merge them to one experiment-name?
-E- ERROR: specimen mgq05t2PI06 has more than one demagnetization experiment name. You need to merge them to one experiment-name?
-E- ERROR: specimen mgq05t2PI07 has more than one demagnetization experiment name. You need to merge them to one experiment-name?
-E- ERROR: specimen mgf10b05 has more than one demagnetization experiment name. You need to merge them to one experiment-name?
-E- ERROR: specimen mgf13d09 has more than one demagnetization experiment name. You need to merge them to one experiment-name?
-E- ERROR: specimen mgf13d10 has more than one demagnetization experiment name. You need to merge them to one experiment-name?
-E- ERROR: specimen mgf13d11 has more than one demagnetization experiment name. You need to merge them to one experiment-name?
-E- ERROR: specimen mgf13d12 has more than one demagnetization experiment name. You need to merge them to one experiment-name?
-E- ERROR: specimen mgh03b03 has more than one demagnetization experiment name. You need to merge them to one experiment-name?
-E- ERROR: specimen mgh03b04 has more than one demagnetization experiment name. You need to merge them to one experiment-name?
-E- ERROR: specimen mgh03b05 has more than one demagnetization experiment name. You need to merge them to one experiment-name?
-E- ERROR: specimen mgh03d04 has more than one demagnetization experiment name. You need to merge them to one experiment-name?
-E- ERROR: specimen mgh03d05 has more than one demagnetization experiment name. You need to merge them to one experiment-name?
-E- ERROR: specimen mgh03d06 has more than one demagnetization experiment name. You need to merge them to one experiment-name?
-E- ERROR: specimen mgh03d07 has more than one demagnetization experiment name. You need to merge them to one experiment-name?
-E- ERROR: specimen mgh03g02 has more than one demagnetization experiment name. You need to merge them to one experiment-name?
-E- ERROR: specimen mgh03g05 has more than one demagnetization experiment name. You need to merge them to one experiment-name?
-E- ERROR: specimen mgh03g06 has more than one demagnetization experiment name. You need to merge them to one experiment-name?
-E- ERROR: specimen mgh03g08 has more than one demagnetization experiment name. You need to merge them to one experiment-name?
-E- ERROR: specimen mgh03h02 has more than one demagnetization experiment name. You need to merge them to one experiment-name?
-E- ERROR: specimen mgh03h03 has more than one demagnetization experiment name. You need to merge them to one experiment-name?
-E- ERROR: specimen mgh03h05 has more than one demagnetization experiment name. You need to merge them to one experiment-name?
-E- ERROR: specimen mgh03h06 has more than one demagnetization experiment name. You need to merge them to one experiment-name?
-E- ERROR: specimen mgh07e07 has more than one demagnetization experiment name. You need to merge them to one experiment-name?
-E- ERROR: specimen mgh07e08 has more than one demagnetization experiment name. You need to merge them to one experiment-name?
-E- ERROR: specimen mgh07e09 has more than one demagnetization experiment name. You need to merge them to one experiment-name?
-E- ERROR: specimen mgh09l01 has more than one demagnetization experiment name. You need to merge them to one experiment-name?
-E- ERROR: specimen mgh09m01 has more than one demagnetization experiment name. You need to merge them to one experiment-name?
-E- ERROR: specimen mgh09m02 has more than one demagnetization experiment name. You need to merge them to one experiment-name?
-E- ERROR: specimen mgh09m03 has more than one demagnetization experiment name. You need to merge them to one experiment-name?
-E- ERROR: specimen mgh09m04 has more than one demagnetization experiment name. You need to merge them to one experiment-name?
-E- ERROR: specimen mgj04b06 has more than one demagnetization experiment name. You need to merge them to one experiment-name?
-E- ERROR: specimen mgj04b07 has more than one demagnetization experiment name. You need to merge them to one experiment-name?
-E- ERROR: specimen mgj04b08 has more than one demagnetization experiment name. You need to merge them to one experiment-name?
-E- ERROR: specimen mgj04b09 has more than one demagnetization experiment name. You need to merge them to one experiment-name?
-E- ERROR: specimen mgj04b10 has more than one demagnetization experiment name. You need to merge them to one experiment-name?
-E- ERROR: specimen mgj04b11 has more than one demagnetization experiment name. You need to merge them to one experiment-name?
-E- ERROR: specimen mgj04b12 has more than one demagnetization experiment name. You need to merge them to one experiment-name?
-E- ERROR: specimen mgj04d06 has more than one demagnetization experiment name. You need to merge them to one experiment-name?
-E- ERROR: specimen mgj04d07 has more than one demagnetization experiment name. You need to merge them to one experiment-name?
-E- ERROR: specimen mgj04d08 has more than one demagnetization experiment name. You need to merge them to one experiment-name?
-E- ERROR: specimen mgj04d09 has more than one demagnetization experiment name. You need to merge them to one experiment-name?
-E- ERROR: specimen mgj04d10 has more than one demagnetization experiment name. You need to merge them to one experiment-name?
-E- ERROR: specimen mgj04d11 has more than one demagnetization experiment name. You need to merge them to one experiment-name?
-E- ERROR: specimen mgj04d12 has more than one demagnetization experiment name. You need to merge them to one experiment-name?
-E- ERROR: specimen mgq05t2PI09 has more than one demagnetization experiment name. You need to merge them to one experiment-name?
-E- ERROR: specimen mgf10a02 has more than one demagnetization experiment name. You need to merge them to one experiment-name?
-E- ERROR: specimen mgf10d01 has more than one demagnetization experiment name. You need to merge them to one experiment-name?
-E- ERROR: specimen mgf10d03 has more than one demagnetization experiment name. You need to merge them to one experiment-name?
-E- ERROR: specimen mgf10d04 has more than one demagnetization experiment name. You need to merge them to one experiment-name?
-E- ERROR: specimen mgf10d05 has more than one demagnetization experiment name. You need to merge them to one experiment-name?
-E- ERROR: specimen mgf13b10 has more than one demagnetization experiment name. You need to merge them to one experiment-name?
-E- ERROR: specimen mgf13b11 has more than one demagnetization experiment name. You need to merge them to one experiment-name?
-E- ERROR: specimen mgf13d02 has more than one demagnetization experiment name. You need to merge them to one experiment-name?
-E- ERROR: specimen mgf13e02 has more than one demagnetization experiment name. You need to merge them to one experiment-name?
-E- ERROR: specimen mgf13e05 has more than one demagnetization experiment name. You need to merge them to one experiment-name?
-E- ERROR: specimen mgf13e07 has more than one demagnetization experiment name. You need to merge them to one experiment-name?
-E- ERROR: specimen mgf13e08 has more than one demagnetization experiment name. You need to merge them to one experiment-name?
-E- ERROR: specimen mgf13e09 has more than one demagnetization experiment name. You need to merge them to one experiment-name?
-E- ERROR: specimen mgf13e10 has more than one demagnetization experiment name. You need to merge them to one experiment-name?
-E- ERROR: specimen mgh03a03 has more than one demagnetization experiment name. You need to merge them to one experiment-name?
-E- ERROR: specimen mgh03a04 has more than one demagnetization experiment name. You need to merge them to one experiment-name?
-E- ERROR: specimen mgh03a05 has more than one demagnetization experiment name. You need to merge them to one experiment-name?
-E- ERROR: specimen mgh03a06 has more than one demagnetization experiment name. You need to merge them to one experiment-name?
-E- ERROR: specimen mgh03b06 has more than one demagnetization experiment name. You need to merge them to one experiment-name?
-E- ERROR: specimen mgh03f01 has more than one demagnetization experiment name. You need to merge them to one experiment-name?
-E- ERROR: specimen mgh03f02 has more than one demagnetization experiment name. You need to merge them to one experiment-name?
-E- ERROR: specimen mgh03g01 has more than one demagnetization experiment name. You need to merge them to one experiment-name?
-E- ERROR: specimen mgh03g03 has more than one demagnetization experiment name. You need to merge them to one experiment-name?
-E- ERROR: specimen mgh03g04 has more than one demagnetization experiment name. You need to merge them to one experiment-name?
-E- ERROR: specimen mgh03g07 has more than one demagnetization experiment name. You need to merge them to one experiment-name?
-E- ERROR: specimen mgh03h01 has more than one demagnetization experiment name. You need to merge them to one experiment-name?
-E- ERROR: specimen mgh03h07 has more than one demagnetization experiment name. You need to merge them to one experiment-name?
-E- ERROR: specimen mgh03h08 has more than one demagnetization experiment name. You need to merge them to one experiment-name?
-E- ERROR: specimen mgh07b07 has more than one demagnetization experiment name. You need to merge them to one experiment-name?
-E- ERROR: specimen mgh07d02 has more than one demagnetization experiment name. You need to merge them to one experiment-name?
-E- ERROR: specimen mgh07d04 has more than one demagnetization experiment name. You need to merge them to one experiment-name?
-E- ERROR: specimen mgh07e01 has more than one demagnetization experiment name. You need to merge them to one experiment-name?
-E- ERROR: specimen mgh07e03 has more than one demagnetization experiment name. You need to merge them to one experiment-name?
-E- ERROR: specimen mgh09k04 has more than one demagnetization experiment name. You need to merge them to one experiment-name?
-E- ERROR: specimen mgh09l02 has more than one demagnetization experiment name. You need to merge them to one experiment-name?
-E- ERROR: specimen mgh09l03 has more than one demagnetization experiment name. You need to merge them to one experiment-name?
-E- ERROR: specimen mgh09l04 has more than one demagnetization experiment name. You need to merge them to one experiment-name?
-E- ERROR: specimen mgh12t1PI03 has more than one demagnetization experiment name. You need to merge them to one experiment-name?
-E- ERROR: specimen mgh12t1PI04 has more than one demagnetization experiment name. You need to merge them to one experiment-name?
-E- ERROR: specimen mgj04a01 has more than one demagnetization experiment name. You need to merge them to one experiment-name?
-E- ERROR: specimen mgj04a02 has more than one demagnetization experiment name. You need to merge them to one experiment-name?
-E- ERROR: specimen mgj04a03 has more than one demagnetization experiment name. You need to merge them to one experiment-name?
-E- ERROR: specimen mgj04b01 has more than one demagnetization experiment name. You need to merge them to one experiment-name?
-E- ERROR: specimen mgj06b03 has more than one demagnetization experiment name. You need to merge them to one experiment-name?
-E- ERROR: specimen mgj06d04 has more than one demagnetization experiment name. You need to merge them to one experiment-name?
-E- ERROR: specimen mgk06a08 has more than one demagnetization experiment name. You need to merge them to one experiment-name?
-E- ERROR: specimen mgk06a09 has more than one demagnetization experiment name. You need to merge them to one experiment-name?
-E- ERROR: specimen mgk06a10 has more than one demagnetization experiment name. You need to merge them to one experiment-name?
-E- ERROR: specimen mgk06c03 has more than one demagnetization experiment name. You need to merge them to one experiment-name?
-E- ERROR: specimen mgk06d03 has more than one demagnetization experiment name. You need to merge them to one experiment-name?
-E- ERROR: specimen mgk08a04 has more than one demagnetization experiment name. You need to merge them to one experiment-name?
-E- ERROR: specimen mgk09t1PI06 has more than one demagnetization experiment name. You need to merge them to one experiment-name?
-E- ERROR: specimen mgq05t1PI02 has more than one demagnetization experiment name. You need to merge them to one experiment-name?
-E- ERROR: specimen mgq05t1PI03 has more than one demagnetization experiment name. You need to merge them to one experiment-name?
-E- ERROR: specimen mgq05t1PI04 has more than one demagnetization experiment name. You need to merge them to one experiment-name?
-E- ERROR: specimen mgq05t2PI01 has more than one demagnetization experiment name. You need to merge them to one experiment-name?
-E- ERROR: specimen mgq05t2PI02 has more than one demagnetization experiment name. You need to merge them to one experiment-name?
-E- ERROR: specimen mgq05t2PI03 has more than one demagnetization experiment name. You need to merge them to one experiment-name?
-E- ERROR: specimen mgq05t2PI04 has more than one demagnetization experiment name. You need to merge them to one experiment-name?
-E- ERROR: specimen mgq05t2PI10 has more than one demagnetization experiment name. You need to merge them to one experiment-name?
-E- ERROR: specimen mgf13b13 has more than one demagnetization experiment name. You need to merge them to one experiment-name?
-E- ERROR: specimen mgf13b14 has more than one demagnetization experiment name. You need to merge them to one experiment-name?
-E- ERROR: specimen mgh03f05 has more than one demagnetization experiment name. You need to merge them to one experiment-name?
-E- ERROR: specimen mgh03f06 has more than one demagnetization experiment name. You need to merge them to one experiment-name?
-E- ERROR: specimen mgh03f07 has more than one demagnetization experiment name. You need to merge them to one experiment-name?
-E- ERROR: specimen mgh03i01 has more than one demagnetization experiment name. You need to merge them to one experiment-name?
-E- ERROR: specimen mgh03i02 has more than one demagnetization experiment name. You need to merge them to one experiment-name?
-E- ERROR: specimen mgh03j02 has more than one demagnetization experiment name. You need to merge them to one experiment-name?
-E- ERROR: specimen mgh03j04 has more than one demagnetization experiment name. You need to merge them to one experiment-name?
-E- ERROR: specimen mgh03j06 has more than one demagnetization experiment name. You need to merge them to one experiment-name?
-E- ERROR: specimen mgh09m05 has more than one demagnetization experiment name. You need to merge them to one experiment-name?
-E- ERROR: specimen mgh09m06 has more than one demagnetization experiment name. You need to merge them to one experiment-name?
-E- ERROR: specimen mgh09p02 has more than one demagnetization experiment name. You need to merge them to one experiment-name?
-E- ERROR: specimen mgf13f01 has more than one demagnetization experiment name. You need to merge them to one experiment-name?
-E- ERROR: specimen mgf13f02 has more than one demagnetization experiment name. You need to merge them to one experiment-name?
-E- ERROR: specimen mgf13f03 has more than one demagnetization experiment name. You need to merge them to one experiment-name?
-E- ERROR: specimen mgf13f04 has more than one demagnetization experiment name. You need to merge them to one experiment-name?
-E- ERROR: specimen mgh03f03 has more than one demagnetization experiment name. You need to merge them to one experiment-name?
-E- ERROR: specimen mgh03f04 has more than one demagnetization experiment name. You need to merge them to one experiment-name?
-E- ERROR: specimen mgh09c01 has more than one demagnetization experiment name. You need to merge them to one experiment-name?
-E- ERROR: specimen mgh09c02 has more than one demagnetization experiment name. You need to merge them to one experiment-name?
-E- ERROR: specimen mgk08e06 has more than one demagnetization experiment name. You need to merge them to one experiment-name?
-E- ERROR: specimen mgq05t1PI06 has more than one demagnetization experiment name. You need to merge them to one experiment-name?
-E- ERROR: specimen mgh03i03 has more than one demagnetization experiment name. You need to merge them to one experiment-name?
-E- ERROR: specimen mgh03i04 has more than one demagnetization experiment name. You need to merge them to one experiment-name?
-E- ERROR: specimen mgh03i05 has more than one demagnetization experiment name. You need to merge them to one experiment-name?
-E- ERROR: specimen mgh03i06 has more than one demagnetization experiment name. You need to merge them to one experiment-name?
-E- ERROR: specimen mgh03i07 has more than one demagnetization experiment name. You need to merge them to one experiment-name?
-E- ERROR: specimen hz05b4 has more than one demagnetization experiment name. You need to merge them to one experiment-name?
-E- ERROR: specimen hz05b5 has more than one demagnetization experiment name. You need to merge them to one experiment-name?
-E- ERROR: specimen hz06a4 has more than one demagnetization experiment name. You need to merge them to one experiment-name?
-E- ERROR: specimen hz06a5 has more than one demagnetization experiment name. You need to merge them to one experiment-name?
-E- ERROR: specimen hz06b4 has more than one demagnetization experiment name. You need to merge them to one experiment-name?
-E- ERROR: specimen hz06b5 has more than one demagnetization experiment name. You need to merge them to one experiment-name?
-E- ERROR: specimen hz07a4 has more than one demagnetization experiment name. You need to merge them to one experiment-name?
-E- ERROR: specimen hz07a5 has more than one demagnetization experiment name. You need to merge them to one experiment-name?
-E- ERROR: specimen hz07b3 has more than one demagnetization experiment name. You need to merge them to one experiment-name?
-E- ERROR: specimen hz07b4 has more than one demagnetization experiment name. You need to merge them to one experiment-name?
-E- ERROR: specimen hz07b5 has more than one demagnetization experiment name. You need to merge them to one experiment-name?
-E- ERROR: specimen hz07c1 has more than one demagnetization experiment name. You need to merge them to one experiment-name?
-E- ERROR: specimen hz07c2 has more than one demagnetization experiment name. You need to merge them to one experiment-name?
-E- ERROR: specimen hz07c3 has more than one demagnetization experiment name. You need to merge them to one experiment-name?
-E- ERROR: specimen hz07c5 has more than one demagnetization experiment name. You need to merge them to one experiment-name?
-E- ERROR: specimen hz07d1 has more than one demagnetization experiment name. You need to merge them to one experiment-name?
-E- ERROR: specimen hz07d2 has more than one demagnetization experiment name. You need to merge them to one experiment-name?
-E- ERROR: specimen hz07d3 has more than one demagnetization experiment name. You need to merge them to one experiment-name?
-E- ERROR: specimen hz10b1 has more than one demagnetization experiment name. You need to merge them to one experiment-name?
-E- ERROR: specimen hz10b2 has more than one demagnetization experiment name. You need to merge them to one experiment-name?
-E- ERROR: specimen hz10b3 has more than one demagnetization experiment name. You need to merge them to one experiment-name?
-E- ERROR: specimen hz10c1 has more than one demagnetization experiment name. You need to merge them to one experiment-name?
-E- ERROR: specimen hz10c2 has more than one demagnetization experiment name. You need to merge them to one experiment-name?
-E- ERROR: specimen hz10c3 has more than one demagnetization experiment name. You need to merge them to one experiment-name?
-E- ERROR: specimen hz10d1 has more than one demagnetization experiment name. You need to merge them to one experiment-name?
-E- ERROR: specimen hz10d2 has more than one demagnetization experiment name. You need to merge them to one experiment-name?
-E- ERROR: specimen hz10d3 has more than one demagnetization experiment name. You need to merge them to one experiment-name?
-E- ERROR: specimen hz11a1 has more than one demagnetization experiment name. You need to merge them to one experiment-name?
-E- ERROR: specimen hz11a2 has more than one demagnetization experiment name. You need to merge them to one experiment-name?
-E- ERROR: specimen hz11a3 has more than one demagnetization experiment name. You need to merge them to one experiment-name?
-E- ERROR: specimen hz11b1 has more than one demagnetization experiment name. You need to merge them to one experiment-name?
-E- ERROR: specimen hz11b2 has more than one demagnetization experiment name. You need to merge them to one experiment-name?
-E- ERROR: specimen hz11b3 has more than one demagnetization experiment name. You need to merge them to one experiment-name?
-E- ERROR: specimen hz11c1 has more than one demagnetization experiment name. You need to merge them to one experiment-name?
-E- ERROR: specimen hz11c2 has more than one demagnetization experiment name. You need to merge them to one experiment-name?
-E- ERROR: specimen hz11c4 has more than one demagnetization experiment name. You need to merge them to one experiment-name?
-E- ERROR: specimen hz11c5 has more than one demagnetization experiment name. You need to merge them to one experiment-name?
-E- ERROR: specimen hz13a1 has more than one demagnetization experiment name. You need to merge them to one experiment-name?
-E- ERROR: specimen hz13a2 has more than one demagnetization experiment name. You need to merge them to one experiment-name?
-E- ERROR: specimen hz13a3 has more than one demagnetization experiment name. You need to merge them to one experiment-name?
-E- ERROR: specimen hz13a4 has more than one demagnetization experiment name. You need to merge them to one experiment-name?
-E- ERROR: specimen hz13a5 has more than one demagnetization experiment name. You need to merge them to one experiment-name?
-E- ERROR: specimen hz13b1 has more than one demagnetization experiment name. You need to merge them to one experiment-name?
-E- ERROR: specimen hz13b2 has more than one demagnetization experiment name. You need to merge them to one experiment-name?
-E- ERROR: specimen hz13b3 has more than one demagnetization experiment name. You need to merge them to one experiment-name?
-E- ERROR: specimen hz13b4 has more than one demagnetization experiment name. You need to merge them to one experiment-name?
-E- ERROR: specimen hz13b5 has more than one demagnetization experiment name. You need to merge them to one experiment-name?
-E- ERROR: specimen hz13e1 has more than one demagnetization experiment name. You need to merge them to one experiment-name?
-E- ERROR: specimen hz13e2 has more than one demagnetization experiment name. You need to merge them to one experiment-name?
-E- ERROR: specimen hz13e3 has more than one demagnetization experiment name. You need to merge them to one experiment-name?
-E- ERROR: specimen hz13f1 has more than one demagnetization experiment name. You need to merge them to one experiment-name?
-E- ERROR: specimen hz13f2 has more than one demagnetization experiment name. You need to merge them to one experiment-name?
-E- ERROR: specimen hz13f3 has more than one demagnetization experiment name. You need to merge them to one experiment-name?
-E- ERROR: specimen hz15a1 has more than one demagnetization experiment name. You need to merge them to one experiment-name?
-E- ERROR: specimen hz15a2 has more than one demagnetization experiment name. You need to merge them to one experiment-name?
-E- ERROR: specimen hz15a3 has more than one demagnetization experiment name. You need to merge them to one experiment-name?
-E- ERROR: specimen hz15b1 has more than one demagnetization experiment name. You need to merge them to one experiment-name?
-E- ERROR: specimen hz15b2 has more than one demagnetization experiment name. You need to merge them to one experiment-name?
-E- ERROR: specimen hz15b3 has more than one demagnetization experiment name. You need to merge them to one experiment-name?
-E- ERROR: specimen hz15c1 has more than one demagnetization experiment name. You need to merge them to one experiment-name?
-E- ERROR: specimen hz15c2 has more than one demagnetization experiment name. You need to merge them to one experiment-name?
-E- ERROR: specimen hz18a1 has more than one demagnetization experiment name. You need to merge them to one experiment-name?
-E- ERROR: specimen hz18a3 has more than one demagnetization experiment name. You need to merge them to one experiment-name?
-E- ERROR: specimen hz18a4 has more than one demagnetization experiment name. You need to merge them to one experiment-name?
-E- ERROR: specimen hz18a5 has more than one demagnetization experiment name. You need to merge them to one experiment-name?
-E- ERROR: specimen hz18d2 has more than one demagnetization experiment name. You need to merge them to one experiment-name?
-E- ERROR: specimen hz18d3 has more than one demagnetization experiment name. You need to merge them to one experiment-name?
-E- ERROR: specimen hz18d4 has more than one demagnetization experiment name. You need to merge them to one experiment-name?
-E- ERROR: specimen hz18d5 has more than one demagnetization experiment name. You need to merge them to one experiment-name?
-E- ERROR: specimen hz18e2 has more than one demagnetization experiment name. You need to merge them to one experiment-name?
-E- ERROR: specimen hz18e3 has more than one demagnetization experiment name. You need to merge them to one experiment-name?
-E- ERROR: specimen hz20b2 has more than one demagnetization experiment name. You need to merge them to one experiment-name?
-E- ERROR: specimen hz20b3 has more than one demagnetization experiment name. You need to merge them to one experiment-name?
-E- ERROR: specimen hz20c1 has more than one demagnetization experiment name. You need to merge them to one experiment-name?
-E- ERROR: specimen hz20c2 has more than one demagnetization experiment name. You need to merge them to one experiment-name?
-E- ERROR: specimen hz20c3 has more than one demagnetization experiment name. You need to merge them to one experiment-name?
-E- ERROR: specimen hz05b6 has more than one demagnetization experiment name. You need to merge them to one experiment-name?
-E- ERROR: specimen hz05b7 has more than one demagnetization experiment name. You need to merge them to one experiment-name?
-E- ERROR: specimen hz06a6 has more than one demagnetization experiment name. You need to merge them to one experiment-name?
-E- ERROR: specimen hz06a7 has more than one demagnetization experiment name. You need to merge them to one experiment-name?
-E- ERROR: specimen hz07c7 has more than one demagnetization experiment name. You need to merge them to one experiment-name?
-E- ERROR: specimen hz07c8 has more than one demagnetization experiment name. You need to merge them to one experiment-name?
-E- ERROR: specimen hz07d4 has more than one demagnetization experiment name. You need to merge them to one experiment-name?
-E- ERROR: specimen hz07d5 has more than one demagnetization experiment name. You need to merge them to one experiment-name?
-E- ERROR: specimen hz07d6 has more than one demagnetization experiment name. You need to merge them to one experiment-name?
-E- ERROR: specimen hz07e1 has more than one demagnetization experiment name. You need to merge them to one experiment-name?
-E- ERROR: specimen hz07e2 has more than one demagnetization experiment name. You need to merge them to one experiment-name?
-E- ERROR: specimen hz07e3 has more than one demagnetization experiment name. You need to merge them to one experiment-name?
-E- ERROR: specimen hz09a5 has more than one demagnetization experiment name. You need to merge them to one experiment-name?
-E- ERROR: specimen hz09a6 has more than one demagnetization experiment name. You need to merge them to one experiment-name?
-E- ERROR: specimen hz10c5 has more than one demagnetization experiment name. You need to merge them to one experiment-name?
-E- ERROR: specimen hz10c6 has more than one demagnetization experiment name. You need to merge them to one experiment-name?
-E- ERROR: specimen hz13a6 has more than one demagnetization experiment name. You need to merge them to one experiment-name?
-E- ERROR: specimen hz13a7 has more than one demagnetization experiment name. You need to merge them to one experiment-name?
-E- ERROR: specimen hz13e4 has more than one demagnetization experiment name. You need to merge them to one experiment-name?
-E- ERROR: specimen hz13e5 has more than one demagnetization experiment name. You need to merge them to one experiment-name?
