------------------------
-I- Start anisotropy script
------------------------
-I- Start calculating ATRM tensor for specimen hz05a1
-I- found ATRM baseline for specimen hz05a1
-I- found alteration check  for specimen hz05a1
-I- Start calculating ATRM tensor for specimen hz05a2
-I- found ATRM baseline for specimen hz05a2
-I- found alteration check  for specimen hz05a2
-I- Start calculating ATRM tensor for specimen hz05a3
-I- found ATRM baseline for specimen hz05a3
-I- found alteration check  for specimen hz05a3
-I- Start calculating ATRM tensor for specimen hz05b1
-I- found ATRM baseline for specimen hz05b1
-I- found alteration check  for specimen hz05b1
-I- Start calculating ATRM tensor for specimen hz05b2
-I- found ATRM baseline for specimen hz05b2
-I- found alteration check  for specimen hz05b2
-I- Start calculating ATRM tensor for specimen hz05b3
-I- found ATRM baseline for specimen hz05b3
-I- found alteration check  for specimen hz05b3
-I- Start calculating ATRM tensor for specimen hz05b4
-I- found ATRM baseline for specimen hz05b4
-I- found alteration check  for specimen hz05b4
-I- Start calculating ATRM tensor for specimen hz05b5
-I- found ATRM baseline for specimen hz05b5
-I- found alteration check  for specimen hz05b5
-I- Start calculating ATRM tensor for specimen hz05b6
-I- found ATRM baseline for specimen hz05b6
-I- found alteration check  for specimen hz05b6
-I- Start calculating AARM tensors specimen hz05b6
-I- Start calculating ATRM tensor for specimen hz05b7
-I- found ATRM baseline for specimen hz05b7
-I- found alteration check  for specimen hz05b7
-I- Start calculating ATRM tensor for specimen hz05c1
-I- found ATRM baseline for specimen hz05c1
-I- found alteration check  for specimen hz05c1
-I- Start calculating ATRM tensor for specimen hz05c2
-I- found ATRM baseline for specimen hz05c2
-I- found alteration check  for specimen hz05c2
-I- Start calculating ATRM tensor for specimen hz05c3
-I- found ATRM baseline for specimen hz05c3
-I- found alteration check  for specimen hz05c3
-I- Start calculating ATRM tensor for specimen hz05c4
-I- found ATRM baseline for specimen hz05c4
-I- found alteration check  for specimen hz05c4
-I- Start calculating ATRM tensor for specimen hz05c5
-I- found ATRM baseline for specimen hz05c5
-I- found alteration check  for specimen hz05c5
-I- Start calculating ATRM tensor for specimen hz05c6
-I- found ATRM baseline for specimen hz05c6
-I- found alteration check  for specimen hz05c6
-I- Start calculating ATRM tensor for specimen hz05e1
-I- found ATRM baseline for specimen hz05e1
-I- found alteration check  for specimen hz05e1
-I- Start calculating ATRM tensor for specimen hz05e2
-I- found ATRM baseline for specimen hz05e2
-I- found alteration check  for specimen hz05e2
-I- Start calculating ATRM tensor for specimen hz05e3
-I- found ATRM baseline for specimen hz05e3
-I- found alteration check  for specimen hz05e3
-I- Start calculating ATRM tensor for specimen hz05e4
-I- found ATRM baseline for specimen hz05e4
-I- found alteration check  for specimen hz05e4
-I- Start calculating ATRM tensor for specimen hz05e5
-I- found ATRM baseline for specimen hz05e5
-I- found alteration check  for specimen hz05e5
-I- Start calculating ATRM tensor for specimen hz05e6
-I- found ATRM baseline for specimen hz05e6
-I- found alteration check  for specimen hz05e6
-I- Start calculating ATRM tensor for specimen hz05f1
-I- found ATRM baseline for specimen hz05f1
-I- found alteration check  for specimen hz05f1
-I- Start calculating ATRM tensor for specimen hz05f2
-I- found ATRM baseline for specimen hz05f2
-I- found alteration check  for specimen hz05f2
-I- Start calculating ATRM tensor for specimen hz05f3
-I- found ATRM baseline for specimen hz05f3
-I- found alteration check  for specimen hz05f3
-I- Start calculating ATRM tensor for specimen hz05f4
-I- found ATRM baseline for specimen hz05f4
-I- found alteration check  for specimen hz05f4
-I- Start calculating ATRM tensor for specimen hz05f6
-I- found ATRM baseline for specimen hz05f6
-I- found alteration check  for specimen hz05f6
-I- Start calculating ATRM tensor for specimen hz05g1
-I- found ATRM baseline for specimen hz05g1
-I- found alteration check  for specimen hz05g1
-I- Start calculating AARM tensors specimen hz05g1
-I- Start calculating ATRM tensor for specimen hz05g2
-I- found ATRM baseline for specimen hz05g2
-I- found alteration check  for specimen hz05g2
-I- Start calculating ATRM tensor for specimen hz05g3
-I- found ATRM baseline for specimen hz05g3
-I- found alteration check  for specimen hz05g3
-I- Start calculating AARM tensors specimen hz05g3
-I- Start calculating ATRM tensor for specimen hz05g4
-I- found ATRM baseline for specimen hz05g4
-I- found alteration check  for specimen hz05g4
-I- Start calculating ATRM tensor for specimen hz05g5
-I- found ATRM baseline for specimen hz05g5
-I- found alteration check  for specimen hz05g5
-I- Start calculating ATRM tensor for specimen hz05g6
-I- found ATRM baseline for specimen hz05g6
-I- found alteration check  for specimen hz05g6
-I- Start calculating ATRM tensor for specimen hz05h1
-I- found ATRM baseline for specimen hz05h1
-I- found alteration check  for specimen hz05h1
-I- Start calculating ATRM tensor for specimen hz05h2
-I- found ATRM baseline for specimen hz05h2
-I- found alteration check  for specimen hz05h2
-I- Start calculating ATRM tensor for specimen hz05h3
-I- found ATRM baseline for specimen hz05h3
-I- found alteration check  for specimen hz05h3
-I- Start calculating ATRM tensor for specimen hz05h4
-I- found ATRM baseline for specimen hz05h4
-I- found alteration check  for specimen hz05h4
-I- Start calculating ATRM tensor for specimen hz05h5
-I- found ATRM baseline for specimen hz05h5
-I- found alteration check  for specimen hz05h5
-I- Start calculating ATRM tensor for specimen hz05h6
-I- found ATRM baseline for specimen hz05h6
-I- found alteration check  for specimen hz05h6
-I- Start calculating ATRM tensor for specimen hz06a1
-I- found ATRM baseline for specimen hz06a1
-I- found alteration check  for specimen hz06a1
-I- Start calculating ATRM tensor for specimen hz06a2
-I- found ATRM baseline for specimen hz06a2
-I- found alteration check  for specimen hz06a2
-I- Start calculating ATRM tensor for specimen hz06a3
-I- found ATRM baseline for specimen hz06a3
-I- found alteration check  for specimen hz06a3
-I- Start calculating ATRM tensor for specimen hz06a4
-I- found ATRM baseline for specimen hz06a4
-I- found alteration check  for specimen hz06a4
-I- Start calculating ATRM tensor for specimen hz06a5
-I- found ATRM baseline for specimen hz06a5
-I- found alteration check  for specimen hz06a5
-I- Start calculating ATRM tensor for specimen hz06a6
-I- found ATRM baseline for specimen hz06a6
-I- found alteration check  for specimen hz06a6
-I- Start calculating ATRM tensor for specimen hz06a7
-I- found ATRM baseline for specimen hz06a7
-I- found alteration check  for specimen hz06a7
-I- Start calculating ATRM tensor for specimen hz06b1
-I- found ATRM baseline for specimen hz06b1
-I- found alteration check  for specimen hz06b1
-I- Start calculating ATRM tensor for specimen hz06b2
-I- found ATRM baseline for specimen hz06b2
-I- found alteration check  for specimen hz06b2
-I- Start calculating ATRM tensor for specimen hz06b3
-I- found ATRM baseline for specimen hz06b3
-I- found alteration check  for specimen hz06b3
-I- Start calculating ATRM tensor for specimen hz06b4
-I- found ATRM baseline for specimen hz06b4
-I- found alteration check  for specimen hz06b4
-I- Start calculating AARM tensors specimen hz06b4
-I- Start calculating ATRM tensor for specimen hz06b5
-I- found ATRM baseline for specimen hz06b5
-I- found alteration check  for specimen hz06b5
-I- Start calculating ATRM tensor for specimen hz06c1
-I- found ATRM baseline for specimen hz06c1
-I- found alteration check  for specimen hz06c1
-I- Start calculating ATRM tensor for specimen hz06c2
-I- found ATRM baseline for specimen hz06c2
-I- found alteration check  for specimen hz06c2
-I- Start calculating ATRM tensor for specimen hz06c3
-I- found ATRM baseline for specimen hz06c3
-I- found alteration check  for specimen hz06c3
-I- Start calculating ATRM tensor for specimen hz07a1
-I- found ATRM baseline for specimen hz07a1
-I- found alteration check  for specimen hz07a1
-I- Start calculating ATRM tensor for specimen hz07a2
-I- found ATRM baseline for specimen hz07a2
-I- found alteration check  for specimen hz07a2
-I- Start calculating ATRM tensor for specimen hz07a4
-I- found ATRM baseline for specimen hz07a4
-I- found alteration check  for specimen hz07a4
-I- Start calculating AARM tensors specimen hz07a4
-I- Start calculating ATRM tensor for specimen hz07a5
-I- found ATRM baseline for specimen hz07a5
-I- found alteration check  for specimen hz07a5
-I- Start calculating AARM tensors specimen hz07a5
-I- Start calculating ATRM tensor for specimen hz07b1
-I- found ATRM baseline for specimen hz07b1
-I- found alteration check  for specimen hz07b1
-I- Start calculating ATRM tensor for specimen hz07b2
-I- found ATRM baseline for specimen hz07b2
-I- found alteration check  for specimen hz07b2
-I- Start calculating ATRM tensor for specimen hz07b3
-I- found ATRM baseline for specimen hz07b3
-I- found alteration check  for specimen hz07b3
-I- Start calculating ATRM tensor for specimen hz07b4
-I- found ATRM baseline for specimen hz07b4
-I- found alteration check  for specimen hz07b4
-I- Start calculating ATRM tensor for specimen hz07b5
-I- found ATRM baseline for specimen hz07b5
-I- found alteration check  for specimen hz07b5
-I- Start calculating ATRM tensor for specimen hz07c1
-I- found ATRM baseline for specimen hz07c1
-I- found alteration check  for specimen hz07c1
-I- Start calculating ATRM tensor for specimen hz07c2
-I- found ATRM baseline for specimen hz07c2
-I- found alteration check  for specimen hz07c2
-I- Start calculating ATRM tensor for specimen hz07c3
-I- found ATRM baseline for specimen hz07c3
-I- found alteration check  for specimen hz07c3
-I- Start calculating ATRM tensor for specimen hz07c5
-I- found ATRM baseline for specimen hz07c5
-W- Warning: no alteration check for specimen hz07c5 
 -I- Start calculating ATRM tensor for specimen hz07c7
-I- found ATRM baseline for specimen hz07c7
-I- found alteration check  for specimen hz07c7
-I- Start calculating ATRM tensor for specimen hz07c8
-I- found ATRM baseline for specimen hz07c8
-I- found alteration check  for specimen hz07c8
-I- Start calculating AARM tensors specimen hz07c8
-I- Start calculating ATRM tensor for specimen hz07d1
-I- found ATRM baseline for specimen hz07d1
-I- found alteration check  for specimen hz07d1
-I- Start calculating ATRM tensor for specimen hz07d2
-I- found ATRM baseline for specimen hz07d2
-I- found alteration check  for specimen hz07d2
-I- Start calculating ATRM tensor for specimen hz07d3
-I- found ATRM baseline for specimen hz07d3
-I- found alteration check  for specimen hz07d3
-I- Start calculating ATRM tensor for specimen hz07d4
-I- found ATRM baseline for specimen hz07d4
-I- found alteration check  for specimen hz07d4
-I- Start calculating ATRM tensor for specimen hz07d5
-I- found ATRM baseline for specimen hz07d5
-I- found alteration check  for specimen hz07d5
-I- Start calculating ATRM tensor for specimen hz07d6
-I- found ATRM baseline for specimen hz07d6
-I- found alteration check  for specimen hz07d6
-I- Start calculating ATRM tensor for specimen hz07e1
-I- found ATRM baseline for specimen hz07e1
-I- found alteration check  for specimen hz07e1
-I- Start calculating AARM tensors specimen hz07e1
-I- Start calculating ATRM tensor for specimen hz07e2
-I- found ATRM baseline for specimen hz07e2
-I- found alteration check  for specimen hz07e2
-I- Start calculating ATRM tensor for specimen hz07e3
-I- found ATRM baseline for specimen hz07e3
-I- found alteration check  for specimen hz07e3
-I- Start calculating AARM tensors specimen hz07e3
-I- Start calculating ATRM tensor for specimen hz09a5
-I- found ATRM baseline for specimen hz09a5
-I- found alteration check  for specimen hz09a5
-I- Start calculating ATRM tensor for specimen hz09a6
-I- found ATRM baseline for specimen hz09a6
-I- found alteration check  for specimen hz09a6
-I- Start calculating AARM tensors specimen hz09a6
-I- Start calculating ATRM tensor for specimen hz10b1
-I- found ATRM baseline for specimen hz10b1
-I- found alteration check  for specimen hz10b1
-I- Start calculating ATRM tensor for specimen hz10b2
-I- found ATRM baseline for specimen hz10b2
-I- found alteration check  for specimen hz10b2
-I- Start calculating ATRM tensor for specimen hz10b3
-I- found ATRM baseline for specimen hz10b3
-I- found alteration check  for specimen hz10b3
-I- Start calculating ATRM tensor for specimen hz10c1
-I- found ATRM baseline for specimen hz10c1
-I- found alteration check  for specimen hz10c1
-I- Start calculating ATRM tensor for specimen hz10c2
-I- found ATRM baseline for specimen hz10c2
-I- found alteration check  for specimen hz10c2
-I- Start calculating ATRM tensor for specimen hz10c3
-I- found ATRM baseline for specimen hz10c3
-I- found alteration check  for specimen hz10c3
-I- Start calculating ATRM tensor for specimen hz10c5
-I- found ATRM baseline for specimen hz10c5
-I- found alteration check  for specimen hz10c5
-I- Start calculating AARM tensors specimen hz10c5
-I- Start calculating ATRM tensor for specimen hz10c6
-I- found ATRM baseline for specimen hz10c6
-I- found alteration check  for specimen hz10c6
-I- Start calculating AARM tensors specimen hz10c6
-I- Start calculating ATRM tensor for specimen hz10d1
-I- found ATRM baseline for specimen hz10d1
-I- found alteration check  for specimen hz10d1
-I- Start calculating ATRM tensor for specimen hz10d2
-I- found ATRM baseline for specimen hz10d2
-I- found alteration check  for specimen hz10d2
-I- Start calculating AARM tensors specimen hz10d2
-I- Start calculating ATRM tensor for specimen hz10d3
-I- found ATRM baseline for specimen hz10d3
-I- found alteration check  for specimen hz10d3
-I- Start calculating ATRM tensor for specimen hz11a1
-I- found ATRM baseline for specimen hz11a1
-I- found alteration check  for specimen hz11a1
-I- Start calculating ATRM tensor for specimen hz11a2
-I- found ATRM baseline for specimen hz11a2
-I- found alteration check  for specimen hz11a2
-I- Start calculating ATRM tensor for specimen hz11a3
-I- found ATRM baseline for specimen hz11a3
-I- found alteration check  for specimen hz11a3
-I- Start calculating ATRM tensor for specimen hz11b1
-I- found ATRM baseline for specimen hz11b1
-I- found alteration check  for specimen hz11b1
-I- Start calculating ATRM tensor for specimen hz11b2
-I- found ATRM baseline for specimen hz11b2
-I- found alteration check  for specimen hz11b2
-I- Start calculating ATRM tensor for specimen hz11b3
-I- found ATRM baseline for specimen hz11b3
-I- found alteration check  for specimen hz11b3
-I- Start calculating ATRM tensor for specimen hz11c1
-I- found ATRM baseline for specimen hz11c1
-I- found alteration check  for specimen hz11c1
-I- Start calculating ATRM tensor for specimen hz11c2
-I- found ATRM baseline for specimen hz11c2
-I- found alteration check  for specimen hz11c2
-I- Start calculating ATRM tensor for specimen hz11c4
-I- found ATRM baseline for specimen hz11c4
-I- found alteration check  for specimen hz11c4
-I- Start calculating ATRM tensor for specimen hz11c5
-I- found ATRM baseline for specimen hz11c5
-I- found alteration check  for specimen hz11c5
-I- Start calculating ATRM tensor for specimen hz13a1
-I- found ATRM baseline for specimen hz13a1
-I- found alteration check  for specimen hz13a1
-I- Start calculating ATRM tensor for specimen hz13a2
-I- found ATRM baseline for specimen hz13a2
-I- found alteration check  for specimen hz13a2
-I- Start calculating ATRM tensor for specimen hz13a3
-I- found ATRM baseline for specimen hz13a3
-I- found alteration check  for specimen hz13a3
-I- Start calculating ATRM tensor for specimen hz13a4
-I- found ATRM baseline for specimen hz13a4
-I- found alteration check  for specimen hz13a4
-I- Start calculating ATRM tensor for specimen hz13a5
-I- found ATRM baseline for specimen hz13a5
-I- found alteration check  for specimen hz13a5
-I- Start calculating ATRM tensor for specimen hz13a6
-I- found ATRM baseline for specimen hz13a6
-I- found alteration check  for specimen hz13a6
-I- Start calculating ATRM tensor for specimen hz13a7
-I- found ATRM baseline for specimen hz13a7
-I- found alteration check  for specimen hz13a7
-I- Start calculating ATRM tensor for specimen hz13b1
-I- found ATRM baseline for specimen hz13b1
-I- found alteration check  for specimen hz13b1
-I- Start calculating ATRM tensor for specimen hz13b2
-I- found ATRM baseline for specimen hz13b2
-I- found alteration check  for specimen hz13b2
-I- Start calculating ATRM tensor for specimen hz13b3
-I- found ATRM baseline for specimen hz13b3
-I- found alteration check  for specimen hz13b3
-I- Start calculating ATRM tensor for specimen hz13b4
-I- found ATRM baseline for specimen hz13b4
-I- found alteration check  for specimen hz13b4
-I- Start calculating ATRM tensor for specimen hz13b5
-I- found ATRM baseline for specimen hz13b5
-I- found alteration check  for specimen hz13b5
-I- Start calculating ATRM tensor for specimen hz13e1
-I- found ATRM baseline for specimen hz13e1
-I- found alteration check  for specimen hz13e1
-I- Start calculating ATRM tensor for specimen hz13e2
-I- found ATRM baseline for specimen hz13e2
-I- found alteration check  for specimen hz13e2
-I- Start calculating ATRM tensor for specimen hz13e3
-I- found ATRM baseline for specimen hz13e3
-I- found alteration check  for specimen hz13e3
-I- Start calculating ATRM tensor for specimen hz13e4
-I- found ATRM baseline for specimen hz13e4
-I- found alteration check  for specimen hz13e4
-I- Start calculating ATRM tensor for specimen hz13e5
-I- found ATRM baseline for specimen hz13e5
-I- found alteration check  for specimen hz13e5
-I- Start calculating ATRM tensor for specimen hz13e6
-I- found ATRM baseline for specimen hz13e6
-I- found alteration check  for specimen hz13e6
-E- ERROR: missing atrm data for specimen hz13e6
-I- Start calculating AARM tensors specimen hz13e6
-I- Start calculating ATRM tensor for specimen hz13f1
-I- found ATRM baseline for specimen hz13f1
-I- found alteration check  for specimen hz13f1
-I- Start calculating ATRM tensor for specimen hz13f2
-I- found ATRM baseline for specimen hz13f2
-I- found alteration check  for specimen hz13f2
-I- Start calculating ATRM tensor for specimen hz13f3
-I- found ATRM baseline for specimen hz13f3
-I- found alteration check  for specimen hz13f3
-I- Start calculating ATRM tensor for specimen hz15a1
-I- found ATRM baseline for specimen hz15a1
-I- found alteration check  for specimen hz15a1
-I- Start calculating ATRM tensor for specimen hz15a2
-I- found ATRM baseline for specimen hz15a2
-I- found alteration check  for specimen hz15a2
-I- Start calculating ATRM tensor for specimen hz15a3
-I- found ATRM baseline for specimen hz15a3
-I- found alteration check  for specimen hz15a3
-I- Start calculating ATRM tensor for specimen hz15b1
-I- found ATRM baseline for specimen hz15b1
-I- found alteration check  for specimen hz15b1
-I- Start calculating ATRM tensor for specimen hz15b2
-I- found ATRM baseline for specimen hz15b2
-I- found alteration check  for specimen hz15b2
-I- Start calculating ATRM tensor for specimen hz15b3
-I- found ATRM baseline for specimen hz15b3
-I- found alteration check  for specimen hz15b3
-I- Start calculating ATRM tensor for specimen hz15c1
-I- found ATRM baseline for specimen hz15c1
-I- found alteration check  for specimen hz15c1
-I- Start calculating ATRM tensor for specimen hz15c2
-I- found ATRM baseline for specimen hz15c2
-I- found alteration check  for specimen hz15c2
-I- Start calculating ATRM tensor for specimen hz18a1
-I- found ATRM baseline for specimen hz18a1
-I- found alteration check  for specimen hz18a1
-I- Start calculating ATRM tensor for specimen hz18a3
-I- found ATRM baseline for specimen hz18a3
-I- found alteration check  for specimen hz18a3
-I- Start calculating ATRM tensor for specimen hz18a4
-I- found ATRM baseline for specimen hz18a4
-I- found alteration check  for specimen hz18a4
-I- Start calculating ATRM tensor for specimen hz18a5
-I- found ATRM baseline for specimen hz18a5
-I- found alteration check  for specimen hz18a5
-I- Start calculating ATRM tensor for specimen hz18d2
-I- found ATRM baseline for specimen hz18d2
-I- found alteration check  for specimen hz18d2
-I- Start calculating ATRM tensor for specimen hz18d3
-I- found ATRM baseline for specimen hz18d3
-I- found alteration check  for specimen hz18d3
-I- Start calculating ATRM tensor for specimen hz18d4
-I- found ATRM baseline for specimen hz18d4
-I- found alteration check  for specimen hz18d4
-I- Start calculating ATRM tensor for specimen hz18d5
-I- found ATRM baseline for specimen hz18d5
-I- found alteration check  for specimen hz18d5
-I- Start calculating ATRM tensor for specimen hz18e1
-I- found ATRM baseline for specimen hz18e1
-I- found alteration check  for specimen hz18e1
-I- Start calculating ATRM tensor for specimen hz18e2
-I- found ATRM baseline for specimen hz18e2
-I- found alteration check  for specimen hz18e2
-I- Start calculating AARM tensors specimen hz18e2
-I- Start calculating ATRM tensor for specimen hz18e3
-I- found ATRM baseline for specimen hz18e3
-I- found alteration check  for specimen hz18e3
-I- Start calculating AARM tensors specimen hz18e3
-I- Start calculating ATRM tensor for specimen hz20b2
-I- found ATRM baseline for specimen hz20b2
-I- found alteration check  for specimen hz20b2
-I- Start calculating ATRM tensor for specimen hz20b3
-I- found ATRM baseline for specimen hz20b3
-I- found alteration check  for specimen hz20b3
-I- Start calculating ATRM tensor for specimen hz20b4
-I- found ATRM baseline for specimen hz20b4
-I- found alteration check  for specimen hz20b4
-I- Start calculating ATRM tensor for specimen hz20b6
-I- found ATRM baseline for specimen hz20b6
-I- found alteration check  for specimen hz20b6
-I- Start calculating ATRM tensor for specimen hz20c1
-I- found ATRM baseline for specimen hz20c1
-I- found alteration check  for specimen hz20c1
-I- Start calculating ATRM tensor for specimen hz20c2
-I- found ATRM baseline for specimen hz20c2
-I- found alteration check  for specimen hz20c2
-I- Start calculating ATRM tensor for specimen hz20c3
-I- found ATRM baseline for specimen hz20c3
-I- found alteration check  for specimen hz20c3
-I- Start calculating ATRM tensor for specimen hz20c4
-I- found ATRM baseline for specimen hz20c4
-I- found alteration check  for specimen hz20c4
-I- Start calculating ATRM tensor for specimen hz20c5
-I- found ATRM baseline for specimen hz20c5
-I- found alteration check  for specimen hz20c5
-I- Start calculating AARM tensors specimen hz20c5
-I- Start calculating ATRM tensor for specimen hz20c6
-I- found ATRM baseline for specimen hz20c6
-I- found alteration check  for specimen hz20c6
-I- Start calculating ATRM tensor for specimen hz20e1
-I- found ATRM baseline for specimen hz20e1
-I- found alteration check  for specimen hz20e1
-I- Start calculating ATRM tensor for specimen hz20e3
-I- found ATRM baseline for specimen hz20e3
-I- found alteration check  for specimen hz20e3
-I- Start calculating ATRM tensor for specimen hz20f1
-I- found ATRM baseline for specimen hz20f1
-I- found alteration check  for specimen hz20f1
-I- Start calculating ATRM tensor for specimen hz20f2
-I- found ATRM baseline for specimen hz20f2
-I- found alteration check  for specimen hz20f2
-I- Start calculating ATRM tensor for specimen hz20f3
-I- found ATRM baseline for specimen hz20f3
-I- found alteration check  for specimen hz20f3
-I- Start calculating ATRM tensor for specimen mgf10a01
-I- Found 1 ATRM baselines for specimen mgf10a01 in Zijderveld block. Averaging measurements
-I- found alteration check  for specimen mgf10a01
-I- Start calculating ATRM tensor for specimen mgf10a02
-I- No aTRM baseline for specimen mgf10a02
-I- found alteration check  for specimen mgf10a02
-I- found alteration check  for specimen mgf10a02
-I- Start calculating ATRM tensor for specimen mgf10a03
-I- Found 1 ATRM baselines for specimen mgf10a03 in Zijderveld block. Averaging measurements
-I- found alteration check  for specimen mgf10a03
-I- Start calculating ATRM tensor for specimen mgf10a05
-I- Found 1 ATRM baselines for specimen mgf10a05 in Zijderveld block. Averaging measurements
-I- found alteration check  for specimen mgf10a05
-I- Start calculating ATRM tensor for specimen mgf10b05
-I- Found 1 ATRM baselines for specimen mgf10b05 in Zijderveld block. Averaging measurements
-I- found alteration check  for specimen mgf10b05
-I- Start calculating AARM tensors specimen mgf10b05
-I- Start calculating ATRM tensor for specimen mgf10b06
-I- Found 1 ATRM baselines for specimen mgf10b06 in Zijderveld block. Averaging measurements
-I- found alteration check  for specimen mgf10b06
-I- Start calculating ATRM tensor for specimen mgf10d01
-I- found ATRM baseline for specimen mgf10d01
-I- found alteration check  for specimen mgf10d01
-I- Start calculating ATRM tensor for specimen mgf10d02
-I- Found 1 ATRM baselines for specimen mgf10d02 in Zijderveld block. Averaging measurements
-I- found alteration check  for specimen mgf10d02
-I- Start calculating ATRM tensor for specimen mgf10d03
-I- found ATRM baseline for specimen mgf10d03
-I- found alteration check  for specimen mgf10d03
-I- Start calculating ATRM tensor for specimen mgf10d04
-I- found ATRM baseline for specimen mgf10d04
-I- found alteration check  for specimen mgf10d04
-I- Start calculating ATRM tensor for specimen mgf10d05
-I- found ATRM baseline for specimen mgf10d05
-I- found alteration check  for specimen mgf10d05
-I- Start calculating ATRM tensor for specimen mgf13b01
-I- found ATRM baseline for specimen mgf13b01
-I- found alteration check  for specimen mgf13b01
-I- Start calculating AARM tensors specimen mgf13b01
-I- Start calculating ATRM tensor for specimen mgf13b02
-I- found ATRM baseline for specimen mgf13b02
-I- found alteration check  for specimen mgf13b02
-I- Start calculating AARM tensors specimen mgf13b02
-I- Start calculating ATRM tensor for specimen mgf13b03
-I- Found 1 ATRM baselines for specimen mgf13b03 in Zijderveld block. Averaging measurements
-I- found alteration check  for specimen mgf13b03
-I- Start calculating AARM tensors specimen mgf13b03
-I- Start calculating ATRM tensor for specimen mgf13b04
-I- Found 1 ATRM baselines for specimen mgf13b04 in Zijderveld block. Averaging measurements
-I- found alteration check  for specimen mgf13b04
-I- Start calculating ATRM tensor for specimen mgf13b10
-I- Found 1 ATRM baselines for specimen mgf13b10 in Zijderveld block. Averaging measurements
-I- found alteration check  for specimen mgf13b10
-I- Start calculating AARM tensors specimen mgf13b10
-I- Start calculating ATRM tensor for specimen mgf13b11
-I- Found 1 ATRM baselines for specimen mgf13b11 in Zijderveld block. Averaging measurements
-I- found alteration check  for specimen mgf13b11
-I- Start calculating AARM tensors specimen mgf13b11
-I- Start calculating ATRM tensor for specimen mgf13b13
-I- found ATRM baseline for specimen mgf13b13
-I- found alteration check  for specimen mgf13b13
-I- Start calculating AARM tensors specimen mgf13b13
-I- Start calculating ATRM tensor for specimen mgf13b14
-I- found ATRM baseline for specimen mgf13b14
-I- found alteration check  for specimen mgf13b14
-I- Start calculating ATRM tensor for specimen mgf13d01
-I- Found 1 ATRM baselines for specimen mgf13d01 in Zijderveld block. Averaging measurements
-I- found alteration check  for specimen mgf13d01
-I- Start calculating ATRM tensor for specimen mgf13d02
-I- No aTRM baseline for specimen mgf13d02
-I- found alteration check  for specimen mgf13d02
-I- found alteration check  for specimen mgf13d02
-I- Start calculating AARM tensors specimen mgf13d02
-I- Start calculating ATRM tensor for specimen mgf13d09
-I- Found 1 ATRM baselines for specimen mgf13d09 in Zijderveld block. Averaging measurements
-I- found alteration check  for specimen mgf13d09
-I- Start calculating ATRM tensor for specimen mgf13d10
-I- Found 1 ATRM baselines for specimen mgf13d10 in Zijderveld block. Averaging measurements
-I- found alteration check  for specimen mgf13d10
-I- Start calculating ATRM tensor for specimen mgf13d11
-I- Found 1 ATRM baselines for specimen mgf13d11 in Zijderveld block. Averaging measurements
-I- found alteration check  for specimen mgf13d11
-I- Start calculating ATRM tensor for specimen mgf13d12
-I- Found 1 ATRM baselines for specimen mgf13d12 in Zijderveld block. Averaging measurements
-I- found alteration check  for specimen mgf13d12
-I- Start calculating ATRM tensor for specimen mgf13e01
-I- Found 1 ATRM baselines for specimen mgf13e01 in Zijderveld block. Averaging measurements
-I- found alteration check  for specimen mgf13e01
-I- Start calculating ATRM tensor for specimen mgf13e02
-I- No aTRM baseline for specimen mgf13e02
-I- found alteration check  for specimen mgf13e02
-I- found alteration check  for specimen mgf13e02
-I- Start calculating ATRM tensor for specimen mgf13e05
-I- Found 1 ATRM baselines for specimen mgf13e05 in Zijderveld block. Averaging measurements
-I- found alteration check  for specimen mgf13e05
-I- Start calculating AARM tensors specimen mgf13e05
-I- Start calculating ATRM tensor for specimen mgf13e06
-I- Found 1 ATRM baselines for specimen mgf13e06 in Zijderveld block. Averaging measurements
-W- Warning: no alteration check for specimen mgf13e06 
 -I- Start calculating ATRM tensor for specimen mgf13e07
-I- Found 1 ATRM baselines for specimen mgf13e07 in Zijderveld block. Averaging measurements
-I- found alteration check  for specimen mgf13e07
-I- Start calculating AARM tensors specimen mgf13e07
-I- Start calculating ATRM tensor for specimen mgf13e08
-I- Found 1 ATRM baselines for specimen mgf13e08 in Zijderveld block. Averaging measurements
-I- found alteration check  for specimen mgf13e08
-I- Start calculating AARM tensors specimen mgf13e08
-I- Start calculating ATRM tensor for specimen mgf13e09
-I- Found 1 ATRM baselines for specimen mgf13e09 in Zijderveld block. Averaging measurements
-I- found alteration check  for specimen mgf13e09
-I- Start calculating AARM tensors specimen mgf13e09
-I- Start calculating ATRM tensor for specimen mgf13e10
-I- Found 1 ATRM baselines for specimen mgf13e10 in Zijderveld block. Averaging measurements
-I- found alteration check  for specimen mgf13e10
-I- Start calculating AARM tensors specimen mgf13e10
-I- Start calculating ATRM tensor for specimen mgf13f01
-I- found ATRM baseline for specimen mgf13f01
-I- found alteration check  for specimen mgf13f01
-I- Start calculating ATRM tensor for specimen mgf13f02
-I- found ATRM baseline for specimen mgf13f02
-I- found alteration check  for specimen mgf13f02
-I- Start calculating ATRM tensor for specimen mgf13f03
-I- found ATRM baseline for specimen mgf13f03
-I- found alteration check  for specimen mgf13f03
-I- Start calculating ATRM tensor for specimen mgf13f04
-I- found ATRM baseline for specimen mgf13f04
-I- found alteration check  for specimen mgf13f04
-I- Start calculating ATRM tensor for specimen mgh03a03
-I- Found 1 ATRM baselines for specimen mgh03a03 in Zijderveld block. Averaging measurements
-I- found alteration check  for specimen mgh03a03
-I- Start calculating AARM tensors specimen mgh03a03
-I- Start calculating ATRM tensor for specimen mgh03a04
-I- Found 1 ATRM baselines for specimen mgh03a04 in Zijderveld block. Averaging measurements
-I- found alteration check  for specimen mgh03a04
-I- Start calculating AARM tensors specimen mgh03a04
-I- Start calculating ATRM tensor for specimen mgh03a05
-I- Found 1 ATRM baselines for specimen mgh03a05 in Zijderveld block. Averaging measurements
-I- found alteration check  for specimen mgh03a05
-I- Start calculating AARM tensors specimen mgh03a05
-I- Start calculating ATRM tensor for specimen mgh03a06
-I- No aTRM baseline for specimen mgh03a06
-I- found alteration check  for specimen mgh03a06
-I- found alteration check  for specimen mgh03a06
-I- Start calculating AARM tensors specimen mgh03a06
-I- Start calculating ATRM tensor for specimen mgh03b01
-W- specimen mgh03b01 does not have enough measurements for 6 positions ATRM calculation
-I- Start calculating ATRM tensor for specimen mgh03b02
-I- found ATRM baseline for specimen mgh03b02
-I- found alteration check  for specimen mgh03b02
-I- Start calculating ATRM tensor for specimen mgh03b03
-I- Found 1 ATRM baselines for specimen mgh03b03 in Zijderveld block. Averaging measurements
-I- found alteration check  for specimen mgh03b03
-I- Start calculating ATRM tensor for specimen mgh03b04
-I- Found 1 ATRM baselines for specimen mgh03b04 in Zijderveld block. Averaging measurements
-I- found alteration check  for specimen mgh03b04
-I- Start calculating ATRM tensor for specimen mgh03b05
-I- Found 1 ATRM baselines for specimen mgh03b05 in Zijderveld block. Averaging measurements
-I- found alteration check  for specimen mgh03b05
-I- Start calculating ATRM tensor for specimen mgh03b06
-I- found ATRM baseline for specimen mgh03b06
-I- found alteration check  for specimen mgh03b06
-I- found alteration check  for specimen mgh03b06
-I- found alteration check  for specimen mgh03b06
-I- Start calculating ATRM tensor for specimen mgh03d01
-I- Found 1 ATRM baselines for specimen mgh03d01 in Zijderveld block. Averaging measurements
-I- found alteration check  for specimen mgh03d01
-I- Start calculating ATRM tensor for specimen mgh03d02
-I- Found 1 ATRM baselines for specimen mgh03d02 in Zijderveld block. Averaging measurements
-I- found alteration check  for specimen mgh03d02
-I- Start calculating ATRM tensor for specimen mgh03d03
-I- found ATRM baseline for specimen mgh03d03
-I- found alteration check  for specimen mgh03d03
-I- Start calculating AARM tensors specimen mgh03d03
-I- Start calculating ATRM tensor for specimen mgh03d04
-I- Found 1 ATRM baselines for specimen mgh03d04 in Zijderveld block. Averaging measurements
-I- found alteration check  for specimen mgh03d04
-I- Start calculating ATRM tensor for specimen mgh03d05
-I- No aTRM baseline for specimen mgh03d05
-I- found alteration check  for specimen mgh03d05
-I- found alteration check  for specimen mgh03d05
-I- Start calculating ATRM tensor for specimen mgh03d06
-I- Found 1 ATRM baselines for specimen mgh03d06 in Zijderveld block. Averaging measurements
-I- found alteration check  for specimen mgh03d06
-I- Start calculating ATRM tensor for specimen mgh03d07
-I- Found 1 ATRM baselines for specimen mgh03d07 in Zijderveld block. Averaging measurements
-I- found alteration check  for specimen mgh03d07
-I- Start calculating ATRM tensor for specimen mgh03f01
-I- No aTRM baseline for specimen mgh03f01
-I- found alteration check  for specimen mgh03f01
-I- found alteration check  for specimen mgh03f01
-I- Start calculating AARM tensors specimen mgh03f01
-I- Start calculating ATRM tensor for specimen mgh03f02
-I- No aTRM baseline for specimen mgh03f02
-I- found alteration check  for specimen mgh03f02
-I- found alteration check  for specimen mgh03f02
-I- Start calculating AARM tensors specimen mgh03f02
-I- Start calculating ATRM tensor for specimen mgh03f03
-I- found ATRM baseline for specimen mgh03f03
-I- found alteration check  for specimen mgh03f03
-I- Start calculating ATRM tensor for specimen mgh03f04
-I- found ATRM baseline for specimen mgh03f04
-I- found alteration check  for specimen mgh03f04
-I- Start calculating ATRM tensor for specimen mgh03f05
-I- found ATRM baseline for specimen mgh03f05
-I- found alteration check  for specimen mgh03f05
-I- Start calculating ATRM tensor for specimen mgh03f06
-I- found ATRM baseline for specimen mgh03f06
-I- found alteration check  for specimen mgh03f06
-I- Start calculating AARM tensors specimen mgh03f06
-I- Start calculating ATRM tensor for specimen mgh03f07
-I- found ATRM baseline for specimen mgh03f07
-I- found alteration check  for specimen mgh03f07
-I- Start calculating ATRM tensor for specimen mgh03g01
-I- found ATRM baseline for specimen mgh03g01
-I- found alteration check  for specimen mgh03g01
-I- found alteration check  for specimen mgh03g01
-I- found alteration check  for specimen mgh03g01
-I- Start calculating ATRM tensor for specimen mgh03g02
-I- Found 1 ATRM baselines for specimen mgh03g02 in Zijderveld block. Averaging measurements
-I- found alteration check  for specimen mgh03g02
-I- Start calculating ATRM tensor for specimen mgh03g03
-I- found ATRM baseline for specimen mgh03g03
-I- found alteration check  for specimen mgh03g03
-I- found alteration check  for specimen mgh03g03
-I- found alteration check  for specimen mgh03g03
-I- Start calculating AARM tensors specimen mgh03g03
-I- Start calculating ATRM tensor for specimen mgh03g04
-I- found ATRM baseline for specimen mgh03g04
-I- found alteration check  for specimen mgh03g04
-I- found alteration check  for specimen mgh03g04
-I- found alteration check  for specimen mgh03g04
-I- Start calculating AARM tensors specimen mgh03g04
-I- Start calculating ATRM tensor for specimen mgh03g05
-I- Found 1 ATRM baselines for specimen mgh03g05 in Zijderveld block. Averaging measurements
-I- found alteration check  for specimen mgh03g05
-I- Start calculating ATRM tensor for specimen mgh03g06
-I- Found 1 ATRM baselines for specimen mgh03g06 in Zijderveld block. Averaging measurements
-I- found alteration check  for specimen mgh03g06
-I- Start calculating ATRM tensor for specimen mgh03g07
-I- found ATRM baseline for specimen mgh03g07
-I- found alteration check  for specimen mgh03g07
-I- found alteration check  for specimen mgh03g07
-I- found alteration check  for specimen mgh03g07
-I- Start calculating ATRM tensor for specimen mgh03g08
-I- Found 1 ATRM baselines for specimen mgh03g08 in Zijderveld block. Averaging measurements
-I- found alteration check  for specimen mgh03g08
-I- Start calculating ATRM tensor for specimen mgh03h01
-I- No aTRM baseline for specimen mgh03h01
-I- found alteration check  for specimen mgh03h01
-I- found alteration check  for specimen mgh03h01
-I- Start calculating AARM tensors specimen mgh03h01
-I- Start calculating ATRM tensor for specimen mgh03h02
-I- Found 1 ATRM baselines for specimen mgh03h02 in Zijderveld block. Averaging measurements
-I- found alteration check  for specimen mgh03h02
-I- Start calculating ATRM tensor for specimen mgh03h03
-I- Found 1 ATRM baselines for specimen mgh03h03 in Zijderveld block. Averaging measurements
-I- found alteration check  for specimen mgh03h03
-I- Start calculating ATRM tensor for specimen mgh03h05
-I- Found 1 ATRM baselines for specimen mgh03h05 in Zijderveld block. Averaging measurements
-I- found alteration check  for specimen mgh03h05
-I- Start calculating ATRM tensor for specimen mgh03h06
-I- Found 1 ATRM baselines for specimen mgh03h06 in Zijderveld block. Averaging measurements
-I- found alteration check  for specimen mgh03h06
-I- Start calculating ATRM tensor for specimen mgh03h07
-I- found ATRM baseline for specimen mgh03h07
-I- found alteration check  for specimen mgh03h07
-I- found alteration check  for specimen mgh03h07
-I- found alteration check  for specimen mgh03h07
-I- Start calculating AARM tensors specimen mgh03h07
-I- Start calculating ATRM tensor for specimen mgh03h08
-I- found ATRM baseline for specimen mgh03h08
-I- found alteration check  for specimen mgh03h08
-I- found alteration check  for specimen mgh03h08
-I- found alteration check  for specimen mgh03h08
-I- Start calculating AARM tensors specimen mgh03h08
-I- Start calculating ATRM tensor for specimen mgh03i01
-I- found ATRM baseline for specimen mgh03i01
-I- found alteration check  for specimen mgh03i01
-I- Start calculating ATRM tensor for specimen mgh03i02
-I- found ATRM baseline for specimen mgh03i02
-I- found alteration check  for specimen mgh03i02
-I- Start calculating ATRM tensor for specimen mgh03i03
-I- found ATRM baseline for specimen mgh03i03
-I- found alteration check  for specimen mgh03i03
-I- Start calculating ATRM tensor for specimen mgh03i04
-I- found ATRM baseline for specimen mgh03i04
-I- found alteration check  for specimen mgh03i04
-I- Start calculating ATRM tensor for specimen mgh03i05
-I- found ATRM baseline for specimen mgh03i05
-I- found alteration check  for specimen mgh03i05
-I- Start calculating ATRM tensor for specimen mgh03i06
-I- found ATRM baseline for specimen mgh03i06
-I- found alteration check  for specimen mgh03i06
-I- Start calculating ATRM tensor for specimen mgh03i07
-I- found ATRM baseline for specimen mgh03i07
-I- found alteration check  for specimen mgh03i07
-I- Start calculating ATRM tensor for specimen mgh03j02
-I- found ATRM baseline for specimen mgh03j02
-I- found alteration check  for specimen mgh03j02
-I- Start calculating ATRM tensor for specimen mgh03j04
-I- found ATRM baseline for specimen mgh03j04
-I- found alteration check  for specimen mgh03j04
-I- Start calculating ATRM tensor for specimen mgh03j06
-I- found ATRM baseline for specimen mgh03j06
-I- found alteration check  for specimen mgh03j06
-I- Start calculating ATRM tensor for specimen mgh07b04
-I- No aTRM baseline for specimen mgh07b04
-I- found alteration check  for specimen mgh07b04
-I- Start calculating ATRM tensor for specimen mgh07b05
-I- No aTRM baseline for specimen mgh07b05
-I- found alteration check  for specimen mgh07b05
-I- Start calculating ATRM tensor for specimen mgh07b06
-I- No aTRM baseline for specimen mgh07b06
-I- found alteration check  for specimen mgh07b06
-I- Start calculating ATRM tensor for specimen mgh07b07
-I- No aTRM baseline for specimen mgh07b07
-I- found alteration check  for specimen mgh07b07
-I- found alteration check  for specimen mgh07b07
-I- Start calculating ATRM tensor for specimen mgh07d01
-I- No aTRM baseline for specimen mgh07d01
-I- found alteration check  for specimen mgh07d01
-I- Start calculating ATRM tensor for specimen mgh07d02
-I- found ATRM baseline for specimen mgh07d02
-I- found alteration check  for specimen mgh07d02
-I- found alteration check  for specimen mgh07d02
-I- found alteration check  for specimen mgh07d02
-I- Start calculating AARM tensors specimen mgh07d02
-I- Start calculating ATRM tensor for specimen mgh07d04
-I- found ATRM baseline for specimen mgh07d04
-I- found alteration check  for specimen mgh07d04
-I- found alteration check  for specimen mgh07d04
-I- found alteration check  for specimen mgh07d04
-I- Start calculating ATRM tensor for specimen mgh07d05
-I- Found 1 ATRM baselines for specimen mgh07d05 in Zijderveld block. Averaging measurements
-I- found alteration check  for specimen mgh07d05
-I- Start calculating ATRM tensor for specimen mgh07d06
-I- Found 1 ATRM baselines for specimen mgh07d06 in Zijderveld block. Averaging measurements
-I- found alteration check  for specimen mgh07d06
-I- Start calculating ATRM tensor for specimen mgh07e01
-I- found ATRM baseline for specimen mgh07e01
-I- found alteration check  for specimen mgh07e01
-I- found alteration check  for specimen mgh07e01
-I- found alteration check  for specimen mgh07e01
-I- Start calculating ATRM tensor for specimen mgh07e03
-I- found ATRM baseline for specimen mgh07e03
-I- found alteration check  for specimen mgh07e03
-I- found alteration check  for specimen mgh07e03
-I- Start calculating ATRM tensor for specimen mgh07e04
-I- Found 1 ATRM baselines for specimen mgh07e04 in Zijderveld block. Averaging measurements
-I- found alteration check  for specimen mgh07e04
-I- Start calculating ATRM tensor for specimen mgh07e07
-I- Found 1 ATRM baselines for specimen mgh07e07 in Zijderveld block. Averaging measurements
-I- found alteration check  for specimen mgh07e07
-I- Start calculating ATRM tensor for specimen mgh07e08
-I- Found 1 ATRM baselines for specimen mgh07e08 in Zijderveld block. Averaging measurements
-I- found alteration check  for specimen mgh07e08
-I- Start calculating ATRM tensor for specimen mgh07e09
-I- Found 1 ATRM baselines for specimen mgh07e09 in Zijderveld block. Averaging measurements
-I- found alteration check  for specimen mgh07e09
-I- Start calculating ATRM tensor for specimen mgh09c01
-I- found ATRM baseline for specimen mgh09c01
-I- found alteration check  for specimen mgh09c01
-I- Start calculating ATRM tensor for specimen mgh09c02
-I- found ATRM baseline for specimen mgh09c02
-I- found alteration check  for specimen mgh09c02
-I- Start calculating ATRM tensor for specimen mgh09h01
-I- Found 1 ATRM baselines for specimen mgh09h01 in Zijderveld block. Averaging measurements
-I- found alteration check  for specimen mgh09h01
-I- Start calculating ATRM tensor for specimen mgh09h02
-I- Found 1 ATRM baselines for specimen mgh09h02 in Zijderveld block. Averaging measurements
-I- found alteration check  for specimen mgh09h02
-I- Start calculating ATRM tensor for specimen mgh09h04
-I- Found 1 ATRM baselines for specimen mgh09h04 in Zijderveld block. Averaging measurements
-I- found alteration check  for specimen mgh09h04
-I- Start calculating ATRM tensor for specimen mgh09h05
-I- Found 1 ATRM baselines for specimen mgh09h05 in Zijderveld block. Averaging measurements
-I- found alteration check  for specimen mgh09h05
-I- Start calculating ATRM tensor for specimen mgh09h06
-I- Found 1 ATRM baselines for specimen mgh09h06 in Zijderveld block. Averaging measurements
-I- found alteration check  for specimen mgh09h06
-I- Start calculating ATRM tensor for specimen mgh09j02
-I- Found 1 ATRM baselines for specimen mgh09j02 in Zijderveld block. Averaging measurements
-I- found alteration check  for specimen mgh09j02
-I- Start calculating ATRM tensor for specimen mgh09j03
-I- Found 1 ATRM baselines for specimen mgh09j03 in Zijderveld block. Averaging measurements
-I- found alteration check  for specimen mgh09j03
-I- Start calculating ATRM tensor for specimen mgh09j04
-I- Found 1 ATRM baselines for specimen mgh09j04 in Zijderveld block. Averaging measurements
-I- found alteration check  for specimen mgh09j04
-I- Start calculating ATRM tensor for specimen mgh09j05
-I- Found 1 ATRM baselines for specimen mgh09j05 in Zijderveld block. Averaging measurements
-I- found alteration check  for specimen mgh09j05
-I- Start calculating ATRM tensor for specimen mgh09k01
-I- Found 1 ATRM baselines for specimen mgh09k01 in Zijderveld block. Averaging measurements
-I- found alteration check  for specimen mgh09k01
-I- Start calculating ATRM tensor for specimen mgh09k02
-I- Found 1 ATRM baselines for specimen mgh09k02 in Zijderveld block. Averaging measurements
-I- found alteration check  for specimen mgh09k02
-I- Start calculating ATRM tensor for specimen mgh09k03
-I- Found 1 ATRM baselines for specimen mgh09k03 in Zijderveld block. Averaging measurements
-I- found alteration check  for specimen mgh09k03
-I- Start calculating ATRM tensor for specimen mgh09k04
-I- found ATRM baseline for specimen mgh09k04
-I- found alteration check  for specimen mgh09k04
-I- found alteration check  for specimen mgh09k04
-I- found alteration check  for specimen mgh09k04
-I- Start calculating ATRM tensor for specimen mgh09k05
-I- Found 1 ATRM baselines for specimen mgh09k05 in Zijderveld block. Averaging measurements
-I- found alteration check  for specimen mgh09k05
-I- Start calculating ATRM tensor for specimen mgh09l01
-I- Found 1 ATRM baselines for specimen mgh09l01 in Zijderveld block. Averaging measurements
-I- found alteration check  for specimen mgh09l01
-I- Start calculating ATRM tensor for specimen mgh09l02
-I- found ATRM baseline for specimen mgh09l02
-I- found alteration check  for specimen mgh09l02
-I- found alteration check  for specimen mgh09l02
-I- found alteration check  for specimen mgh09l02
-I- Start calculating AARM tensors specimen mgh09l02
-I- Start calculating ATRM tensor for specimen mgh09l03
-I- found ATRM baseline for specimen mgh09l03
-I- found alteration check  for specimen mgh09l03
-I- found alteration check  for specimen mgh09l03
-I- found alteration check  for specimen mgh09l03
-I- Start calculating AARM tensors specimen mgh09l03
-I- Start calculating ATRM tensor for specimen mgh09l04
-I- found ATRM baseline for specimen mgh09l04
-I- found alteration check  for specimen mgh09l04
-I- found alteration check  for specimen mgh09l04
-I- found alteration check  for specimen mgh09l04
-I- Start calculating AARM tensors specimen mgh09l04
-I- Start calculating ATRM tensor for specimen mgh09m01
-I- Found 1 ATRM baselines for specimen mgh09m01 in Zijderveld block. Averaging measurements
-I- found alteration check  for specimen mgh09m01
-I- Start calculating ATRM tensor for specimen mgh09m02
-I- Found 1 ATRM baselines for specimen mgh09m02 in Zijderveld block. Averaging measurements
-I- found alteration check  for specimen mgh09m02
-I- Start calculating ATRM tensor for specimen mgh09m03
-I- Found 1 ATRM baselines for specimen mgh09m03 in Zijderveld block. Averaging measurements
-I- found alteration check  for specimen mgh09m03
-I- Start calculating ATRM tensor for specimen mgh09m04
-I- Found 1 ATRM baselines for specimen mgh09m04 in Zijderveld block. Averaging measurements
-I- found alteration check  for specimen mgh09m04
-I- Start calculating ATRM tensor for specimen mgh09m05
-I- found ATRM baseline for specimen mgh09m05
-I- found alteration check  for specimen mgh09m05
-I- Start calculating ATRM tensor for specimen mgh09m06
-I- found ATRM baseline for specimen mgh09m06
-I- found alteration check  for specimen mgh09m06
-I- Start calculating ATRM tensor for specimen mgh09p02
-I- found ATRM baseline for specimen mgh09p02
-I- found alteration check  for specimen mgh09p02
-I- Start calculating AARM tensors specimen mgh09p02
-I- Start calculating ATRM tensor for specimen mgh12t1PI01
-I- No aTRM baseline for specimen mgh12t1PI01
-I- found alteration check  for specimen mgh12t1PI01
-I- Start calculating AARM tensors specimen mgh12t1PI01
-I- Start calculating ATRM tensor for specimen mgh12t1PI02
-I- No aTRM baseline for specimen mgh12t1PI02
-I- found alteration check  for specimen mgh12t1PI02
-I- Start calculating AARM tensors specimen mgh12t1PI02
-I- Start calculating ATRM tensor for specimen mgh12t1PI03
-I- No aTRM baseline for specimen mgh12t1PI03
-I- found alteration check  for specimen mgh12t1PI03
-I- found alteration check  for specimen mgh12t1PI03
-I- Start calculating ATRM tensor for specimen mgh12t1PI04
-I- No aTRM baseline for specimen mgh12t1PI04
-I- found alteration check  for specimen mgh12t1PI04
-I- found alteration check  for specimen mgh12t1PI04
-E- ERROR: missing atrm data for specimen mgh12t1PI04
-E- ERROR: missing atrm data for specimen mgh12t1PI04
-I- Start calculating ATRM tensor for specimen mgh12t1PI05
-I- No aTRM baseline for specimen mgh12t1PI05
-I- found alteration check  for specimen mgh12t1PI05
-I- Start calculating AARM tensors specimen mgh12t1PI05
-I- Start calculating ATRM tensor for specimen mgj04a01
-W- specimen mgj04a01 does not have enough measurements for 6 positions ATRM calculation
-I- Start calculating ATRM tensor for specimen mgj04a02
-I- No aTRM baseline for specimen mgj04a02
-I- found alteration check  for specimen mgj04a02
-I- found alteration check  for specimen mgj04a02
-I- Start calculating ATRM tensor for specimen mgj04a03
-I- No aTRM baseline for specimen mgj04a03
-I- found alteration check  for specimen mgj04a03
-I- found alteration check  for specimen mgj04a03
-I- Start calculating AARM tensors specimen mgj04a03
-I- Start calculating ATRM tensor for specimen mgj04a04
-I- Found 1 ATRM baselines for specimen mgj04a04 in Zijderveld block. Averaging measurements
-I- found alteration check  for specimen mgj04a04
-I- Start calculating ATRM tensor for specimen mgj04b01
-I- found ATRM baseline for specimen mgj04b01
-I- found alteration check  for specimen mgj04b01
-I- Start calculating AARM tensors specimen mgj04b01
-I- Start calculating ATRM tensor for specimen mgj04b02
-I- Found 1 ATRM baselines for specimen mgj04b02 in Zijderveld block. Averaging measurements
-I- found alteration check  for specimen mgj04b02
-I- Start calculating ATRM tensor for specimen mgj04b03
-I- Found 1 ATRM baselines for specimen mgj04b03 in Zijderveld block. Averaging measurements
-I- found alteration check  for specimen mgj04b03
-I- Start calculating AARM tensors specimen mgj04b03
-I- Start calculating ATRM tensor for specimen mgj04b04
-I- Found 1 ATRM baselines for specimen mgj04b04 in Zijderveld block. Averaging measurements
-I- found alteration check  for specimen mgj04b04
-I- Start calculating AARM tensors specimen mgj04b04
-I- Start calculating ATRM tensor for specimen mgj04b05
-I- Found 1 ATRM baselines for specimen mgj04b05 in Zijderveld block. Averaging measurements
-I- found alteration check  for specimen mgj04b05
-I- Start calculating ATRM tensor for specimen mgj04b06
-I- Found 1 ATRM baselines for specimen mgj04b06 in Zijderveld block. Averaging measurements
-I- found alteration check  for specimen mgj04b06
-I- Start calculating ATRM tensor for specimen mgj04b07
-I- Found 1 ATRM baselines for specimen mgj04b07 in Zijderveld block. Averaging measurements
-I- found alteration check  for specimen mgj04b07
-I- Start calculating ATRM tensor for specimen mgj04b08
-I- Found 1 ATRM baselines for specimen mgj04b08 in Zijderveld block. Averaging measurements
-I- found alteration check  for specimen mgj04b08
-I- Start calculating ATRM tensor for specimen mgj04b09
-I- Found 1 ATRM baselines for specimen mgj04b09 in Zijderveld block. Averaging measurements
-I- found alteration check  for specimen mgj04b09
-I- Start calculating ATRM tensor for specimen mgj04b10
-I- Found 1 ATRM baselines for specimen mgj04b10 in Zijderveld block. Averaging measurements
-I- found alteration check  for specimen mgj04b10
-I- Start calculating ATRM tensor for specimen mgj04b11
-I- Found 1 ATRM baselines for specimen mgj04b11 in Zijderveld block. Averaging measurements
-I- found alteration check  for specimen mgj04b11
-I- Start calculating ATRM tensor for specimen mgj04b12
-I- Found 1 ATRM baselines for specimen mgj04b12 in Zijderveld block. Averaging measurements
-I- found alteration check  for specimen mgj04b12
-I- Start calculating ATRM tensor for specimen mgj04d02
-I- Found 1 ATRM baselines for specimen mgj04d02 in Zijderveld block. Averaging measurements
-I- found alteration check  for specimen mgj04d02
-I- Start calculating ATRM tensor for specimen mgj04d03
-I- Found 1 ATRM baselines for specimen mgj04d03 in Zijderveld block. Averaging measurements
-I- found alteration check  for specimen mgj04d03
-I- Start calculating ATRM tensor for specimen mgj04d04
-I- Found 1 ATRM baselines for specimen mgj04d04 in Zijderveld block. Averaging measurements
-I- found alteration check  for specimen mgj04d04
-I- Start calculating ATRM tensor for specimen mgj04d05
-I- Found 1 ATRM baselines for specimen mgj04d05 in Zijderveld block. Averaging measurements
-I- found alteration check  for specimen mgj04d05
-I- Start calculating ATRM tensor for specimen mgj04d06
-I- Found 1 ATRM baselines for specimen mgj04d06 in Zijderveld block. Averaging measurements
-I- found alteration check  for specimen mgj04d06
-I- Start calculating ATRM tensor for specimen mgj04d07
-I- Found 1 ATRM baselines for specimen mgj04d07 in Zijderveld block. Averaging measurements
-I- found alteration check  for specimen mgj04d07
-I- Start calculating ATRM tensor for specimen mgj04d08
-I- Found 1 ATRM baselines for specimen mgj04d08 in Zijderveld block. Averaging measurements
-I- found alteration check  for specimen mgj04d08
-I- Start calculating ATRM tensor for specimen mgj04d09
-I- Found 1 ATRM baselines for specimen mgj04d09 in Zijderveld block. Averaging measurements
-I- found alteration check  for specimen mgj04d09
-I- Start calculating ATRM tensor for specimen mgj04d10
-I- Found 1 ATRM baselines for specimen mgj04d10 in Zijderveld block. Averaging measurements
-I- found alteration check  for specimen mgj04d10
-I- Start calculating ATRM tensor for specimen mgj04d11
-I- Found 1 ATRM baselines for specimen mgj04d11 in Zijderveld block. Averaging measurements
-I- found alteration check  for specimen mgj04d11
-I- Start calculating ATRM tensor for specimen mgj04d12
-I- Found 1 ATRM baselines for specimen mgj04d12 in Zijderveld block. Averaging measurements
-I- found alteration check  for specimen mgj04d12
-I- Start calculating ATRM tensor for specimen mgj06a01
-I- Found 1 ATRM baselines for specimen mgj06a01 in Zijderveld block. Averaging measurements
-I- found alteration check  for specimen mgj06a01
-I- Start calculating AARM tensors specimen mgj06a01
-I- Start calculating ATRM tensor for specimen mgj06a02
-I- Found 1 ATRM baselines for specimen mgj06a02 in Zijderveld block. Averaging measurements
-I- found alteration check  for specimen mgj06a02
-I- Start calculating AARM tensors specimen mgj06a02
-I- Start calculating ATRM tensor for specimen mgj06a03
-I- Found 1 ATRM baselines for specimen mgj06a03 in Zijderveld block. Averaging measurements
-I- found alteration check  for specimen mgj06a03
-I- Start calculating ATRM tensor for specimen mgj06a04
-I- Found 1 ATRM baselines for specimen mgj06a04 in Zijderveld block. Averaging measurements
-I- found alteration check  for specimen mgj06a04
-I- Start calculating ATRM tensor for specimen mgj06b01
-I- Found 1 ATRM baselines for specimen mgj06b01 in Zijderveld block. Averaging measurements
-I- found alteration check  for specimen mgj06b01
-I- Start calculating AARM tensors specimen mgj06b01
-I- Start calculating ATRM tensor for specimen mgj06b02
-I- Found 1 ATRM baselines for specimen mgj06b02 in Zijderveld block. Averaging measurements
-I- found alteration check  for specimen mgj06b02
-I- Start calculating AARM tensors specimen mgj06b02
-I- Start calculating ATRM tensor for specimen mgj06b03
-I- No aTRM baseline for specimen mgj06b03
-I- found alteration check  for specimen mgj06b03
-I- found alteration check  for specimen mgj06b03
-I- Start calculating AARM tensors specimen mgj06b03
-I- Start calculating ATRM tensor for specimen mgj06b04
-I- Found 1 ATRM baselines for specimen mgj06b04 in Zijderveld block. Averaging measurements
-I- found alteration check  for specimen mgj06b04
-I- Start calculating ATRM tensor for specimen mgj06c01
-I- Found 1 ATRM baselines for specimen mgj06c01 in Zijderveld block. Averaging measurements
-I- found alteration check  for specimen mgj06c01
-I- Start calculating ATRM tensor for specimen mgj06c02
-I- Found 1 ATRM baselines for specimen mgj06c02 in Zijderveld block. Averaging measurements
-I- found alteration check  for specimen mgj06c02
-I- Start calculating ATRM tensor for specimen mgj06c03
-I- Found 1 ATRM baselines for specimen mgj06c03 in Zijderveld block. Averaging measurements
-I- found alteration check  for specimen mgj06c03
-I- Start calculating ATRM tensor for specimen mgj06c04
-I- Found 1 ATRM baselines for specimen mgj06c04 in Zijderveld block. Averaging measurements
-I- found alteration check  for specimen mgj06c04
-I- Start calculating ATRM tensor for specimen mgj06d01
-I- Found 1 ATRM baselines for specimen mgj06d01 in Zijderveld block. Averaging measurements
-I- found alteration check  for specimen mgj06d01
-I- Start calculating ATRM tensor for specimen mgj06d02
-I- Found 1 ATRM baselines for specimen mgj06d02 in Zijderveld block. Averaging measurements
-I- found alteration check  for specimen mgj06d02
-I- Start calculating ATRM tensor for specimen mgj06d03
-I- Found 1 ATRM baselines for specimen mgj06d03 in Zijderveld block. Averaging measurements
-I- found alteration check  for specimen mgj06d03
-I- Start calculating ATRM tensor for specimen mgj06d04
-I- No aTRM baseline for specimen mgj06d04
-I- found alteration check  for specimen mgj06d04
-I- found alteration check  for specimen mgj06d04
-I- Start calculating ATRM tensor for specimen mgk06a03
-I- found ATRM baseline for specimen mgk06a03
-I- found alteration check  for specimen mgk06a03
-I- Start calculating AARM tensors specimen mgk06a03
-I- Start calculating ATRM tensor for specimen mgk06a04
-I- No aTRM baseline for specimen mgk06a04
-I- found alteration check  for specimen mgk06a04
-I- Start calculating ATRM tensor for specimen mgk06a05
-I- No aTRM baseline for specimen mgk06a05
-I- found alteration check  for specimen mgk06a05
-I- Start calculating AARM tensors specimen mgk06a05
-I- Start calculating AARM tensors specimen mgk06a06
-I- Start calculating ATRM tensor for specimen mgk06a07
-I- No aTRM baseline for specimen mgk06a07
-I- found alteration check  for specimen mgk06a07
-I- Start calculating ATRM tensor for specimen mgk06a08
-I- No aTRM baseline for specimen mgk06a08
-I- found alteration check  for specimen mgk06a08
-I- found alteration check  for specimen mgk06a08
-I- Start calculating ATRM tensor for specimen mgk06a09
-I- Found 1 ATRM baselines for specimen mgk06a09 in Zijderveld block. Averaging measurements
-I- found alteration check  for specimen mgk06a09
-I- Start calculating ATRM tensor for specimen mgk06a10
-I- No aTRM baseline for specimen mgk06a10
-I- found alteration check  for specimen mgk06a10
-I- found alteration check  for specimen mgk06a10
-I- Start calculating AARM tensors specimen mgk06a10
-I- Start calculating ATRM tensor for specimen mgk06b04
-I- Found 1 ATRM baselines for specimen mgk06b04 in Zijderveld block. Averaging measurements
-I- found alteration check  for specimen mgk06b04
-I- Start calculating ATRM tensor for specimen mgk06b05
-I- Found 1 ATRM baselines for specimen mgk06b05 in Zijderveld block. Averaging measurements
-I- found alteration check  for specimen mgk06b05
-I- Start calculating ATRM tensor for specimen mgk06b06
-I- Found 1 ATRM baselines for specimen mgk06b06 in Zijderveld block. Averaging measurements
-I- found alteration check  for specimen mgk06b06
-I- Start calculating ATRM tensor for specimen mgk06b07
-I- Found 1 ATRM baselines for specimen mgk06b07 in Zijderveld block. Averaging measurements
-I- found alteration check  for specimen mgk06b07
-I- Start calculating ATRM tensor for specimen mgk06c03
-I- found ATRM baseline for specimen mgk06c03
-I- found alteration check  for specimen mgk06c03
-I- Start calculating ATRM tensor for specimen mgk06c04
-I- found ATRM baseline for specimen mgk06c04
-I- found alteration check  for specimen mgk06c04
-I- Start calculating ATRM tensor for specimen mgk06c05
-I- found ATRM baseline for specimen mgk06c05
-I- found alteration check  for specimen mgk06c05
-I- Start calculating ATRM tensor for specimen mgk06c06
-I- found ATRM baseline for specimen mgk06c06
-I- found alteration check  for specimen mgk06c06
-I- Start calculating ATRM tensor for specimen mgk06c07
-I- found ATRM baseline for specimen mgk06c07
-I- found alteration check  for specimen mgk06c07
-I- Start calculating ATRM tensor for specimen mgk06d01
-I- No aTRM baseline for specimen mgk06d01
-I- found alteration check  for specimen mgk06d01
-I- Start calculating ATRM tensor for specimen mgk06d02
-I- No aTRM baseline for specimen mgk06d02
-I- found alteration check  for specimen mgk06d02
-I- Start calculating ATRM tensor for specimen mgk06d03
-I- No aTRM baseline for specimen mgk06d03
-I- found alteration check  for specimen mgk06d03
-I- found alteration check  for specimen mgk06d03
-I- Start calculating AARM tensors specimen mgk06d03
-I- Start calculating ATRM tensor for specimen mgk06d04
-I- Found 1 ATRM baselines for specimen mgk06d04 in Zijderveld block. Averaging measurements
-I- found alteration check  for specimen mgk06d04
-I- Start calculating ATRM tensor for specimen mgk06d05
-I- Found 1 ATRM baselines for specimen mgk06d05 in Zijderveld block. Averaging measurements
-I- found alteration check  for specimen mgk06d05
-I- Start calculating ATRM tensor for specimen mgk08a01
-I- No aTRM baseline for specimen mgk08a01
-I- found alteration check  for specimen mgk08a01
-I- Start calculating ATRM tensor for specimen mgk08a02
-I- No aTRM baseline for specimen mgk08a02
-I- found alteration check  for specimen mgk08a02
-I- Start calculating ATRM tensor for specimen mgk08a03
-I- No aTRM baseline for specimen mgk08a03
-I- found alteration check  for specimen mgk08a03
-I- Start calculating ATRM tensor for specimen mgk08a04
-I- No aTRM baseline for specimen mgk08a04
-I- found alteration check  for specimen mgk08a04
-I- found alteration check  for specimen mgk08a04
-I- Start calculating ATRM tensor for specimen mgk08a05
-I- No aTRM baseline for specimen mgk08a05
-I- found alteration check  for specimen mgk08a05
-I- found alteration check  for specimen mgk08a05
-I- Start calculating ATRM tensor for specimen mgk08b01
-I- No aTRM baseline for specimen mgk08b01
-I- found alteration check  for specimen mgk08b01
-I- Start calculating ATRM tensor for specimen mgk08b03
-I- No aTRM baseline for specimen mgk08b03
-I- found alteration check  for specimen mgk08b03
-I- found alteration check  for specimen mgk08b03
-I- Start calculating ATRM tensor for specimen mgk08b04
-I- Found 1 ATRM baselines for specimen mgk08b04 in Zijderveld block. Averaging measurements
-I- found alteration check  for specimen mgk08b04
-I- Start calculating ATRM tensor for specimen mgk08b05
-I- Found 1 ATRM baselines for specimen mgk08b05 in Zijderveld block. Averaging measurements
-I- found alteration check  for specimen mgk08b05
-I- Start calculating ATRM tensor for specimen mgk08b06
-I- Found 1 ATRM baselines for specimen mgk08b06 in Zijderveld block. Averaging measurements
-I- found alteration check  for specimen mgk08b06
-I- Start calculating ATRM tensor for specimen mgk08c01
-I- Found 1 ATRM baselines for specimen mgk08c01 in Zijderveld block. Averaging measurements
-I- found alteration check  for specimen mgk08c01
-I- Start calculating ATRM tensor for specimen mgk08c02
-I- Found 1 ATRM baselines for specimen mgk08c02 in Zijderveld block. Averaging measurements
-I- found alteration check  for specimen mgk08c02
-I- Start calculating ATRM tensor for specimen mgk08c04
-I- Found 1 ATRM baselines for specimen mgk08c04 in Zijderveld block. Averaging measurements
-I- found alteration check  for specimen mgk08c04
-I- Start calculating ATRM tensor for specimen mgk08c05
-I- Found 1 ATRM baselines for specimen mgk08c05 in Zijderveld block. Averaging measurements
-I- found alteration check  for specimen mgk08c05
-I- Start calculating ATRM tensor for specimen mgk08e01
-I- Found 1 ATRM baselines for specimen mgk08e01 in Zijderveld block. Averaging measurements
-I- found alteration check  for specimen mgk08e01
-I- Start calculating AARM tensors specimen mgk08e01
-I- Start calculating ATRM tensor for specimen mgk08e02
-I- Found 1 ATRM baselines for specimen mgk08e02 in Zijderveld block. Averaging measurements
-I- found alteration check  for specimen mgk08e02
-I- Start calculating ATRM tensor for specimen mgk08e03
-I- Found 1 ATRM baselines for specimen mgk08e03 in Zijderveld block. Averaging measurements
-I- found alteration check  for specimen mgk08e03
-I- Start calculating AARM tensors specimen mgk08e03
-I- Start calculating ATRM tensor for specimen mgk08e05
-I- Found 1 ATRM baselines for specimen mgk08e05 in Zijderveld block. Averaging measurements
-I- found alteration check  for specimen mgk08e05
-I- Start calculating ATRM tensor for specimen mgk08e06
-I- found ATRM baseline for specimen mgk08e06
-I- found alteration check  for specimen mgk08e06
-I- Start calculating ATRM tensor for specimen mgk08e07
-I- found ATRM baseline for specimen mgk08e07
-I- found alteration check  for specimen mgk08e07
-I- Start calculating ATRM tensor for specimen mgk09t1PI01
-I- No aTRM baseline for specimen mgk09t1PI01
-I- found alteration check  for specimen mgk09t1PI01
-I- Start calculating ATRM tensor for specimen mgk09t1PI02
-I- No aTRM baseline for specimen mgk09t1PI02
-I- found alteration check  for specimen mgk09t1PI02
-I- Start calculating ATRM tensor for specimen mgk09t1PI06
-I- found ATRM baseline for specimen mgk09t1PI06
-I- found alteration check  for specimen mgk09t1PI06
-I- Start calculating ATRM tensor for specimen mgk09t1PI07
-I- Found 1 ATRM baselines for specimen mgk09t1PI07 in Zijderveld block. Averaging measurements
-I- found alteration check  for specimen mgk09t1PI07
-I- Start calculating AARM tensors specimen mgk09t1PI07
-I- Start calculating ATRM tensor for specimen mgk09t1PI08
-I- Found 1 ATRM baselines for specimen mgk09t1PI08 in Zijderveld block. Averaging measurements
-I- found alteration check  for specimen mgk09t1PI08
-I- Start calculating AARM tensors specimen mgk09t1PI08
-I- Start calculating ATRM tensor for specimen mgq05t1PI02
-I- No aTRM baseline for specimen mgq05t1PI02
-I- found alteration check  for specimen mgq05t1PI02
-I- found alteration check  for specimen mgq05t1PI02
-I- Start calculating AARM tensors specimen mgq05t1PI02
-I- Start calculating ATRM tensor for specimen mgq05t1PI03
-I- No aTRM baseline for specimen mgq05t1PI03
-I- found alteration check  for specimen mgq05t1PI03
-I- found alteration check  for specimen mgq05t1PI03
-I- Start calculating AARM tensors specimen mgq05t1PI03
-I- Start calculating ATRM tensor for specimen mgq05t1PI04
-I- found ATRM baseline for specimen mgq05t1PI04
-I- found alteration check  for specimen mgq05t1PI04
-I- Start calculating AARM tensors specimen mgq05t1PI04
-I- Start calculating ATRM tensor for specimen mgq05t1PI06
-I- found ATRM baseline for specimen mgq05t1PI06
-I- found alteration check  for specimen mgq05t1PI06
-I- Start calculating ATRM tensor for specimen mgq05t1PI07
-I- Found 1 ATRM baselines for specimen mgq05t1PI07 in Zijderveld block. Averaging measurements
-I- found alteration check  for specimen mgq05t1PI07
-I- Start calculating ATRM tensor for specimen mgq05t1PI08
-I- Found 1 ATRM baselines for specimen mgq05t1PI08 in Zijderveld block. Averaging measurements
-I- found alteration check  for specimen mgq05t1PI08
-I- Start calculating ATRM tensor for specimen mgq05t2PI01
-I- No aTRM baseline for specimen mgq05t2PI01
-I- found alteration check  for specimen mgq05t2PI01
-I- Start calculating AARM tensors specimen mgq05t2PI01
-I- Start calculating ATRM tensor for specimen mgq05t2PI02
-I- No aTRM baseline for specimen mgq05t2PI02
-I- found alteration check  for specimen mgq05t2PI02
-I- Start calculating AARM tensors specimen mgq05t2PI02
-I- Start calculating ATRM tensor for specimen mgq05t2PI03
-I- No aTRM baseline for specimen mgq05t2PI03
-I- found alteration check  for specimen mgq05t2PI03
-I- Start calculating AARM tensors specimen mgq05t2PI03
-I- Start calculating ATRM tensor for specimen mgq05t2PI04
-I- No aTRM baseline for specimen mgq05t2PI04
-I- found alteration check  for specimen mgq05t2PI04
-I- Start calculating AARM tensors specimen mgq05t2PI04
-I- Start calculating ATRM tensor for specimen mgq05t2PI05
-I- No aTRM baseline for specimen mgq05t2PI05
-I- found alteration check  for specimen mgq05t2PI05
-I- Start calculating ATRM tensor for specimen mgq05t2PI06
-I- Found 1 ATRM baselines for specimen mgq05t2PI06 in Zijderveld block. Averaging measurements
-I- found alteration check  for specimen mgq05t2PI06
-I- Start calculating ATRM tensor for specimen mgq05t2PI07
-I- Found 1 ATRM baselines for specimen mgq05t2PI07 in Zijderveld block. Averaging measurements
-I- found alteration check  for specimen mgq05t2PI07
-I- Start calculating ATRM tensor for specimen mgq05t2PI09
-I- Found 1 ATRM baselines for specimen mgq05t2PI09 in Zijderveld block. Averaging measurements
-I- found alteration check  for specimen mgq05t2PI09
-I- Start calculating ATRM tensor for specimen mgq05t2PI10
-I- No aTRM baseline for specimen mgq05t2PI10
-I- found alteration check  for specimen mgq05t2PI10
-I- found alteration check  for specimen mgq05t2PI10
-I- Start calculating AARM tensors specimen mgq05t2PI10
