This is pdfTeX, Version 3.14159265-2.6-1.40.15 (TeX Live 2014) (preloaded format=pdflatex 2016.2.26)  13 JUN 2017 11:57
entering extended mode
 \write18 enabled.
 %&-line parsing enabled.
**teca_users_guide.tex
(./teca_users_guide.tex
LaTeX2e <2011/06/27>
Babel <3.9k> and hyphenation patterns for 2 languages loaded.
(/usr/share/texlive/texmf-dist/tex/latex/koma-script/scrreprt.cls
Document Class: scrreprt 2013/12/19 v3.12 KOMA-Script document class (report)
(/usr/share/texlive/texmf-dist/tex/latex/koma-script/scrkbase.sty
Package: scrkbase 2013/12/19 v3.12 KOMA-Script package (KOMA-Script-dependent b
asics and keyval usage)

(/usr/share/texlive/texmf-dist/tex/latex/koma-script/scrbase.sty
Package: scrbase 2013/12/19 v3.12 KOMA-Script package (KOMA-Script-independent 
basics and keyval usage)

(/usr/share/texlive/texmf-dist/tex/latex/graphics/keyval.sty
Package: keyval 1999/03/16 v1.13 key=value parser (DPC)
\KV@toks@=\toks14
)
(/usr/share/texlive/texmf-dist/tex/latex/koma-script/scrlfile.sty
Package: scrlfile 2013/12/19 v3.12 KOMA-Script package (loading files)

Package scrlfile, 2013/12/19 v3.12 KOMA-Script package (loading files)
                  Copyright (C) Markus Kohm

))) (/usr/share/texlive/texmf-dist/tex/latex/koma-script/tocbasic.sty
Package: tocbasic 2013/12/19 v3.12 KOMA-Script package (handling toc-files)
)
Package tocbasic Info: omitting babel extension for `toc'
(tocbasic)             because of feature `nobabel' available
(tocbasic)             for `toc' on input line 117.
Package tocbasic Info: omitting babel extension for `lof'
(tocbasic)             because of feature `nobabel' available
(tocbasic)             for `lof' on input line 118.
Package tocbasic Info: omitting babel extension for `lot'
(tocbasic)             because of feature `nobabel' available
(tocbasic)             for `lot' on input line 119.
Package tocbasic Info: defining new hook before heading of `' on input line 112
3.
Package scrreprt Info: You've used standard option `10pt'.
(scrreprt)             This is correct!
(scrreprt)             Internally I'm using `fontsize=10pt'.
(scrreprt)             If you'd like to set the option with \KOMAoptions,
(scrreprt)             you'd have to use `fontsize=10pt' there
(scrreprt)             instead of `10pt', too.
Class scrreprt Info: File `scrsize10pt.clo' used to setup font sizes on input l
ine 1655.

(/usr/share/texlive/texmf-dist/tex/latex/koma-script/scrsize10pt.clo
File: scrsize10pt.clo 2013/12/19 v3.12 KOMA-Script font size class option (10pt
)
)
(/usr/share/texlive/texmf-dist/tex/latex/koma-script/typearea.sty
Package: typearea 2013/12/19 v3.12 KOMA-Script package (type area)

Package typearea, 2013/12/19 v3.12 KOMA-Script package (type area)
                  Copyright (C) Frank Neukam, 1992-1994
                  Copyright (C) Markus Kohm, 1994-

\ta@bcor=\skip41
\ta@div=\count79
Package typearea Info: You've used standard option `a4paper'.
(typearea)             This is correct!
(typearea)             Internally I'm using `paper=a4'.
(typearea)             If you'd like to set the option with \KOMAoptions,
(typearea)             you'd have to use `paper=a4' there
(typearea)             instead of `a4paper', too.
\ta@hblk=\skip42
\ta@vblk=\skip43
\ta@temp=\skip44
\footheight=\skip45

Package typearea Warning: Bad type area settings!
(typearea)                The detected line width is about 25%
(typearea)                larger than the heuristically detected line width.
(typearea)                You should e.g. decrease DIV, increase fontsize
(typearea)                or change papersize.

Package typearea Info: These are the values describing the layout:
(typearea)             DIV  = 12
(typearea)             BCOR = 0.0pt
(typearea)             \paperwidth      = 597.50793pt
(typearea)              \textwidth      = 448.13095pt
(typearea)              DIV departure   = -25%
(typearea)              \evensidemargin = 2.4185pt
(typearea)              \oddsidemargin  = 2.4185pt
(typearea)             \paperheight     = 845.04694pt
(typearea)              \textheight     = 634.0pt
(typearea)              \topmargin      = -34.84941pt
(typearea)              \headheight     = 15.0pt
(typearea)              \headsep        = 18.0pt
(typearea)              \topskip        = 10.0pt
(typearea)              \footskip       = 42.0pt
(typearea)              \baselineskip   = 12.0pt
(typearea)              on input line 1330.
)
\c@part=\count80
\c@chapter=\count81
\c@section=\count82
\c@subsection=\count83
\c@subsubsection=\count84
\c@paragraph=\count85
\c@subparagraph=\count86
\abovecaptionskip=\skip46
\belowcaptionskip=\skip47
\c@pti@nb@sid@b@x=\box26
\c@figure=\count87
\c@table=\count88
\bibindent=\dimen102
) (/usr/share/texlive/texmf-dist/tex/latex/graphics/color.sty
Package: color 2005/11/14 v1.0j Standard LaTeX Color (DPC)

(/usr/share/texlive/texmf-dist/tex/latex/latexconfig/color.cfg
File: color.cfg 2007/01/18 v1.5 color configuration of teTeX/TeXLive
)
Package color Info: Driver file: pdftex.def on input line 130.

(/usr/share/texlive/texmf-dist/tex/latex/pdftex-def/pdftex.def
File: pdftex.def 2011/05/27 v0.06d Graphics/color for pdfTeX

(/usr/share/texlive/texmf-dist/tex/generic/oberdiek/infwarerr.sty
Package: infwarerr 2010/04/08 v1.3 Providing info/warning/error messages (HO)
)
(/usr/share/texlive/texmf-dist/tex/generic/oberdiek/ltxcmds.sty
Package: ltxcmds 2011/11/09 v1.22 LaTeX kernel commands for general use (HO)
)
\Gread@gobject=\count89
))
(/usr/share/texlive/texmf-dist/tex/latex/base/inputenc.sty
Package: inputenc 2008/03/30 v1.1d Input encoding file
\inpenc@prehook=\toks15
\inpenc@posthook=\toks16

(/usr/share/texlive/texmf-dist/tex/latex/base/utf8.def
File: utf8.def 2008/04/05 v1.1m UTF-8 support for inputenc
Now handling font encoding OML ...
... no UTF-8 mapping file for font encoding OML
Now handling font encoding T1 ...
... processing UTF-8 mapping file for font encoding T1

(/usr/share/texlive/texmf-dist/tex/latex/base/t1enc.dfu
File: t1enc.dfu 2008/04/05 v1.1m UTF-8 support for inputenc
   defining Unicode char U+00A1 (decimal 161)
   defining Unicode char U+00A3 (decimal 163)
   defining Unicode char U+00AB (decimal 171)
   defining Unicode char U+00BB (decimal 187)
   defining Unicode char U+00BF (decimal 191)
   defining Unicode char U+00C0 (decimal 192)
   defining Unicode char U+00C1 (decimal 193)
   defining Unicode char U+00C2 (decimal 194)
   defining Unicode char U+00C3 (decimal 195)
   defining Unicode char U+00C4 (decimal 196)
   defining Unicode char U+00C5 (decimal 197)
   defining Unicode char U+00C6 (decimal 198)
   defining Unicode char U+00C7 (decimal 199)
   defining Unicode char U+00C8 (decimal 200)
   defining Unicode char U+00C9 (decimal 201)
   defining Unicode char U+00CA (decimal 202)
   defining Unicode char U+00CB (decimal 203)
   defining Unicode char U+00CC (decimal 204)
   defining Unicode char U+00CD (decimal 205)
   defining Unicode char U+00CE (decimal 206)
   defining Unicode char U+00CF (decimal 207)
   defining Unicode char U+00D0 (decimal 208)
   defining Unicode char U+00D1 (decimal 209)
   defining Unicode char U+00D2 (decimal 210)
   defining Unicode char U+00D3 (decimal 211)
   defining Unicode char U+00D4 (decimal 212)
   defining Unicode char U+00D5 (decimal 213)
   defining Unicode char U+00D6 (decimal 214)
   defining Unicode char U+00D8 (decimal 216)
   defining Unicode char U+00D9 (decimal 217)
   defining Unicode char U+00DA (decimal 218)
   defining Unicode char U+00DB (decimal 219)
   defining Unicode char U+00DC (decimal 220)
   defining Unicode char U+00DD (decimal 221)
   defining Unicode char U+00DE (decimal 222)
   defining Unicode char U+00DF (decimal 223)
   defining Unicode char U+00E0 (decimal 224)
   defining Unicode char U+00E1 (decimal 225)
   defining Unicode char U+00E2 (decimal 226)
   defining Unicode char U+00E3 (decimal 227)
   defining Unicode char U+00E4 (decimal 228)
   defining Unicode char U+00E5 (decimal 229)
   defining Unicode char U+00E6 (decimal 230)
   defining Unicode char U+00E7 (decimal 231)
   defining Unicode char U+00E8 (decimal 232)
   defining Unicode char U+00E9 (decimal 233)
   defining Unicode char U+00EA (decimal 234)
   defining Unicode char U+00EB (decimal 235)
   defining Unicode char U+00EC (decimal 236)
   defining Unicode char U+00ED (decimal 237)
   defining Unicode char U+00EE (decimal 238)
   defining Unicode char U+00EF (decimal 239)
   defining Unicode char U+00F0 (decimal 240)
   defining Unicode char U+00F1 (decimal 241)
   defining Unicode char U+00F2 (decimal 242)
   defining Unicode char U+00F3 (decimal 243)
   defining Unicode char U+00F4 (decimal 244)
   defining Unicode char U+00F5 (decimal 245)
   defining Unicode char U+00F6 (decimal 246)
   defining Unicode char U+00F8 (decimal 248)
   defining Unicode char U+00F9 (decimal 249)
   defining Unicode char U+00FA (decimal 250)
   defining Unicode char U+00FB (decimal 251)
   defining Unicode char U+00FC (decimal 252)
   defining Unicode char U+00FD (decimal 253)
   defining Unicode char U+00FE (decimal 254)
   defining Unicode char U+00FF (decimal 255)
   defining Unicode char U+0102 (decimal 258)
   defining Unicode char U+0103 (decimal 259)
   defining Unicode char U+0104 (decimal 260)
   defining Unicode char U+0105 (decimal 261)
   defining Unicode char U+0106 (decimal 262)
   defining Unicode char U+0107 (decimal 263)
   defining Unicode char U+010C (decimal 268)
   defining Unicode char U+010D (decimal 269)
   defining Unicode char U+010E (decimal 270)
   defining Unicode char U+010F (decimal 271)
   defining Unicode char U+0110 (decimal 272)
   defining Unicode char U+0111 (decimal 273)
   defining Unicode char U+0118 (decimal 280)
   defining Unicode char U+0119 (decimal 281)
   defining Unicode char U+011A (decimal 282)
   defining Unicode char U+011B (decimal 283)
   defining Unicode char U+011E (decimal 286)
   defining Unicode char U+011F (decimal 287)
   defining Unicode char U+0130 (decimal 304)
   defining Unicode char U+0131 (decimal 305)
   defining Unicode char U+0132 (decimal 306)
   defining Unicode char U+0133 (decimal 307)
   defining Unicode char U+0139 (decimal 313)
   defining Unicode char U+013A (decimal 314)
   defining Unicode char U+013D (decimal 317)
   defining Unicode char U+013E (decimal 318)
   defining Unicode char U+0141 (decimal 321)
   defining Unicode char U+0142 (decimal 322)
   defining Unicode char U+0143 (decimal 323)
   defining Unicode char U+0144 (decimal 324)
   defining Unicode char U+0147 (decimal 327)
   defining Unicode char U+0148 (decimal 328)
   defining Unicode char U+014A (decimal 330)
   defining Unicode char U+014B (decimal 331)
   defining Unicode char U+0150 (decimal 336)
   defining Unicode char U+0151 (decimal 337)
   defining Unicode char U+0152 (decimal 338)
   defining Unicode char U+0153 (decimal 339)
   defining Unicode char U+0154 (decimal 340)
   defining Unicode char U+0155 (decimal 341)
   defining Unicode char U+0158 (decimal 344)
   defining Unicode char U+0159 (decimal 345)
   defining Unicode char U+015A (decimal 346)
   defining Unicode char U+015B (decimal 347)
   defining Unicode char U+015E (decimal 350)
   defining Unicode char U+015F (decimal 351)
   defining Unicode char U+0160 (decimal 352)
   defining Unicode char U+0161 (decimal 353)
   defining Unicode char U+0162 (decimal 354)
   defining Unicode char U+0163 (decimal 355)
   defining Unicode char U+0164 (decimal 356)
   defining Unicode char U+0165 (decimal 357)
   defining Unicode char U+016E (decimal 366)
   defining Unicode char U+016F (decimal 367)
   defining Unicode char U+0170 (decimal 368)
   defining Unicode char U+0171 (decimal 369)
   defining Unicode char U+0178 (decimal 376)
   defining Unicode char U+0179 (decimal 377)
   defining Unicode char U+017A (decimal 378)
   defining Unicode char U+017B (decimal 379)
   defining Unicode char U+017C (decimal 380)
   defining Unicode char U+017D (decimal 381)
   defining Unicode char U+017E (decimal 382)
   defining Unicode char U+200C (decimal 8204)
   defining Unicode char U+2013 (decimal 8211)
   defining Unicode char U+2014 (decimal 8212)
   defining Unicode char U+2018 (decimal 8216)
   defining Unicode char U+2019 (decimal 8217)
   defining Unicode char U+201A (decimal 8218)
   defining Unicode char U+201C (decimal 8220)
   defining Unicode char U+201D (decimal 8221)
   defining Unicode char U+201E (decimal 8222)
   defining Unicode char U+2030 (decimal 8240)
   defining Unicode char U+2031 (decimal 8241)
   defining Unicode char U+2039 (decimal 8249)
   defining Unicode char U+203A (decimal 8250)
   defining Unicode char U+2423 (decimal 9251)
)
Now handling font encoding OT1 ...
... processing UTF-8 mapping file for font encoding OT1

(/usr/share/texlive/texmf-dist/tex/latex/base/ot1enc.dfu
File: ot1enc.dfu 2008/04/05 v1.1m UTF-8 support for inputenc
   defining Unicode char U+00A1 (decimal 161)
   defining Unicode char U+00A3 (decimal 163)
   defining Unicode char U+00B8 (decimal 184)
   defining Unicode char U+00BF (decimal 191)
   defining Unicode char U+00C5 (decimal 197)
   defining Unicode char U+00C6 (decimal 198)
   defining Unicode char U+00D8 (decimal 216)
   defining Unicode char U+00DF (decimal 223)
   defining Unicode char U+00E6 (decimal 230)
   defining Unicode char U+00EC (decimal 236)
   defining Unicode char U+00ED (decimal 237)
   defining Unicode char U+00EE (decimal 238)
   defining Unicode char U+00EF (decimal 239)
   defining Unicode char U+00F8 (decimal 248)
   defining Unicode char U+0131 (decimal 305)
   defining Unicode char U+0141 (decimal 321)
   defining Unicode char U+0142 (decimal 322)
   defining Unicode char U+0152 (decimal 338)
   defining Unicode char U+0153 (decimal 339)
   defining Unicode char U+2013 (decimal 8211)
   defining Unicode char U+2014 (decimal 8212)
   defining Unicode char U+2018 (decimal 8216)
   defining Unicode char U+2019 (decimal 8217)
   defining Unicode char U+201C (decimal 8220)
   defining Unicode char U+201D (decimal 8221)
)
Now handling font encoding OMS ...
... processing UTF-8 mapping file for font encoding OMS

(/usr/share/texlive/texmf-dist/tex/latex/base/omsenc.dfu
File: omsenc.dfu 2008/04/05 v1.1m UTF-8 support for inputenc
   defining Unicode char U+00A7 (decimal 167)
   defining Unicode char U+00B6 (decimal 182)
   defining Unicode char U+00B7 (decimal 183)
   defining Unicode char U+2020 (decimal 8224)
   defining Unicode char U+2021 (decimal 8225)
   defining Unicode char U+2022 (decimal 8226)
)
Now handling font encoding OMX ...
... no UTF-8 mapping file for font encoding OMX
Now handling font encoding U ...
... no UTF-8 mapping file for font encoding U
   defining Unicode char U+00A9 (decimal 169)
   defining Unicode char U+00AA (decimal 170)
   defining Unicode char U+00AE (decimal 174)
   defining Unicode char U+00BA (decimal 186)
   defining Unicode char U+02C6 (decimal 710)
   defining Unicode char U+02DC (decimal 732)
   defining Unicode char U+200C (decimal 8204)
   defining Unicode char U+2026 (decimal 8230)
   defining Unicode char U+2122 (decimal 8482)
   defining Unicode char U+2423 (decimal 9251)
))
(/usr/share/texlive/texmf-dist/tex/latex/graphics/graphicx.sty
Package: graphicx 1999/02/16 v1.0f Enhanced LaTeX Graphics (DPC,SPQR)

(/usr/share/texlive/texmf-dist/tex/latex/graphics/graphics.sty
Package: graphics 2009/02/05 v1.0o Standard LaTeX Graphics (DPC,SPQR)

(/usr/share/texlive/texmf-dist/tex/latex/graphics/trig.sty
Package: trig 1999/03/16 v1.09 sin cos tan (DPC)
)
(/usr/share/texlive/texmf-dist/tex/latex/latexconfig/graphics.cfg
File: graphics.cfg 2010/04/23 v1.9 graphics configuration of TeX Live
)
Package graphics Info: Driver file: pdftex.def on input line 91.
)
\Gin@req@height=\dimen103
\Gin@req@width=\dimen104
)
(/usr/share/texlive/texmf-dist/tex/latex/caption/caption.sty
Package: caption 2013/05/02 v3.3-89 Customizing captions (AR)

(/usr/share/texlive/texmf-dist/tex/latex/caption/caption3.sty
Package: caption3 2013/05/02 v1.6-88 caption3 kernel (AR)
Package caption3 Info: TeX engine: e-TeX on input line 57.
\captionmargin=\dimen105
\captionmargin@=\dimen106
\captionwidth=\dimen107
\caption@tempdima=\dimen108
\caption@indent=\dimen109
\caption@parindent=\dimen110
\caption@hangindent=\dimen111
)
Package caption Info: KOMA-Script document class.
\c@ContinuedFloat=\count90
)
(/usr/share/texlive/texmf-dist/tex/latex/caption/subcaption.sty
Package: subcaption 2013/02/03 v1.1-62 Sub-captions (AR)
\c@subfigure=\count91
\c@subtable=\count92
)
(/usr/share/texlive/texmf-dist/tex/latex/wrapfig/wrapfig.sty
\wrapoverhang=\dimen112
\WF@size=\dimen113
\c@WF@wrappedlines=\count93
\WF@box=\box27
\WF@everypar=\toks17
Package: wrapfig 2003/01/31  v 3.6
)
(/usr/share/texlive/texmf-dist/tex/latex/tools/verbatim.sty
Package: verbatim 2003/08/22 v1.5q LaTeX2e package for verbatim enhancements
\every@verbatim=\toks18
\verbatim@line=\toks19
\verbatim@in@stream=\read1
)
(/usr/share/texlive/texmf-dist/tex/latex/hyperref/hyperref.sty
Package: hyperref 2012/11/06 v6.83m Hypertext links for LaTeX

(/usr/share/texlive/texmf-dist/tex/generic/oberdiek/hobsub-hyperref.sty
Package: hobsub-hyperref 2012/05/28 v1.13 Bundle oberdiek, subset hyperref (HO)


(/usr/share/texlive/texmf-dist/tex/generic/oberdiek/hobsub-generic.sty
Package: hobsub-generic 2012/05/28 v1.13 Bundle oberdiek, subset generic (HO)
Package: hobsub 2012/05/28 v1.13 Construct package bundles (HO)
Package hobsub Info: Skipping package `infwarerr' (already loaded).
Package hobsub Info: Skipping package `ltxcmds' (already loaded).
Package: ifluatex 2010/03/01 v1.3 Provides the ifluatex switch (HO)
Package ifluatex Info: LuaTeX not detected.
Package: ifvtex 2010/03/01 v1.5 Detect VTeX and its facilities (HO)
Package ifvtex Info: VTeX not detected.
Package: intcalc 2007/09/27 v1.1 Expandable calculations with integers (HO)
Package: ifpdf 2011/01/30 v2.3 Provides the ifpdf switch (HO)
Package ifpdf Info: pdfTeX in PDF mode is detected.
Package: etexcmds 2011/02/16 v1.5 Avoid name clashes with e-TeX commands (HO)
Package etexcmds Info: Could not find \expanded.
(etexcmds)             That can mean that you are not using pdfTeX 1.50 or
(etexcmds)             that some package has redefined \expanded.
(etexcmds)             In the latter case, load this package earlier.
Package: kvsetkeys 2012/04/25 v1.16 Key value parser (HO)
Package: kvdefinekeys 2011/04/07 v1.3 Define keys (HO)
Package: pdftexcmds 2011/11/29 v0.20 Utility functions of pdfTeX for LuaTeX (HO
)
Package pdftexcmds Info: LuaTeX not detected.
Package pdftexcmds Info: \pdf@primitive is available.
Package pdftexcmds Info: \pdf@ifprimitive is available.
Package pdftexcmds Info: \pdfdraftmode found.
Package: pdfescape 2011/11/25 v1.13 Implements pdfTeX's escape features (HO)
Package: bigintcalc 2012/04/08 v1.3 Expandable calculations on big integers (HO
)
Package: bitset 2011/01/30 v1.1 Handle bit-vector datatype (HO)
Package: uniquecounter 2011/01/30 v1.2 Provide unlimited unique counter (HO)
)
Package hobsub Info: Skipping package `hobsub' (already loaded).
Package: letltxmacro 2010/09/02 v1.4 Let assignment for LaTeX macros (HO)
Package: hopatch 2012/05/28 v1.2 Wrapper for package hooks (HO)
Package: xcolor-patch 2011/01/30 xcolor patch
Package: atveryend 2011/06/30 v1.8 Hooks at the very end of document (HO)
Package atveryend Info: \enddocument detected (standard20110627).
Package: atbegshi 2011/10/05 v1.16 At begin shipout hook (HO)
Package: refcount 2011/10/16 v3.4 Data extraction from label references (HO)
Package: hycolor 2011/01/30 v1.7 Color options for hyperref/bookmark (HO)
)
(/usr/share/texlive/texmf-dist/tex/generic/ifxetex/ifxetex.sty
Package: ifxetex 2010/09/12 v0.6 Provides ifxetex conditional
)
(/usr/share/texlive/texmf-dist/tex/latex/oberdiek/auxhook.sty
Package: auxhook 2011/03/04 v1.3 Hooks for auxiliary files (HO)
)
(/usr/share/texlive/texmf-dist/tex/latex/oberdiek/kvoptions.sty
Package: kvoptions 2011/06/30 v3.11 Key value format for package options (HO)
)
\@linkdim=\dimen114
\Hy@linkcounter=\count94
\Hy@pagecounter=\count95

(/usr/share/texlive/texmf-dist/tex/latex/hyperref/pd1enc.def
File: pd1enc.def 2012/11/06 v6.83m Hyperref: PDFDocEncoding definition (HO)
Now handling font encoding PD1 ...
... no UTF-8 mapping file for font encoding PD1
)
\Hy@SavedSpaceFactor=\count96

(/usr/share/texlive/texmf-dist/tex/latex/latexconfig/hyperref.cfg
File: hyperref.cfg 2002/06/06 v1.2 hyperref configuration of TeXLive
)
Package hyperref Info: Hyper figures OFF on input line 4443.
Package hyperref Info: Link nesting OFF on input line 4448.
Package hyperref Info: Hyper index ON on input line 4451.
Package hyperref Info: Plain pages OFF on input line 4458.
Package hyperref Info: Backreferencing OFF on input line 4463.
Package hyperref Info: Implicit mode ON; LaTeX internals redefined.
Package hyperref Info: Bookmarks ON on input line 4688.
\c@Hy@tempcnt=\count97

(/usr/share/texlive/texmf-dist/tex/latex/url/url.sty
\Urlmuskip=\muskip10
Package: url 2013/09/16  ver 3.4  Verb mode for urls, etc.
)
LaTeX Info: Redefining \url on input line 5041.
\XeTeXLinkMargin=\dimen115
\Fld@menulength=\count98
\Field@Width=\dimen116
\Fld@charsize=\dimen117
Package hyperref Info: Hyper figures OFF on input line 6295.
Package hyperref Info: Link nesting OFF on input line 6300.
Package hyperref Info: Hyper index ON on input line 6303.
Package hyperref Info: backreferencing OFF on input line 6310.
Package hyperref Info: Link coloring OFF on input line 6315.
Package hyperref Info: Link coloring with OCG OFF on input line 6320.
Package hyperref Info: PDF/A mode OFF on input line 6325.
LaTeX Info: Redefining \ref on input line 6365.
LaTeX Info: Redefining \pageref on input line 6369.
\Hy@abspage=\count99
\c@Item=\count100
\c@Hfootnote=\count101
)

Package hyperref Message: Driver (autodetected): hpdftex.

(/usr/share/texlive/texmf-dist/tex/latex/hyperref/hpdftex.def
File: hpdftex.def 2012/11/06 v6.83m Hyperref driver for pdfTeX
\Fld@listcount=\count102
\c@bookmark@seq@number=\count103

(/usr/share/texlive/texmf-dist/tex/latex/oberdiek/rerunfilecheck.sty
Package: rerunfilecheck 2011/04/15 v1.7 Rerun checks for auxiliary files (HO)
Package uniquecounter Info: New unique counter `rerunfilecheck' on input line 2
82.
)
\Hy@SectionHShift=\skip48
)
(/usr/share/texlive/texmf-dist/tex/latex/xcolor/xcolor.sty
Package: xcolor 2007/01/21 v2.11 LaTeX color extensions (UK)

(/usr/share/texlive/texmf-dist/tex/latex/latexconfig/color.cfg
File: color.cfg 2007/01/18 v1.5 color configuration of teTeX/TeXLive
)
Package xcolor Info: Package option `usenames' ignored on input line 216.
Package xcolor Info: Driver file: pdftex.def on input line 225.

(/usr/share/texlive/texmf-dist/tex/latex/colortbl/colortbl.sty
Package: colortbl 2012/02/13 v1.0a Color table columns (DPC)

(/usr/share/texlive/texmf-dist/tex/latex/tools/array.sty
Package: array 2008/09/09 v2.4c Tabular extension package (FMi)
\col@sep=\dimen118
\extrarowheight=\dimen119
\NC@list=\toks20
\extratabsurround=\skip49
\backup@length=\skip50
)
\everycr=\toks21
\minrowclearance=\skip51
)
LaTeX Info: Redefining \color on input line 702.
\rownum=\count104
Package xcolor Info: Model `cmy' substituted by `cmy0' on input line 1337.
Package xcolor Info: Model `hsb' substituted by `rgb' on input line 1341.
Package xcolor Info: Model `RGB' extended on input line 1353.
Package xcolor Info: Model `HTML' substituted by `rgb' on input line 1355.
Package xcolor Info: Model `Hsb' substituted by `hsb' on input line 1356.
Package xcolor Info: Model `tHsb' substituted by `hsb' on input line 1357.
Package xcolor Info: Model `HSB' substituted by `hsb' on input line 1358.
Package xcolor Info: Model `Gray' substituted by `gray' on input line 1359.
Package xcolor Info: Model `wave' substituted by `hsb' on input line 1360.

(/usr/share/texlive/texmf-dist/tex/latex/graphics/dvipsnam.def
File: dvipsnam.def 1999/02/16 v3.0i Driver-dependant file (DPC,SPQR)
)
(/usr/share/texlive/texmf-dist/tex/latex/xcolor/svgnam.def
File: svgnam.def 2007/01/21 v2.11 Predefined colors according to SVG 1.1 (UK)
))
(/usr/share/texlive/texmf-dist/tex/latex/minted/minted.sty
Package: minted 2011/09/17 v1.7 Yet another Pygments shim for LaTeX

(/usr/share/texlive/texmf-dist/tex/latex/fancyvrb/fancyvrb.sty
Package: fancyvrb 2008/02/07

Style option: `fancyvrb' v2.7a, with DG/SPQR fixes, and firstline=lastline fix 
<2008/02/07> (tvz)
\FV@CodeLineNo=\count105
\FV@InFile=\read2
\FV@TabBox=\box28
\c@FancyVerbLine=\count106
\FV@StepNumber=\count107
\FV@OutFile=\write3
) (/usr/share/texlive/texmf-dist/tex/latex/float/float.sty
Package: float 2001/11/08 v1.3d Float enhancements (AL)
\c@float@type=\count108
\float@exts=\toks22
\float@box=\box29
\@float@everytoks=\toks23
\@floatcapt=\box30
)
(/usr/share/texlive/texmf-dist/tex/latex/base/ifthen.sty
Package: ifthen 2001/05/26 v1.1c Standard LaTeX ifthen package (DPC)
)
(/usr/share/texlive/texmf-dist/tex/latex/tools/calc.sty
Package: calc 2007/08/22 v4.3 Infix arithmetic (KKT,FJ)
\calc@Acount=\count109
\calc@Bcount=\count110
\calc@Adimen=\dimen120
\calc@Bdimen=\dimen121
\calc@Askip=\skip52
\calc@Bskip=\skip53
LaTeX Info: Redefining \setlength on input line 76.
LaTeX Info: Redefining \addtolength on input line 77.
\calc@Ccount=\count111
\calc@Cskip=\skip54
)
(/usr/share/texlive/texmf-dist/tex/latex/ifplatform/ifplatform.sty
Package: ifplatform 2010/10/22 v0.4 Testing for the operating system

(/usr/share/texlive/texmf-dist/tex/generic/oberdiek/catchfile.sty
Package: catchfile 2011/03/01 v1.6 Catch the contents of a file (HO)
)
runsystem(uname -s > "teca_users_guide.w18")...executed.


(./teca_users_guide.w18)
runsystem(rm -- "teca_users_guide.w18")...executed.

)
\minted@bgbox=\box31
\minted@code=\write4
\@float@every@listing=\toks24
\c@listing=\count112
)
runsystem(which pygmentize && touch teca_users_guide.aex)...executed.

runsystem(rm teca_users_guide.aex)...executed.

runsystem(pygmentize -S vs -f latex > teca_users_guide.pyg)...executed.

 (./teca_users_guide.pyg)
Package hyperref Info: Option `colorlinks' set `true' on input line 19.
 (./teca_users_guide.aux

LaTeX Warning: Label `fig:dist' multiply defined.


LaTeX Warning: Label `sub@fig:dist' multiply defined.


LaTeX Warning: Label `fig:traj_scalar' multiply defined.

)
\openout1 = `teca_users_guide.aux'.

LaTeX Font Info:    Checking defaults for OML/cmm/m/it on input line 64.
LaTeX Font Info:    ... okay on input line 64.
LaTeX Font Info:    Checking defaults for T1/cmr/m/n on input line 64.
LaTeX Font Info:    ... okay on input line 64.
LaTeX Font Info:    Checking defaults for OT1/cmr/m/n on input line 64.
LaTeX Font Info:    ... okay on input line 64.
LaTeX Font Info:    Checking defaults for OMS/cmsy/m/n on input line 64.
LaTeX Font Info:    ... okay on input line 64.
LaTeX Font Info:    Checking defaults for OMX/cmex/m/n on input line 64.
LaTeX Font Info:    ... okay on input line 64.
LaTeX Font Info:    Checking defaults for U/cmr/m/n on input line 64.
LaTeX Font Info:    ... okay on input line 64.
LaTeX Font Info:    Checking defaults for PD1/pdf/m/n on input line 64.
LaTeX Font Info:    ... okay on input line 64.
 (/usr/share/texlive/texmf-dist/tex/context/base/supp-pdf.mkii
[Loading MPS to PDF converter (version 2006.09.02).]
\scratchcounter=\count113
\scratchdimen=\dimen122
\scratchbox=\box32
\nofMPsegments=\count114
\nofMParguments=\count115
\everyMPshowfont=\toks25
\MPscratchCnt=\count116
\MPscratchDim=\dimen123
\MPnumerator=\count117
\makeMPintoPDFobject=\count118
\everyMPtoPDFconversion=\toks26
) (/usr/share/texlive/texmf-dist/tex/latex/oberdiek/epstopdf-base.sty
Package: epstopdf-base 2010/02/09 v2.5 Base part for package epstopdf

(/usr/share/texlive/texmf-dist/tex/latex/oberdiek/grfext.sty
Package: grfext 2010/08/19 v1.1 Manage graphics extensions (HO)
)
Package grfext Info: Graphics extension search list:
(grfext)             [.png,.pdf,.jpg,.mps,.jpeg,.jbig2,.jb2,.PNG,.PDF,.JPG,.JPE
G,.JBIG2,.JB2,.eps]
(grfext)             \AppendGraphicsExtensions on input line 452.

(/usr/share/texlive/texmf-dist/tex/latex/latexconfig/epstopdf-sys.cfg
File: epstopdf-sys.cfg 2010/07/13 v1.3 Configuration of (r)epstopdf for TeX Liv
e
))
Package caption Info: Begin \AtBeginDocument code.
Package caption Info: float package is loaded.
Package caption Info: hyperref package is loaded.
Package caption Info: wrapfig package is loaded.
Package caption Info: End \AtBeginDocument code.
\AtBeginShipoutBox=\box33
Package hyperref Info: Link coloring ON on input line 64.

(/usr/share/texlive/texmf-dist/tex/latex/hyperref/nameref.sty
Package: nameref 2012/10/27 v2.43 Cross-referencing by name of section

(/usr/share/texlive/texmf-dist/tex/generic/oberdiek/gettitlestring.sty
Package: gettitlestring 2010/12/03 v1.4 Cleanup title references (HO)
)
\c@section@level=\count119
)
LaTeX Info: Redefining \ref on input line 64.
LaTeX Info: Redefining \pageref on input line 64.
LaTeX Info: Redefining \nameref on input line 64.

(./teca_users_guide.out) (./teca_users_guide.out)
\@outlinefile=\write5
\openout5 = `teca_users_guide.out'.


<images/lbl_logo.png, id=140, 230.8625pt x 177.66376pt>
File: images/lbl_logo.png Graphic file (type png)

<use images/lbl_logo.png>
Package pdftex.def Info: images/lbl_logo.png used on input line 66.
(pdftex.def)             Requested size: 84.5195pt x 65.04256pt.

<images/cascade_logo.png, id=142, 420.57124pt x 416.55624pt>
File: images/cascade_logo.png Graphic file (type png)

<use images/cascade_logo.png>
Package pdftex.def Info: images/cascade_logo.png used on input line 66.
(pdftex.def)             Requested size: 65.66917pt x 65.04256pt.
LaTeX Font Info:    External font `cmex10' loaded for size
(Font)              <14.4> on input line 66.
LaTeX Font Info:    External font `cmex10' loaded for size
(Font)              <7> on input line 66.
 [1



{/usr/share/texlive/texmf-dist/fonts/map/pdftex/updmap/pdftex.map} <./images/lb
l_logo.png> <./images/cascade_logo.png>]
(./teca_users_guide.toc
LaTeX Font Info:    External font `cmex10' loaded for size
(Font)              <5> on input line 3.
)
\tf@toc=\write6
\openout6 = `teca_users_guide.toc'.

 [2

]
Chapter 1.

Class scrreprt Warning: \float@addtolists detected!
(scrreprt)              Implementation of \float@addtolist became
(scrreprt)              deprecated in KOMA-Script v3.01 2008/11/14 and
(scrreprt)              has been replaced by more several more flexible
(scrreprt)              features of package `tocbasic`.
(scrreprt)              Since Version 3.12 support for deprecated
(scrreprt)              \float@addtolist interface has been
(scrreprt)              restricted to only some of the KOMA-Script
(scrreprt)              features and been removed from others.
(scrreprt)              Loading of package `scrhack' may help to
(scrreprt)              avoid this warning, if you are using a
(scrreprt)              a package that still implements the
(scrreprt)              deprecated \float@addtolist interface .

\openout3 = `teca_users_guide.pyg'.

runsystem(pygmentize -l bash -f latex -F tokenmerge             -P "verboptions
= ,fontsize=\small " -o teca_users_guide.out.pyg teca_users_guide.pyg)...execut
ed.

(./teca_users_guide.out.pyg)
runsystem(rm teca_users_guide.out.pyg)...executed.

runsystem(rm teca_users_guide.pyg)...executed.

 [3

]
\openout3 = `teca_users_guide.pyg'.

runsystem(pygmentize -l bash -f latex -F tokenmerge             -P "verboptions
= ,fontsize=\small " -o teca_users_guide.out.pyg teca_users_guide.pyg)...execut
ed.

 (./teca_users_guide.out.pyg)
runsystem(rm teca_users_guide.out.pyg)...executed.

runsystem(rm teca_users_guide.pyg)...executed.

\openout3 = `teca_users_guide.pyg'.

runsystem(pygmentize -l bash -f latex -F tokenmerge             -P "verboptions
= ,fontsize=\small " -o teca_users_guide.out.pyg teca_users_guide.pyg)...execut
ed.


(./teca_users_guide.out.pyg)
runsystem(rm teca_users_guide.out.pyg)...executed.

runsystem(rm teca_users_guide.pyg)...executed.

\openout3 = `teca_users_guide.pyg'.

runsystem(pygmentize -l bash -f latex -F tokenmerge             -P "verboptions
= ,fontsize=\small " -o teca_users_guide.out.pyg teca_users_guide.pyg)...execut
ed.

 (./teca_users_guide.out.pyg)
runsystem(rm teca_users_guide.out.pyg)...executed.

runsystem(rm teca_users_guide.pyg)...executed.

\openout3 = `teca_users_guide.pyg'.

runsystem(pygmentize -l bash -f latex -F tokenmerge             -P "verboptions
= ,fontsize=\small " -o teca_users_guide.out.pyg teca_users_guide.pyg)...execut
ed.


(./teca_users_guide.out.pyg)
runsystem(rm teca_users_guide.out.pyg)...executed.

runsystem(rm teca_users_guide.pyg)...executed.

 [4]
Overfull \hbox (22.51506pt too wide) in paragraph at lines 200--204
\OT1/cmr/m/n/10 Once the de-pen-den-cies have been in-stalled TECA may be com-p
iled and in-stalled. Note, the TECA[]superbuild
 []

\openout3 = `teca_users_guide.pyg'.

runsystem(pygmentize -l bash -f latex -F tokenmerge             -P "verboptions
= ,fontsize=\small " -o teca_users_guide.out.pyg teca_users_guide.pyg)...execut
ed.

(./teca_users_guide.out.pyg)
runsystem(rm teca_users_guide.out.pyg)...executed.

runsystem(rm teca_users_guide.pyg)...executed.

\openout3 = `teca_users_guide.pyg'.

runsystem(pygmentize -l bash -f latex -F tokenmerge             -P "verboptions
= ,fontsize=\small " -o teca_users_guide.out.pyg teca_users_guide.pyg)...execut
ed.

 (./teca_users_guide.out.pyg)
runsystem(rm teca_users_guide.out.pyg)...executed.

runsystem(rm teca_users_guide.pyg)...executed.


Underfull \hbox (badness 10000) in paragraph at lines 225--230

 []

\openout3 = `teca_users_guide.pyg'.

runsystem(pygmentize -l bash -f latex -F tokenmerge             -P "verboptions
= ,fontsize=\small " -o teca_users_guide.out.pyg teca_users_guide.pyg)...execut
ed.

(./teca_users_guide.out.pyg)
runsystem(rm teca_users_guide.out.pyg)...executed.

runsystem(rm teca_users_guide.pyg)...executed.

\openout3 = `teca_users_guide.pyg'.

runsystem(pygmentize -l bash -f latex -F tokenmerge             -P "verboptions
= ,fontsize=\small " -o teca_users_guide.out.pyg teca_users_guide.pyg)...execut
ed.

 (./teca_users_guide.out.pyg)
runsystem(rm teca_users_guide.out.pyg)...executed.

runsystem(rm teca_users_guide.pyg)...executed.


Underfull \hbox (badness 10000) in paragraph at lines 242--259

 []

[5]
\openout3 = `teca_users_guide.pyg'.

runsystem(pygmentize -l bash -f latex -F tokenmerge             -P "verboptions
= ,fontsize=\small " -o teca_users_guide.out.pyg teca_users_guide.pyg)...execut
ed.

 (./teca_users_guide.out.pyg)
runsystem(rm teca_users_guide.out.pyg)...executed.

runsystem(rm teca_users_guide.pyg)...executed.


Underfull \hbox (badness 10000) in paragraph at lines 264--285

 []

\openout3 = `teca_users_guide.pyg'.

runsystem(pygmentize -l bash -f latex -F tokenmerge             -P "verboptions
= ,fontsize=\small " -o teca_users_guide.out.pyg teca_users_guide.pyg)...execut
ed.

(./teca_users_guide.out.pyg)
runsystem(rm teca_users_guide.out.pyg)...executed.

runsystem(rm teca_users_guide.pyg)...executed.


Underfull \hbox (badness 10000) in paragraph at lines 293--302

 []

\openout3 = `teca_users_guide.pyg'.

runsystem(pygmentize -l bash -f latex -F tokenmerge             -P "verboptions
= ,fontsize=\small " -o teca_users_guide.out.pyg teca_users_guide.pyg)...execut
ed.

(./teca_users_guide.out.pyg)
runsystem(rm teca_users_guide.out.pyg)...executed.

runsystem(rm teca_users_guide.pyg)...executed.


Underfull \hbox (badness 10000) in paragraph at lines 303--313

 []

\openout3 = `teca_users_guide.pyg'.

runsystem(pygmentize -l bash -f latex -F tokenmerge             -P "verboptions
= ,fontsize=\small " -o teca_users_guide.out.pyg teca_users_guide.pyg)...execut
ed.

(./teca_users_guide.out.pyg)
runsystem(rm teca_users_guide.out.pyg)...executed.

runsystem(rm teca_users_guide.pyg)...executed.

 [6] [7]
Chapter 2.
<./images/tracks_1824.png, id=265, 1895.08pt x 948.54375pt>
File: ./images/tracks_1824.png Graphic file (type png)

<use ./images/tracks_1824.png>
Package pdftex.def Info: ./images/tracks_1824.png used on input line 474.
(pdftex.def)             Requested size: 403.31511pt x 201.8632pt.
LaTeX Font Info:    Try loading font information for OMS+cmr on input line 488.


(/usr/share/texlive/texmf-dist/tex/latex/base/omscmr.fd
File: omscmr.fd 1999/05/25 v2.5h Standard LaTeX font definitions
)
LaTeX Font Info:    Font shape `OMS/cmr/m/n' in size <10> not available
(Font)              Font shape `OMS/cmsy/m/n' tried instead on input line 488.
\openout3 = `teca_users_guide.pyg'.

runsystem(pygmentize -l bash -f latex -F tokenmerge             -P "verboptions
= " -o teca_users_guide.out.pyg teca_users_guide.pyg)...executed.


(./teca_users_guide.out.pyg)
runsystem(rm teca_users_guide.out.pyg)...executed.

runsystem(rm teca_users_guide.pyg)...executed.

 [8

]
\openout3 = `teca_users_guide.pyg'.

runsystem(pygmentize -l bash -f latex -F tokenmerge             -P "verboptions
= " -o teca_users_guide.out.pyg teca_users_guide.pyg)...executed.

 (./teca_users_guide.out.pyg)
runsystem(rm teca_users_guide.out.pyg)...executed.

runsystem(rm teca_users_guide.pyg)...executed.

\openout3 = `teca_users_guide.pyg'.

runsystem(pygmentize -l bash -f latex -F tokenmerge             -P "verboptions
= " -o teca_users_guide.out.pyg teca_users_guide.pyg)...executed.


(./teca_users_guide.out.pyg [9 <./images/tracks_1824.png>])
runsystem(rm teca_users_guide.out.pyg)...executed.

runsystem(rm teca_users_guide.pyg)...executed.

\openout3 = `teca_users_guide.pyg'.

runsystem(pygmentize -l bash -f latex -F tokenmerge             -P "verboptions
= " -o teca_users_guide.out.pyg teca_users_guide.pyg)...executed.


(./teca_users_guide.out.pyg)
runsystem(rm teca_users_guide.out.pyg)...executed.

runsystem(rm teca_users_guide.pyg)...executed.


<./images/1990s_cam5_amip1_hero_stats/stats_1990s_3hr_distribution_1.png, id=27
9, 411.939pt x 594.7821pt>
File: ./images/1990s_cam5_amip1_hero_stats/stats_1990s_3hr_distribution_1.png G
raphic file (type png)

<use ./images/1990s_cam5_amip1_hero_stats/stats_1990s_3hr_distribution_1.png>
Package pdftex.def Info: ./images/1990s_cam5_amip1_hero_stats/stats_1990s_3hr_d
istribution_1.png used on input line 542.
(pdftex.def)             Requested size: 87.59087pt x 126.47249pt.

<./images/1990s_cam5_amip1_hero_stats/stats_1990s_3hr_annual_saphire_simpson_di
stribution_1.png, id=280, 455.301pt x 534.0753pt>
File: ./images/1990s_cam5_amip1_hero_stats/stats_1990s_3hr_annual_saphire_simps
on_distribution_1.png Graphic file (type png)

<use ./images/1990s_cam5_amip1_hero_stats/stats_1990s_3hr_annual_saphire_simpso
n_distribution_1.png>
Package pdftex.def Info: ./images/1990s_cam5_amip1_hero_stats/stats_1990s_3hr_a
nnual_saphire_simpson_distribution_1.png used on input line 549.
(pdftex.def)             Requested size: 107.81552pt x 126.47249pt.

<./images/1990s_cam5_amip1_hero_stats/stats_1990s_3hr_monthly_breakdown_1.png, 
id=281, 455.301pt x 531.9072pt>
File: ./images/1990s_cam5_amip1_hero_stats/stats_1990s_3hr_monthly_breakdown_1.
png Graphic file (type png)

<use ./images/1990s_cam5_amip1_hero_stats/stats_1990s_3hr_monthly_breakdown_1.p
ng>
Package pdftex.def Info: ./images/1990s_cam5_amip1_hero_stats/stats_1990s_3hr_m
onthly_breakdown_1.png used on input line 557.
(pdftex.def)             Requested size: 108.2532pt x 126.47249pt.

<./images/1990s_cam5_amip1_hero_stats/stats_1990s_3hr_regional_break_down_1.png
, id=282, 461.0826pt x 547.8066pt>
File: ./images/1990s_cam5_amip1_hero_stats/stats_1990s_3hr_regional_break_down_
1.png Graphic file (type png)

<use ./images/1990s_cam5_amip1_hero_stats/stats_1990s_3hr_regional_break_down_1
.png>
Package pdftex.def Info: ./images/1990s_cam5_amip1_hero_stats/stats_1990s_3hr_r
egional_break_down_1.png used on input line 565.
(pdftex.def)             Requested size: 109.48714pt x 130.08621pt.

<./images/1990s_cam5_amip1_hero_stats/stats_1990s_3hr_regional_trend_1.png, id=
283, 461.0826pt x 534.798pt>
File: ./images/1990s_cam5_amip1_hero_stats/stats_1990s_3hr_regional_trend_1.png
 Graphic file (type png)

<use ./images/1990s_cam5_amip1_hero_stats/stats_1990s_3hr_regional_trend_1.png>
Package pdftex.def Info: ./images/1990s_cam5_amip1_hero_stats/stats_1990s_3hr_r
egional_trend_1.png used on input line 574.
(pdftex.def)             Requested size: 109.03687pt x 126.47249pt.
<./images/basin_poly_validation.png, id=284, 1922.18124pt x 960.58875pt>
File: ./images/basin_poly_validation.png Graphic file (type png)

<use ./images/basin_poly_validation.png>
Package pdftex.def Info: ./images/basin_poly_validation.png used on input line 
583.
(pdftex.def)             Requested size: 253.05998pt x 126.47249pt.
 [10 <./images/1990s_cam5_amip1_hero_stats/stats_1990s_3hr_distribution_1.png> 
<./images/1990s_cam5_amip1_hero_stats/stats_1990s_3hr_annual_saphire_simpson_di
stribution_1.png> <./images/1990s_cam5_amip1_hero_stats/stats_1990s_3hr_monthly
_breakdown_1.png> <./images/1990s_cam5_amip1_hero_stats/stats_1990s_3hr_regiona
l_break_down_1.png> <./images/1990s_cam5_amip1_hero_stats/stats_1990s_3hr_regio
nal_trend_1.png> <./images/basin_poly_validation.png>]
\openout3 = `teca_users_guide.pyg'.

runsystem(pygmentize -l bash -f latex -F tokenmerge             -P "verboptions
= " -o teca_users_guide.out.pyg teca_users_guide.pyg)...executed.

 (./teca_users_guide.out.pyg)
runsystem(rm teca_users_guide.out.pyg)...executed.

runsystem(rm teca_users_guide.pyg)...executed.

\openout3 = `teca_users_guide.pyg'.

runsystem(pygmentize -l bash -f latex -F tokenmerge             -P "verboptions
= " -o teca_users_guide.out.pyg teca_users_guide.pyg)...executed.

 (./teca_users_guide.out.pyg)
runsystem(rm teca_users_guide.out.pyg)...executed.

runsystem(rm teca_users_guide.pyg)...executed.

\openout3 = `teca_users_guide.pyg'.

runsystem(pygmentize -l bash -f latex -F tokenmerge             -P "verboptions
= " -o teca_users_guide.out.pyg teca_users_guide.pyg)...executed.


(./teca_users_guide.out.pyg [11])
runsystem(rm teca_users_guide.out.pyg)...executed.

runsystem(rm teca_users_guide.pyg)...executed.

 [12]
\openout3 = `teca_users_guide.pyg'.

runsystem(pygmentize -l bash -f latex -F tokenmerge             -P "verboptions
= " -o teca_users_guide.out.pyg teca_users_guide.pyg)...executed.

 (./teca_users_guide.out.pyg)
runsystem(rm teca_users_guide.out.pyg)...executed.

runsystem(rm teca_users_guide.pyg)...executed.


<./images/track_scalars_1990s_3hr_mdd_4800_000280.png, id=311, 702.4644pt x 686
.565pt>
File: ./images/track_scalars_1990s_3hr_mdd_4800_000280.png Graphic file (type p
ng)
 <use ./images/track_scalars_1990s_3hr_mdd_4800_000280.png>
Package pdftex.def Info: ./images/track_scalars_1990s_3hr_mdd_4800_000280.png u
sed on input line 690.
(pdftex.def)             Requested size: 216.81pt x 211.90057pt.

Underfull \hbox (badness 1496) in paragraph at lines 701--702
[]\OT1/cmr/m/n/10 A re-quired po-si-tional ar-gu-ment
 []

\openout3 = `teca_users_guide.pyg'.

runsystem(pygmentize -l bash -f latex -F tokenmerge             -P "verboptions
= " -o teca_users_guide.out.pyg teca_users_guide.pyg)...executed.

(./teca_users_guide.out.pyg)
runsystem(rm teca_users_guide.out.pyg)...executed.

runsystem(rm teca_users_guide.pyg)...executed.


<./images/wind_radii_stats.png, id=312, 565.8741pt x 455.301pt>
File: ./images/wind_radii_stats.png Graphic file (type png)

<use ./images/wind_radii_stats.png>
Package pdftex.def Info: ./images/wind_radii_stats.png used on input line 721.
(pdftex.def)             Requested size: 216.81pt x 174.44733pt.
 [13 <./images/track_scalars_1990s_3hr_mdd_4800_000280.png>]
Overfull \hbox (9.75618pt too wide) in paragraph at lines 731--732
[]\OT1/cmr/m/n/10 Required po-si-tional ar-gu-ment declar-
 []

\openout3 = `teca_users_guide.pyg'.

runsystem(pygmentize -l bash -f latex -F tokenmerge             -P "verboptions
= " -o teca_users_guide.out.pyg teca_users_guide.pyg)...executed.

(./teca_users_guide.out.pyg)
runsystem(rm teca_users_guide.out.pyg)...executed.

runsystem(rm teca_users_guide.pyg)...executed.

 [14 <./images/wind_radii_stats.png>]
\openout3 = `teca_users_guide.pyg'.

runsystem(pygmentize -l bash -f latex -F tokenmerge             -P "verboptions
= " -o teca_users_guide.out.pyg teca_users_guide.pyg)...executed.


(./teca_users_guide.out.pyg)
runsystem(rm teca_users_guide.out.pyg)...executed.

runsystem(rm teca_users_guide.pyg)...executed.

 [15]
Chapter 3.
<./images/parallel_exec.png, id=330, 828.2142pt x 432.6564pt>
File: ./images/parallel_exec.png Graphic file (type png)

<use ./images/parallel_exec.png>
Package pdftex.def Info: ./images/parallel_exec.png used on input line 779.
(pdftex.def)             Requested size: 345.8635pt x 180.67499pt.
runsystem(pygmentize -l python -f latex -F tokenmerge            -P linenos -P 
"verboptions= ,fontsize=\footnotesize " -o teca_users_guide.out.pyg source/stat
s.py)...executed.

 (./teca_users_guide.out.pyg)
runsystem(rm teca_users_guide.out.pyg)...executed.

Package hyperref Info: bookmark level for unknown listing defaults to 0 on inpu
t line 794.
 [16

 <./images/parallel_exec.png (PNG copy)>] [17] [18]
runsystem(pygmentize -l python -f latex -F tokenmerge            -P linenos -P 
"verboptions= ,fontsize=\footnotesize " -o teca_users_guide.out.pyg source/stat
s_callbacks.py)...executed.

 (./teca_users_guide.out.pyg)
runsystem(rm teca_users_guide.out.pyg)...executed.


Underfull \hbox (badness 10000) in paragraph at lines 837--838

 []

\openout3 = `teca_users_guide.pyg'.

runsystem(pygmentize -l python -f latex -F tokenmerge             -P "verboptio
ns= " -o teca_users_guide.out.pyg teca_users_guide.pyg)...executed.

(./teca_users_guide.out.pyg)
runsystem(rm teca_users_guide.out.pyg)...executed.

runsystem(rm teca_users_guide.pyg)...executed.

 [19]
\openout3 = `teca_users_guide.pyg'.

runsystem(pygmentize -l python -f latex -F tokenmerge             -P "verboptio
ns= " -o teca_users_guide.out.pyg teca_users_guide.pyg)...executed.

 (./teca_users_guide.out.pyg)
runsystem(rm teca_users_guide.out.pyg)...executed.

runsystem(rm teca_users_guide.pyg)...executed.

\openout3 = `teca_users_guide.pyg'.

runsystem(pygmentize -l python -f latex -F tokenmerge             -P "verboptio
ns= " -o teca_users_guide.out.pyg teca_users_guide.pyg)...executed.


(./teca_users_guide.out.pyg)
runsystem(rm teca_users_guide.out.pyg)...executed.

runsystem(rm teca_users_guide.pyg)...executed.

 [20]
\openout3 = `teca_users_guide.pyg'.

runsystem(pygmentize -l python -f latex -F tokenmerge             -P "verboptio
ns= " -o teca_users_guide.out.pyg teca_users_guide.pyg)...executed.

 (./teca_users_guide.out.pyg)
runsystem(rm teca_users_guide.out.pyg)...executed.

runsystem(rm teca_users_guide.pyg)...executed.

Package atveryend Info: Empty hook `BeforeClearDocument' on input line 967.
 [21]
Package atveryend Info: Empty hook `AfterLastShipout' on input line 967.

(./teca_users_guide.aux)
Package atveryend Info: Executing hook `AtVeryEndDocument' on input line 967.
Package atveryend Info: Executing hook `AtEndAfterFileList' on input line 967.
Package rerunfilecheck Info: File `teca_users_guide.out' has not changed.
(rerunfilecheck)             Checksum: 1BEE5D9039DBE59342C9F243BDF6B4EB;2357.


LaTeX Warning: There were multiply-defined labels.

Package atveryend Info: Empty hook `AtVeryVeryEnd' on input line 967.
 ) 
Here is how much of TeX's memory you used:
 9675 strings out of 495025
 152487 string characters out of 6181515
 295912 words of memory out of 5000000
 12603 multiletter control sequences out of 15000+600000
 7789 words of font info for 29 fonts, out of 8000000 for 9000
 14 hyphenation exceptions out of 8191
 45i,11n,51p,1370b,604s stack positions out of 5000i,500n,10000p,200000b,80000s
</usr/share/texlive/texmf-dist/fonts/type1/public/amsfonts/cm/cmbx10.pfb></us
r/share/texlive/texmf-dist/fonts/type1/public/amsfonts/cm/cmr10.pfb></usr/share
/texlive/texmf-dist/fonts/type1/public/amsfonts/cm/cmr12.pfb></usr/share/texliv
e/texmf-dist/fonts/type1/public/amsfonts/cm/cmr5.pfb></usr/share/texlive/texmf-
dist/fonts/type1/public/amsfonts/cm/cmr7.pfb></usr/share/texlive/texmf-dist/fon
ts/type1/public/amsfonts/cm/cmr9.pfb></usr/share/texlive/texmf-dist/fonts/type1
/public/amsfonts/cm/cmssbx10.pfb></usr/share/texlive/texmf-dist/fonts/type1/pub
lic/amsfonts/cm/cmsy10.pfb></usr/share/texlive/texmf-dist/fonts/type1/public/am
sfonts/cm/cmti10.pfb></usr/share/texlive/texmf-dist/fonts/type1/public/amsfonts
/cm/cmtt10.pfb></usr/share/texlive/texmf-dist/fonts/type1/public/amsfonts/cm/cm
tt8.pfb></usr/share/texlive/texmf-dist/fonts/type1/public/amsfonts/cm/cmtt9.pfb
>
Output written on teca_users_guide.pdf (21 pages, 5510834 bytes).
PDF statistics:
 443 PDF objects out of 1000 (max. 8388607)
 380 compressed objects within 4 object streams
 90 named destinations out of 1000 (max. 500000)
 333 words of extra memory for PDF output out of 10000 (max. 10000000)

