Loaded model cgm2-Osim from file c:\Users\HLS501\Documents\Programming\API\pyCGM2\pyCGM2\pyCGM2\Settings\opensim\models\osim\lowerLimb_ballsJoints.osim
Replaced marker set in model cgm2-Osim
               MODEL: pyCGM2 calibrated model
         coordinates: 32
              forces: 0
           actuators: 0
             muscles: 0
            analyses: 0
              probes: 0
              bodies: 12
              joints: 11
         constraints: 0
             markers: 28
         controllers: 0
  contact geometries: 0
misc modelcomponents: 0
Running tool .
Loaded marker file C:\Users\HLS501\Documents\VICON DATA\pyCGM2-Data\Datasets Tests\Brian Horsak\tests\static01.trc (60 markers, 150 frames)
Frame 0 (t=0):	total squared error = 5.34383e-007, marker error: RMS=0.000149218, max=0.000302451 (RKNE)
Frame 1 (t=0.00666667):	total squared error = 5.42689e-007, marker error: RMS=0.000150373, max=0.000285672 (RTIB)
Frame 2 (t=0.0133333):	total squared error = 4.38719e-007, marker error: RMS=0.000135203, max=0.000229289 (RTIAD)
Frame 3 (t=0.02):	total squared error = 3.51309e-007, marker error: RMS=0.000120987, max=0.000244156 (RTHI)
Frame 4 (t=0.0266667):	total squared error = 4.88814e-007, marker error: RMS=0.000142714, max=0.000261915 (RTHI)
Frame 5 (t=0.0333333):	total squared error = 3.9566e-007, marker error: RMS=0.000128397, max=0.000278838 (RTHI)
Frame 6 (t=0.04):	total squared error = 3.23461e-007, marker error: RMS=0.000116093, max=0.000224533 (RTHI)
Frame 7 (t=0.0466667):	total squared error = 3.87732e-007, marker error: RMS=0.000127104, max=0.00027571 (RTHI)
Frame 8 (t=0.0533333):	total squared error = 3.94984e-007, marker error: RMS=0.000128287, max=0.000285828 (RTHI)
Frame 9 (t=0.06):	total squared error = 4.05068e-007, marker error: RMS=0.000129915, max=0.000312882 (RTHI)
Frame 10 (t=0.0666667):	total squared error = 2.95292e-007, marker error: RMS=0.000110923, max=0.000198786 (RTHI)
Frame 11 (t=0.0733333):	total squared error = 3.72311e-007, marker error: RMS=0.000124551, max=0.000257402 (RTHI)
Frame 12 (t=0.08):	total squared error = 3.42408e-007, marker error: RMS=0.000119445, max=0.000231131 (RTHI)
Frame 13 (t=0.0866667):	total squared error = 2.6508e-007, marker error: RMS=0.000105095, max=0.000160656 (LTIB)
Frame 14 (t=0.0933333):	total squared error = 2.78116e-007, marker error: RMS=0.000107648, max=0.000196451 (RTHI)
Frame 15 (t=0.1):	total squared error = 1.89473e-007, marker error: RMS=8.88522e-005, max=0.000160504 (RTIAD)
Frame 16 (t=0.106667):	total squared error = 1.93791e-007, marker error: RMS=8.98589e-005, max=0.000165599 (RTHI)
Frame 17 (t=0.113333):	total squared error = 2.1225e-007, marker error: RMS=9.40412e-005, max=0.000186499 (RTHI)
Frame 18 (t=0.12):	total squared error = 1.77525e-007, marker error: RMS=8.60051e-005, max=0.000146149 (RTHI)
Frame 19 (t=0.126667):	total squared error = 2.09611e-007, marker error: RMS=9.34548e-005, max=0.00016504 (RTIAP)
Frame 20 (t=0.133333):	total squared error = 3.25781e-007, marker error: RMS=0.000116508, max=0.000296111 (RTIB)
Frame 21 (t=0.14):	total squared error = 1.70726e-007, marker error: RMS=8.43421e-005, max=0.000137602 (RASI)
Frame 22 (t=0.146667):	total squared error = 2.53517e-007, marker error: RMS=0.000102777, max=0.000217684 (RANK)
Frame 23 (t=0.153333):	total squared error = 2.31549e-007, marker error: RMS=9.82236e-005, max=0.000205262 (RTIB)
Frame 24 (t=0.16):	total squared error = 1.65898e-007, marker error: RMS=8.31409e-005, max=0.000150509 (LANK)
Frame 25 (t=0.166667):	total squared error = 1.05909e-007, marker error: RMS=6.64295e-005, max=0.000119061 (RTIAP)
Frame 26 (t=0.173333):	total squared error = 1.01556e-007, marker error: RMS=6.50499e-005, max=0.000113356 (LANK)
Frame 27 (t=0.18):	total squared error = 1.13332e-007, marker error: RMS=6.87179e-005, max=0.000118355 (LANK)
Frame 28 (t=0.186667):	total squared error = 1.04389e-007, marker error: RMS=6.59511e-005, max=0.000160567 (RTIAD)
Frame 29 (t=0.193333):	total squared error = 1.2118e-007, marker error: RMS=7.10575e-005, max=0.000111279 (LKNE)
Frame 30 (t=0.2):	total squared error = 1.43121e-007, marker error: RMS=7.72228e-005, max=0.000144583 (RTHI)
Frame 31 (t=0.206667):	total squared error = 1.04404e-007, marker error: RMS=6.59559e-005, max=0.000147577 (RTHI)
Frame 32 (t=0.213333):	total squared error = 1.67637e-007, marker error: RMS=8.35756e-005, max=0.000210715 (RTIAD)
Frame 33 (t=0.22):	total squared error = 2.54047e-007, marker error: RMS=0.000102885, max=0.000244634 (RTIAD)
Frame 34 (t=0.226667):	total squared error = 2.14505e-007, marker error: RMS=9.45394e-005, max=0.000255738 (RTIAD)
Frame 35 (t=0.233333):	total squared error = 2.17739e-007, marker error: RMS=9.52494e-005, max=0.000251892 (RTIAD)
Frame 36 (t=0.24):	total squared error = 1.45838e-007, marker error: RMS=7.79523e-005, max=0.000174553 (RTHI)
Frame 37 (t=0.246667):	total squared error = 1.48966e-007, marker error: RMS=7.8784e-005, max=0.000136263 (RTHI)
Frame 38 (t=0.253333):	total squared error = 1.52524e-007, marker error: RMS=7.97193e-005, max=0.000171246 (RTHI)
Frame 39 (t=0.26):	total squared error = 2.02033e-007, marker error: RMS=9.17498e-005, max=0.00021233 (RTHI)
Frame 40 (t=0.266667):	total squared error = 1.40475e-007, marker error: RMS=7.65056e-005, max=0.000155999 (RTHI)
Frame 41 (t=0.273333):	total squared error = 1.65747e-007, marker error: RMS=8.3103e-005, max=0.000201983 (RTHI)
Frame 42 (t=0.28):	total squared error = 3.82534e-007, marker error: RMS=0.000126249, max=0.000274296 (LANK)
Frame 43 (t=0.286667):	total squared error = 1.4543e-007, marker error: RMS=7.78432e-005, max=0.000189905 (RTHI)
Frame 44 (t=0.293333):	total squared error = 1.98695e-007, marker error: RMS=9.09887e-005, max=0.000199383 (RANK)
Frame 45 (t=0.3):	total squared error = 1.80512e-007, marker error: RMS=8.67256e-005, max=0.000202374 (RTHI)
Frame 46 (t=0.306667):	total squared error = 1.79077e-007, marker error: RMS=8.63803e-005, max=0.000198929 (RTHI)
Frame 47 (t=0.313333):	total squared error = 1.79265e-007, marker error: RMS=8.64255e-005, max=0.000216497 (RTHI)
Frame 48 (t=0.32):	total squared error = 2.9841e-007, marker error: RMS=0.000111507, max=0.000219897 (RTIAP)
Frame 49 (t=0.326667):	total squared error = 2.69194e-007, marker error: RMS=0.000105908, max=0.000310793 (RTHI)
Frame 50 (t=0.333333):	total squared error = 3.14548e-007, marker error: RMS=0.000114482, max=0.000253868 (RTHI)
Frame 51 (t=0.34):	total squared error = 2.23565e-007, marker error: RMS=9.65153e-005, max=0.000248169 (RTHI)
Frame 52 (t=0.346667):	total squared error = 1.92754e-007, marker error: RMS=8.96182e-005, max=0.0001671 (RTHI)
Frame 53 (t=0.353333):	total squared error = 1.65864e-007, marker error: RMS=8.31324e-005, max=0.000165332 (LKNE)
Frame 54 (t=0.36):	total squared error = 2.33099e-007, marker error: RMS=9.85517e-005, max=0.000241379 (RTHI)
Frame 55 (t=0.366667):	total squared error = 1.80035e-007, marker error: RMS=8.66109e-005, max=0.000240087 (RTHI)
Frame 56 (t=0.373333):	total squared error = 2.6313e-007, marker error: RMS=0.000104708, max=0.000250795 (RANK)
Frame 57 (t=0.38):	total squared error = 1.73567e-007, marker error: RMS=8.50408e-005, max=0.000184109 (RTHI)
Frame 58 (t=0.386667):	total squared error = 1.87743e-007, marker error: RMS=8.84455e-005, max=0.00022465 (RTHI)
Frame 59 (t=0.393333):	total squared error = 1.99807e-007, marker error: RMS=9.12431e-005, max=0.000198391 (RTHI)
Frame 60 (t=0.4):	total squared error = 2.45622e-007, marker error: RMS=0.000101164, max=0.000166212 (LTIB)
Frame 61 (t=0.406667):	total squared error = 2.83606e-007, marker error: RMS=0.000108706, max=0.000264837 (RANK)
Frame 62 (t=0.413333):	total squared error = 1.32674e-007, marker error: RMS=7.4351e-005, max=0.000145105 (RTHI)
Frame 63 (t=0.42):	total squared error = 1.08554e-007, marker error: RMS=6.72537e-005, max=0.000124164 (RTHAP)
Frame 64 (t=0.426667):	total squared error = 1.19654e-007, marker error: RMS=7.06085e-005, max=0.000133598 (RTHAP)
Frame 65 (t=0.433333):	total squared error = 1.63405e-007, marker error: RMS=8.2514e-005, max=0.000188229 (RANK)
Frame 66 (t=0.44):	total squared error = 1.01381e-007, marker error: RMS=6.49938e-005, max=0.000119536 (RTHI)
Frame 67 (t=0.446667):	total squared error = 1.53642e-007, marker error: RMS=8.00109e-005, max=0.000149709 (RTHI)
Frame 68 (t=0.453333):	total squared error = 2.53701e-007, marker error: RMS=0.000102815, max=0.000231198 (RANK)
Frame 69 (t=0.46):	total squared error = 1.40414e-007, marker error: RMS=7.64892e-005, max=0.000134011 (LANK)
Frame 70 (t=0.466667):	total squared error = 2.07922e-007, marker error: RMS=9.30776e-005, max=0.000175995 (RTHI)
Frame 71 (t=0.473333):	total squared error = 2.4033e-007, marker error: RMS=0.000100069, max=0.000204325 (RTHI)
Frame 72 (t=0.48):	total squared error = 2.07828e-007, marker error: RMS=9.30565e-005, max=0.000159038 (RTHAP)
Frame 73 (t=0.486667):	total squared error = 1.57637e-007, marker error: RMS=8.10444e-005, max=0.000178014 (RTIAP)
Frame 74 (t=0.493333):	total squared error = 1.42852e-007, marker error: RMS=7.71504e-005, max=0.000174082 (RKNE)
Frame 75 (t=0.5):	total squared error = 1.24781e-007, marker error: RMS=7.21054e-005, max=0.000140284 (RTHI)
Frame 76 (t=0.506667):	total squared error = 1.13028e-007, marker error: RMS=6.86257e-005, max=0.000121059 (RTIAD)
Frame 77 (t=0.513333):	total squared error = 9.493e-008, marker error: RMS=6.28921e-005, max=0.000101769 (RTIAP)
Frame 78 (t=0.52):	total squared error = 1.72001e-007, marker error: RMS=8.46564e-005, max=0.000176998 (RTIAP)
Frame 79 (t=0.526667):	total squared error = 2.13401e-007, marker error: RMS=9.42958e-005, max=0.000184698 (RTIB)
Frame 80 (t=0.533333):	total squared error = 2.48415e-007, marker error: RMS=0.000101738, max=0.000226702 (RTIB)
Frame 81 (t=0.54):	total squared error = 1.97314e-007, marker error: RMS=9.0672e-005, max=0.000184041 (RTIAD)
Frame 82 (t=0.546667):	total squared error = 2.22836e-007, marker error: RMS=9.63578e-005, max=0.000211438 (RTIB)
Frame 83 (t=0.553333):	total squared error = 1.69859e-007, marker error: RMS=8.41277e-005, max=0.000249809 (RANK)
Frame 84 (t=0.56):	total squared error = 1.22726e-007, marker error: RMS=7.15092e-005, max=0.000175249 (RANK)
Frame 85 (t=0.566667):	total squared error = 1.22096e-007, marker error: RMS=7.13257e-005, max=0.000204319 (RTIAD)
Frame 86 (t=0.573333):	total squared error = 1.94796e-007, marker error: RMS=9.00916e-005, max=0.000227536 (RANK)
Frame 87 (t=0.58):	total squared error = 2.42373e-007, marker error: RMS=0.000100493, max=0.000184599 (LANK)
Frame 88 (t=0.586667):	total squared error = 1.66491e-007, marker error: RMS=8.32895e-005, max=0.0001883 (RTHI)
Frame 89 (t=0.593333):	total squared error = 1.58341e-007, marker error: RMS=8.12252e-005, max=0.000258211 (RANK)
Frame 90 (t=0.6):	total squared error = 2.43283e-007, marker error: RMS=0.000100682, max=0.000236254 (RTIAD)
Frame 91 (t=0.606667):	total squared error = 1.81311e-007, marker error: RMS=8.69173e-005, max=0.000236838 (RANK)
Frame 92 (t=0.613333):	total squared error = 1.0472e-007, marker error: RMS=6.60554e-005, max=0.000132925 (RTIAP)
Frame 93 (t=0.62):	total squared error = 1.11644e-007, marker error: RMS=6.82044e-005, max=0.000162901 (RTIB)
Frame 94 (t=0.626667):	total squared error = 1.50865e-007, marker error: RMS=7.92845e-005, max=0.00019793 (RTIB)
Frame 95 (t=0.633333):	total squared error = 1.36243e-007, marker error: RMS=7.53444e-005, max=0.000178516 (RTIB)
Frame 96 (t=0.64):	total squared error = 1.75796e-007, marker error: RMS=8.55853e-005, max=0.000192703 (LTIB)
Frame 97 (t=0.646667):	total squared error = 2.01603e-007, marker error: RMS=9.16522e-005, max=0.000230335 (RTIB)
Frame 98 (t=0.653333):	total squared error = 1.02396e-007, marker error: RMS=6.53185e-005, max=0.000149962 (RANK)
Frame 99 (t=0.66):	total squared error = 1.14733e-007, marker error: RMS=6.91414e-005, max=0.000165677 (RANK)
Frame 100 (t=0.666667):	total squared error = 1.65036e-007, marker error: RMS=8.29247e-005, max=0.000191801 (RTIB)
Frame 101 (t=0.673333):	total squared error = 9.91833e-008, marker error: RMS=6.42856e-005, max=0.000138722 (RTIAD)
Frame 102 (t=0.68):	total squared error = 1.05414e-007, marker error: RMS=6.62742e-005, max=0.000102329 (RTIAD)
Frame 103 (t=0.686667):	total squared error = 1.01465e-007, marker error: RMS=6.50209e-005, max=0.000129291 (LTIB)
Frame 104 (t=0.693333):	total squared error = 1.67565e-007, marker error: RMS=8.35576e-005, max=0.000214852 (RTIB)
Frame 105 (t=0.7):	total squared error = 1.97421e-007, marker error: RMS=9.06965e-005, max=0.000167814 (LTIB)
Frame 106 (t=0.706667):	total squared error = 1.29187e-007, marker error: RMS=7.33676e-005, max=0.000125503 (LTHI)
Frame 107 (t=0.713333):	total squared error = 1.63248e-007, marker error: RMS=8.24743e-005, max=0.000197902 (LANK)
Frame 108 (t=0.72):	total squared error = 1.83184e-007, marker error: RMS=8.73652e-005, max=0.000158075 (RANK)
Frame 109 (t=0.726667):	total squared error = 1.48461e-007, marker error: RMS=7.86502e-005, max=0.00013682 (LTIB)
Frame 110 (t=0.733333):	total squared error = 1.55756e-007, marker error: RMS=8.05595e-005, max=0.000206664 (RTIAD)
Frame 111 (t=0.74):	total squared error = 1.15958e-007, marker error: RMS=6.95097e-005, max=0.000145172 (RTIAD)
Frame 112 (t=0.746667):	total squared error = 1.70663e-007, marker error: RMS=8.43265e-005, max=0.000137234 (LHEE)
Frame 113 (t=0.753333):	total squared error = 1.73206e-007, marker error: RMS=8.49525e-005, max=0.000154672 (LTIB)
Frame 114 (t=0.76):	total squared error = 2.08742e-007, marker error: RMS=9.32608e-005, max=0.000204124 (LANK)
Frame 115 (t=0.766667):	total squared error = 1.80454e-007, marker error: RMS=8.67117e-005, max=0.000211488 (LANK)
Frame 116 (t=0.773333):	total squared error = 3.38637e-007, marker error: RMS=0.000118785, max=0.000407119 (LANK)
Frame 117 (t=0.78):	total squared error = 1.72025e-007, marker error: RMS=8.46623e-005, max=0.000150142 (LTIAP)
Frame 118 (t=0.786667):	total squared error = 1.92901e-007, marker error: RMS=8.96524e-005, max=0.000166695 (LANK)
Frame 119 (t=0.793333):	total squared error = 1.86851e-007, marker error: RMS=8.82352e-005, max=0.000178201 (RTHI)
Frame 120 (t=0.8):	total squared error = 1.35729e-007, marker error: RMS=7.52022e-005, max=0.000152795 (RTIAP)
Frame 121 (t=0.806667):	total squared error = 1.32061e-007, marker error: RMS=7.4179e-005, max=0.000148108 (RTHI)
Frame 122 (t=0.813333):	total squared error = 1.02773e-007, marker error: RMS=6.54384e-005, max=0.000133199 (LKNE)
Frame 123 (t=0.82):	total squared error = 2.2238e-007, marker error: RMS=9.62592e-005, max=0.000215906 (LKNE)
Frame 124 (t=0.826667):	total squared error = 2.97857e-007, marker error: RMS=0.000111403, max=0.000255584 (RTIB)
Frame 125 (t=0.833333):	total squared error = 1.95165e-007, marker error: RMS=9.0177e-005, max=0.00013699 (RTHI)
Frame 126 (t=0.84):	total squared error = 1.59895e-007, marker error: RMS=8.16228e-005, max=0.000140949 (RTHI)
Frame 127 (t=0.846667):	total squared error = 1.63748e-007, marker error: RMS=8.26005e-005, max=0.000158443 (RTHI)
Frame 128 (t=0.853333):	total squared error = 1.96423e-007, marker error: RMS=9.0467e-005, max=0.000145074 (RHEE)
Frame 129 (t=0.86):	total squared error = 3.44267e-007, marker error: RMS=0.000119768, max=0.000299193 (RTIB)
Frame 130 (t=0.866667):	total squared error = 4.61557e-007, marker error: RMS=0.000138678, max=0.000399355 (RTHI)
Frame 131 (t=0.873333):	total squared error = 3.38349e-007, marker error: RMS=0.000118734, max=0.000266351 (RTHI)
Frame 132 (t=0.88):	total squared error = 1.9627e-007, marker error: RMS=9.04319e-005, max=0.000162816 (RTIAP)
Frame 133 (t=0.886667):	total squared error = 3.46325e-007, marker error: RMS=0.000120126, max=0.000312483 (RTIAP)
Frame 134 (t=0.893333):	total squared error = 3.01244e-007, marker error: RMS=0.000112035, max=0.000229062 (RTIB)
Frame 135 (t=0.9):	total squared error = 2.99519e-007, marker error: RMS=0.000111714, max=0.000205384 (LANK)
Frame 136 (t=0.906667):	total squared error = 3.06574e-007, marker error: RMS=0.000113022, max=0.000221143 (RTIB)
Frame 137 (t=0.913333):	total squared error = 2.16565e-007, marker error: RMS=9.49923e-005, max=0.000181014 (LANK)
Frame 138 (t=0.92):	total squared error = 3.85043e-007, marker error: RMS=0.000126663, max=0.000282495 (RTIB)
Frame 139 (t=0.926667):	total squared error = 3.9219e-007, marker error: RMS=0.000127833, max=0.000320293 (RTIAP)
Frame 140 (t=0.933333):	total squared error = 2.74252e-007, marker error: RMS=0.000106898, max=0.000162179 (LANK)
Frame 141 (t=0.94):	total squared error = 3.32632e-007, marker error: RMS=0.000117727, max=0.000198693 (LANK)
Frame 142 (t=0.946667):	total squared error = 5.22234e-007, marker error: RMS=0.000147512, max=0.000330389 (RTIB)
Frame 143 (t=0.953333):	total squared error = 3.73577e-007, marker error: RMS=0.000124763, max=0.000321285 (RTIAP)
Frame 144 (t=0.96):	total squared error = 4.90176e-007, marker error: RMS=0.000142913, max=0.000378905 (RTIAP)
Frame 145 (t=0.966667):	total squared error = 5.8102e-007, marker error: RMS=0.000155593, max=0.000382897 (RTIB)
Frame 146 (t=0.973333):	total squared error = 2.8501e-007, marker error: RMS=0.000108974, max=0.000191272 (RTIAP)
Frame 147 (t=0.98):	total squared error = 5.60569e-007, marker error: RMS=0.00015283, max=0.000373299 (RTIAP)
Frame 148 (t=0.986667):	total squared error = 3.529e-007, marker error: RMS=0.000121261, max=0.000284508 (RTIAP)
InverseKinematicsTool completed 148 frames in 18.282s

Storage: file=C:\Users\HLS501\Documents\VICON DATA\pyCGM2-Data\Datasets Tests\Brian Horsak\tests\ik_model_marker_locations.sto (nr=149 nc=73)
Storage: file=C:\Users\HLS501\Documents\VICON DATA\pyCGM2-Data\Datasets Tests\Brian Horsak\tests\ik_model_marker_locations.sto (nr=149 nc=73)
Storage: file=C:\Users\HLS501\Documents\VICON DATA\pyCGM2-Data\Datasets Tests\Brian Horsak\tests\ik_model_marker_locations.sto (nr=149 nc=73)
Storage: file=C:\Users\HLS501\Documents\VICON DATA\pyCGM2-Data\Datasets Tests\Brian Horsak\tests\ik_model_marker_locations.sto (nr=149 nc=73)
Storage: file=C:\Users\HLS501\Documents\VICON DATA\pyCGM2-Data\Datasets Tests\Brian Horsak\tests\ik_model_marker_locations.sto (nr=149 nc=73)
Storage: file=C:\Users\HLS501\Documents\VICON DATA\pyCGM2-Data\Datasets Tests\Brian Horsak\tests\ik_model_marker_locations.sto (nr=149 nc=73)
Storage: file=C:\Users\HLS501\Documents\VICON DATA\pyCGM2-Data\Datasets Tests\Brian Horsak\tests\ik_model_marker_locations.sto (nr=149 nc=73)
Storage: file=C:\Users\HLS501\Documents\VICON DATA\pyCGM2-Data\Datasets Tests\Brian Horsak\tests\ik_model_marker_locations.sto (nr=149 nc=73)
Storage: file=C:\Users\HLS501\Documents\VICON DATA\pyCGM2-Data\Datasets Tests\Brian Horsak\tests\ik_model_marker_locations.sto (nr=149 nc=73)
Storage: file=C:\Users\HLS501\Documents\VICON DATA\pyCGM2-Data\Datasets Tests\Brian Horsak\tests\ik_model_marker_locations.sto (nr=149 nc=73)
Storage: file=C:\Users\HLS501\Documents\VICON DATA\pyCGM2-Data\Datasets Tests\Brian Horsak\tests\ik_model_marker_locations.sto (nr=149 nc=73)
Storage: file=C:\Users\HLS501\Documents\VICON DATA\pyCGM2-Data\Datasets Tests\Brian Horsak\tests\ik_model_marker_locations.sto (nr=149 nc=73)
Storage: file=C:\Users\HLS501\Documents\VICON DATA\pyCGM2-Data\Datasets Tests\Brian Horsak\tests\ik_model_marker_locations.sto (nr=149 nc=73)
Storage: file=C:\Users\HLS501\Documents\VICON DATA\pyCGM2-Data\Datasets Tests\Brian Horsak\tests\ik_model_marker_locations.sto (nr=149 nc=73)
Storage: file=C:\Users\HLS501\Documents\VICON DATA\pyCGM2-Data\Datasets Tests\Brian Horsak\tests\ik_model_marker_locations.sto (nr=149 nc=73)
Storage: file=C:\Users\HLS501\Documents\VICON DATA\pyCGM2-Data\Datasets Tests\Brian Horsak\tests\ik_model_marker_locations.sto (nr=149 nc=73)
Storage: file=C:\Users\HLS501\Documents\VICON DATA\pyCGM2-Data\Datasets Tests\Brian Horsak\tests\ik_model_marker_locations.sto (nr=149 nc=73)
Storage: file=C:\Users\HLS501\Documents\VICON DATA\pyCGM2-Data\Datasets Tests\Brian Horsak\tests\ik_model_marker_locations.sto (nr=149 nc=73)
Storage: file=C:\Users\HLS501\Documents\VICON DATA\pyCGM2-Data\Datasets Tests\Brian Horsak\tests\ik_model_marker_locations.sto (nr=149 nc=73)
Storage: file=C:\Users\HLS501\Documents\VICON DATA\pyCGM2-Data\Datasets Tests\Brian Horsak\tests\ik_model_marker_locations.sto (nr=149 nc=73)
Storage: file=C:\Users\HLS501\Documents\VICON DATA\pyCGM2-Data\Datasets Tests\Brian Horsak\tests\ik_model_marker_locations.sto (nr=149 nc=73)
Storage: file=C:\Users\HLS501\Documents\VICON DATA\pyCGM2-Data\Datasets Tests\Brian Horsak\tests\ik_model_marker_locations.sto (nr=149 nc=73)
Storage: file=C:\Users\HLS501\Documents\VICON DATA\pyCGM2-Data\Datasets Tests\Brian Horsak\tests\ik_model_marker_locations.sto (nr=149 nc=73)
Storage: file=C:\Users\HLS501\Documents\VICON DATA\pyCGM2-Data\Datasets Tests\Brian Horsak\tests\ik_model_marker_locations.sto (nr=149 nc=73)
