Loaded model cgm2-Osim from file c:\Users\HLS501\Documents\Programming\API\pyCGM2\pyCGM2\pyCGM2\Settings\opensim\models\osim\lowerLimb_ballsJoints.osim
Replaced marker set in model cgm2-Osim
               MODEL: pyCGM2 calibrated model
         coordinates: 32
              forces: 0
           actuators: 0
             muscles: 0
            analyses: 0
              probes: 0
              bodies: 12
              joints: 11
         constraints: 0
             markers: 34
         controllers: 0
  contact geometries: 0
misc modelcomponents: 0
Running tool .
Loaded marker file C:\Users\HLS501\Documents\VICON DATA\pyCGM2-Data\Datatests from Vicon\issues\issue_pyCGM2Coordinate system\Walk01.trc (88 markers, 223 frames)
Frame 0 (t=0):	total squared error = 0.00137964, marker error: RMS=0.00701946, max=0.0223403 (LASI)
Frame 1 (t=0.01):	total squared error = 0.00433626, marker error: RMS=0.0124445, max=0.0485529 (LTIAD)
Frame 2 (t=0.02):	total squared error = 0.0042625, marker error: RMS=0.0123382, max=0.0481983 (LTIAD)
Frame 3 (t=0.03):	total squared error = 0.00422566, marker error: RMS=0.0122848, max=0.0480716 (LTIAD)
Frame 4 (t=0.04):	total squared error = 0.00414459, marker error: RMS=0.0121664, max=0.0477037 (LTIAD)
Frame 5 (t=0.05):	total squared error = 0.00406304, marker error: RMS=0.0120461, max=0.0472905 (LTIAD)
Frame 6 (t=0.06):	total squared error = 0.00400032, marker error: RMS=0.0119528, max=0.0470294 (LTIAD)
Frame 7 (t=0.07):	total squared error = 0.00112143, marker error: RMS=0.00632858, max=0.0159055 (LASI)
Frame 8 (t=0.08):	total squared error = 0.00110615, marker error: RMS=0.00628532, max=0.0150747 (LASI)
Frame 9 (t=0.09):	total squared error = 0.00108541, marker error: RMS=0.00622611, max=0.0143211 (LASI)
Frame 10 (t=0.1):	total squared error = 0.00106692, marker error: RMS=0.00617288, max=0.0136221 (LASI)
Frame 11 (t=0.11):	total squared error = 0.00104745, marker error: RMS=0.00611629, max=0.01291 (LASI)
Frame 12 (t=0.12):	total squared error = 0.00102408, marker error: RMS=0.00604766, max=0.012734 (LTHAD)
Frame 13 (t=0.13):	total squared error = 0.00102408, marker error: RMS=0.00604767, max=0.012608 (LTHAD)
Frame 14 (t=0.14):	total squared error = 0.00101528, marker error: RMS=0.00602164, max=0.0123601 (LTHAD)
Frame 15 (t=0.15):	total squared error = 0.00101346, marker error: RMS=0.00601622, max=0.0122201 (LTHAD)
Frame 16 (t=0.16):	total squared error = 0.000998363, marker error: RMS=0.00597125, max=0.0117413 (LTHAD)
Frame 17 (t=0.17):	total squared error = 0.00100876, marker error: RMS=0.00600225, max=0.0118209 (LTHAD)
Frame 18 (t=0.18):	total squared error = 0.00100984, marker error: RMS=0.00600547, max=0.0118007 (RASI)
Frame 19 (t=0.19):	total squared error = 0.00102123, marker error: RMS=0.00603926, max=0.0120958 (RASI)
Frame 20 (t=0.2):	total squared error = 0.00104543, marker error: RMS=0.00611038, max=0.0121709 (RASI)
Frame 21 (t=0.21):	total squared error = 0.00106821, marker error: RMS=0.00617658, max=0.0122957 (RASI)
Frame 22 (t=0.22):	total squared error = 0.00108803, marker error: RMS=0.00623364, max=0.0125311 (RASI)
Frame 23 (t=0.23):	total squared error = 0.00111635, marker error: RMS=0.00631424, max=0.0126362 (RASI)
Frame 24 (t=0.24):	total squared error = 0.00112033, marker error: RMS=0.00632549, max=0.0127106 (RASI)
Frame 25 (t=0.25):	total squared error = 0.0011316, marker error: RMS=0.00635721, max=0.0126046 (RASI)
Frame 26 (t=0.26):	total squared error = 0.00113328, marker error: RMS=0.00636195, max=0.0125521 (RASI)
Frame 27 (t=0.27):	total squared error = 0.00112184, marker error: RMS=0.00632975, max=0.0126662 (RASI)
Frame 28 (t=0.28):	total squared error = 0.00112579, marker error: RMS=0.00634087, max=0.0128301 (RASI)
Frame 29 (t=0.29):	total squared error = 0.00112013, marker error: RMS=0.00632493, max=0.0130514 (RASI)
Frame 30 (t=0.3):	total squared error = 0.00110325, marker error: RMS=0.00627707, max=0.0133715 (RASI)
Frame 31 (t=0.31):	total squared error = 0.00108759, marker error: RMS=0.00623238, max=0.0127737 (RASI)
Frame 32 (t=0.32):	total squared error = 0.00106098, marker error: RMS=0.00615567, max=0.0125721 (RASI)
Frame 33 (t=0.33):	total squared error = 0.0010575, marker error: RMS=0.00614555, max=0.0128585 (RASI)
Frame 34 (t=0.34):	total squared error = 0.00106552, marker error: RMS=0.0061688, max=0.0125972 (RASI)
Frame 35 (t=0.35):	total squared error = 0.00108556, marker error: RMS=0.00622655, max=0.0127642 (RASI)
Frame 36 (t=0.36):	total squared error = 0.00107268, marker error: RMS=0.0061895, max=0.0124474 (RASI)
Frame 37 (t=0.37):	total squared error = 0.00108456, marker error: RMS=0.00622369, max=0.0126655 (RASI)
Frame 38 (t=0.38):	total squared error = 0.00110055, marker error: RMS=0.00626941, max=0.0123429 (RASI)
Frame 39 (t=0.39):	total squared error = 0.00113285, marker error: RMS=0.00636073, max=0.0122839 (RASI)
Frame 40 (t=0.4):	total squared error = 0.00116254, marker error: RMS=0.00644355, max=0.0120474 (RASI)
Frame 41 (t=0.41):	total squared error = 0.00119507, marker error: RMS=0.00653307, max=0.0117963 (RASI)
Frame 42 (t=0.42):	total squared error = 0.00123847, marker error: RMS=0.00665064, max=0.0117039 (RASI)
Frame 43 (t=0.43):	total squared error = 0.00127771, marker error: RMS=0.00675519, max=0.0119031 (RTHAP)
Frame 44 (t=0.44):	total squared error = 0.00130183, marker error: RMS=0.00681864, max=0.0122302 (RTHAP)
Frame 45 (t=0.45):	total squared error = 0.00129432, marker error: RMS=0.00679895, max=0.0123804 (RTHAP)
Frame 46 (t=0.46):	total squared error = 0.00131598, marker error: RMS=0.0068556, max=0.0126268 (RTHAP)
Frame 47 (t=0.47):	total squared error = 0.00132088, marker error: RMS=0.00686835, max=0.0128634 (RTHAP)
Frame 48 (t=0.48):	total squared error = 0.00132789, marker error: RMS=0.00688657, max=0.0130606 (RTHI)
Frame 49 (t=0.49):	total squared error = 0.00134059, marker error: RMS=0.0069194, max=0.013514 (RTHAP)
Frame 50 (t=0.5):	total squared error = 0.00134981, marker error: RMS=0.00694317, max=0.0141848 (RTHAP)
Frame 51 (t=0.51):	total squared error = 0.00136618, marker error: RMS=0.00698513, max=0.0141373 (RTHAP)
Frame 52 (t=0.52):	total squared error = 0.00137103, marker error: RMS=0.00699751, max=0.014306 (RTHAP)
Frame 53 (t=0.53):	total squared error = 0.00137077, marker error: RMS=0.00699687, max=0.0144744 (RTHAP)
Frame 54 (t=0.54):	total squared error = 0.00133202, marker error: RMS=0.00689725, max=0.0146361 (RTHAP)
Frame 55 (t=0.55):	total squared error = 0.00132538, marker error: RMS=0.00688005, max=0.0144411 (RTHAP)
Frame 56 (t=0.56):	total squared error = 0.00136288, marker error: RMS=0.00697669, max=0.0149455 (RTHAP)
Frame 57 (t=0.57):	total squared error = 0.00141348, marker error: RMS=0.00710504, max=0.0150807 (RTHAP)
Frame 58 (t=0.58):	total squared error = 0.00144442, marker error: RMS=0.00718236, max=0.0152492 (RTHAP)
Frame 59 (t=0.59):	total squared error = 0.00143379, marker error: RMS=0.0071559, max=0.0149786 (RTHAP)
Frame 60 (t=0.6):	total squared error = 0.00137704, marker error: RMS=0.00701284, max=0.0148511 (RTHAP)
Frame 61 (t=0.61):	total squared error = 0.0013428, marker error: RMS=0.0069251, max=0.0148646 (RTHAP)
Frame 62 (t=0.62):	total squared error = 0.00136181, marker error: RMS=0.00697395, max=0.0152068 (RTHAP)
Frame 63 (t=0.63):	total squared error = 0.00137963, marker error: RMS=0.00701943, max=0.0152357 (RTHAP)
Frame 64 (t=0.64):	total squared error = 0.00140445, marker error: RMS=0.00708229, max=0.0155369 (RTHAP)
Frame 65 (t=0.65):	total squared error = 0.00144281, marker error: RMS=0.00717836, max=0.0158393 (RTHAP)
Frame 66 (t=0.66):	total squared error = 0.00147362, marker error: RMS=0.0072546, max=0.0156441 (RTHAP)
Frame 67 (t=0.67):	total squared error = 0.00149524, marker error: RMS=0.00730764, max=0.0159398 (RTHAP)
Frame 68 (t=0.68):	total squared error = 0.00151944, marker error: RMS=0.00736653, max=0.0164174 (RTHAP)
Frame 69 (t=0.69):	total squared error = 0.00149745, marker error: RMS=0.00731302, max=0.0162215 (RTHAP)
Frame 70 (t=0.7):	total squared error = 0.00148382, marker error: RMS=0.00727967, max=0.0156964 (RTHAP)
Frame 71 (t=0.71):	total squared error = 0.00147685, marker error: RMS=0.00726256, max=0.0156971 (RTHAP)
Frame 72 (t=0.72):	total squared error = 0.00148835, marker error: RMS=0.00729077, max=0.0154669 (RTHAP)
Frame 73 (t=0.73):	total squared error = 0.00152698, marker error: RMS=0.00738479, max=0.0154332 (RTHAP)
Frame 74 (t=0.74):	total squared error = 0.00157928, marker error: RMS=0.00751019, max=0.0155459 (RTHAP)
Frame 75 (t=0.75):	total squared error = 0.00159594, marker error: RMS=0.00754969, max=0.0154831 (RTHAP)
Frame 76 (t=0.76):	total squared error = 0.00165032, marker error: RMS=0.00767725, max=0.0156903 (RTHAD)
Frame 77 (t=0.77):	total squared error = 0.00167362, marker error: RMS=0.00773126, max=0.0159654 (RTHAD)
Frame 78 (t=0.78):	total squared error = 0.00168993, marker error: RMS=0.00776883, max=0.0164585 (RTHAD)
Frame 79 (t=0.79):	total squared error = 0.00166455, marker error: RMS=0.00771026, max=0.0168201 (RTHAD)
Frame 80 (t=0.8):	total squared error = 0.00163375, marker error: RMS=0.00763861, max=0.0169386 (RTHAD)
Frame 81 (t=0.81):	total squared error = 0.00161433, marker error: RMS=0.00759306, max=0.0170816 (RTHAD)
Frame 82 (t=0.82):	total squared error = 0.00155976, marker error: RMS=0.00746363, max=0.0169806 (RTHAD)
Frame 83 (t=0.83):	total squared error = 0.00154656, marker error: RMS=0.00743198, max=0.0168449 (RTHAD)
Frame 84 (t=0.84):	total squared error = 0.00153899, marker error: RMS=0.00741376, max=0.0169454 (RTHAD)
Frame 85 (t=0.85):	total squared error = 0.00152824, marker error: RMS=0.00738784, max=0.0168442 (RTHAD)
Frame 86 (t=0.86):	total squared error = 0.00152897, marker error: RMS=0.00738959, max=0.0167813 (RTHAD)
Frame 87 (t=0.87):	total squared error = 0.00152337, marker error: RMS=0.00737605, max=0.0166321 (RTHAD)
Frame 88 (t=0.88):	total squared error = 0.00151185, marker error: RMS=0.00734811, max=0.016507 (RTHAD)
Frame 89 (t=0.89):	total squared error = 0.00149827, marker error: RMS=0.00731502, max=0.0162957 (RTHAD)
Frame 90 (t=0.9):	total squared error = 0.00149329, marker error: RMS=0.00730287, max=0.0162001 (RTHAD)
Frame 91 (t=0.91):	total squared error = 0.00147996, marker error: RMS=0.00727019, max=0.0160119 (RTHAD)
Frame 92 (t=0.92):	total squared error = 0.00146255, marker error: RMS=0.0072273, max=0.0159688 (RTHAD)
Frame 93 (t=0.93):	total squared error = 0.00143544, marker error: RMS=0.00716001, max=0.0154872 (RTHAD)
Frame 94 (t=0.94):	total squared error = 0.00140597, marker error: RMS=0.00708613, max=0.0157314 (LPSI)
Frame 95 (t=0.95):	total squared error = 0.00138704, marker error: RMS=0.00703826, max=0.0159205 (LPSI)
Frame 96 (t=0.96):	total squared error = 0.00134921, marker error: RMS=0.00694161, max=0.0159863 (LPSI)
Frame 97 (t=0.97):	total squared error = 0.0013192, marker error: RMS=0.00686399, max=0.0162486 (LPSI)
Frame 98 (t=0.98):	total squared error = 0.00129828, marker error: RMS=0.00680935, max=0.0165206 (LPSI)
Frame 99 (t=0.99):	total squared error = 0.00129481, marker error: RMS=0.00680024, max=0.0167602 (LPSI)
Frame 100 (t=1):	total squared error = 0.0012881, marker error: RMS=0.0067826, max=0.0168805 (LPSI)
Frame 101 (t=1.01):	total squared error = 0.00128456, marker error: RMS=0.00677327, max=0.0170222 (LPSI)
Frame 102 (t=1.02):	total squared error = 0.00126583, marker error: RMS=0.00672371, max=0.0170223 (LPSI)
Frame 103 (t=1.03):	total squared error = 0.00128003, marker error: RMS=0.00676131, max=0.0172 (LPSI)
Frame 104 (t=1.04):	total squared error = 0.00126677, marker error: RMS=0.0067262, max=0.016997 (LPSI)
Frame 105 (t=1.05):	total squared error = 0.00127813, marker error: RMS=0.00675629, max=0.0174165 (RASI)
Frame 106 (t=1.06):	total squared error = 0.00128762, marker error: RMS=0.00678132, max=0.0183533 (RASI)
Frame 107 (t=1.07):	total squared error = 0.00129163, marker error: RMS=0.00679188, max=0.018588 (RASI)
Frame 108 (t=1.08):	total squared error = 0.00131802, marker error: RMS=0.00686092, max=0.0193133 (RASI)
Frame 109 (t=1.09):	total squared error = 0.00133832, marker error: RMS=0.00691354, max=0.0198196 (RASI)
Frame 110 (t=1.1):	total squared error = 0.00135685, marker error: RMS=0.00696125, max=0.0201817 (RASI)
Frame 111 (t=1.11):	total squared error = 0.00137612, marker error: RMS=0.00701049, max=0.0205065 (RASI)
Frame 112 (t=1.12):	total squared error = 0.00139249, marker error: RMS=0.00705208, max=0.0206742 (RASI)
Frame 113 (t=1.13):	total squared error = 0.00139433, marker error: RMS=0.00705674, max=0.0206892 (RASI)
Frame 114 (t=1.14):	total squared error = 0.0014032, marker error: RMS=0.00707915, max=0.0206526 (RASI)
Frame 115 (t=1.15):	total squared error = 0.00138817, marker error: RMS=0.00704112, max=0.0205887 (RASI)
Frame 116 (t=1.16):	total squared error = 0.00137307, marker error: RMS=0.00700272, max=0.0205567 (RASI)
Frame 117 (t=1.17):	total squared error = 0.00135944, marker error: RMS=0.00696789, max=0.0203875 (RASI)
Frame 118 (t=1.18):	total squared error = 0.00133753, marker error: RMS=0.00691152, max=0.020064 (RASI)
Frame 119 (t=1.19):	total squared error = 0.00132029, marker error: RMS=0.00686681, max=0.0196972 (RASI)
Frame 120 (t=1.2):	total squared error = 0.00129475, marker error: RMS=0.00680008, max=0.0192383 (RASI)
Frame 121 (t=1.21):	total squared error = 0.00127123, marker error: RMS=0.00673803, max=0.0186915 (RASI)
Frame 122 (t=1.22):	total squared error = 0.00122021, marker error: RMS=0.00660143, max=0.0178852 (RASI)
Frame 123 (t=1.23):	total squared error = 0.00117888, marker error: RMS=0.00648868, max=0.0167831 (RASI)
Frame 124 (t=1.24):	total squared error = 0.00113902, marker error: RMS=0.00637804, max=0.0162441 (LPSI)
Frame 125 (t=1.25):	total squared error = 0.00109754, marker error: RMS=0.00626082, max=0.0159282 (LPSI)
Frame 126 (t=1.26):	total squared error = 0.00108989, marker error: RMS=0.00623897, max=0.0158498 (LPSI)
Frame 127 (t=1.27):	total squared error = 0.00109564, marker error: RMS=0.00625539, max=0.0159049 (LPSI)
Frame 128 (t=1.28):	total squared error = 0.00109519, marker error: RMS=0.00625411, max=0.0158791 (LPSI)
Frame 129 (t=1.29):	total squared error = 0.00110746, marker error: RMS=0.00628904, max=0.0162724 (LPSI)
Frame 130 (t=1.3):	total squared error = 0.00112366, marker error: RMS=0.00633489, max=0.0164974 (LPSI)
Frame 131 (t=1.31):	total squared error = 0.00112265, marker error: RMS=0.00633203, max=0.0166914 (LPSI)
Frame 132 (t=1.32):	total squared error = 0.00115627, marker error: RMS=0.00642613, max=0.0169875 (LPSI)
Frame 133 (t=1.33):	total squared error = 0.00114709, marker error: RMS=0.00640058, max=0.0169946 (LPSI)
Frame 134 (t=1.34):	total squared error = 0.0011527, marker error: RMS=0.00641621, max=0.0170621 (LPSI)
Frame 135 (t=1.35):	total squared error = 0.00114946, marker error: RMS=0.0064072, max=0.0168982 (LPSI)
Frame 136 (t=1.36):	total squared error = 0.00114467, marker error: RMS=0.00639383, max=0.0168424 (LASI)
Frame 137 (t=1.37):	total squared error = 0.00118201, marker error: RMS=0.00649727, max=0.0174426 (LASI)
Frame 138 (t=1.38):	total squared error = 0.00114334, marker error: RMS=0.00639012, max=0.0170562 (LASI)
Frame 139 (t=1.39):	total squared error = 0.00409463, marker error: RMS=0.0120928, max=0.0480517 (LTIAD)
Frame 140 (t=1.4):	total squared error = 0.0011212, marker error: RMS=0.00632795, max=0.0171076 (LASI)
Frame 141 (t=1.41):	total squared error = 0.00114168, marker error: RMS=0.00638546, max=0.0169094 (LASI)
Frame 142 (t=1.42):	total squared error = 0.00112962, marker error: RMS=0.00635167, max=0.0163773 (LASI)
Frame 143 (t=1.43):	total squared error = 0.00111156, marker error: RMS=0.00630069, max=0.0155491 (LASI)
Frame 144 (t=1.44):	total squared error = 0.0010907, marker error: RMS=0.00624128, max=0.0145455 (LASI)
Frame 145 (t=1.45):	total squared error = 0.00106983, marker error: RMS=0.00618127, max=0.013477 (LASI)
Frame 146 (t=1.46):	total squared error = 0.00105237, marker error: RMS=0.00613062, max=0.012721 (LPSI)
Frame 147 (t=1.47):	total squared error = 0.00102564, marker error: RMS=0.00605228, max=0.012398 (LTHAD)
Frame 148 (t=1.48):	total squared error = 0.00101003, marker error: RMS=0.00600604, max=0.0124306 (LTHAD)
Frame 149 (t=1.49):	total squared error = 0.000990316, marker error: RMS=0.00594714, max=0.0123001 (LTHAD)
Frame 150 (t=1.5):	total squared error = 0.000974865, marker error: RMS=0.00590056, max=0.0119694 (LTHAD)
Frame 151 (t=1.51):	total squared error = 0.00097207, marker error: RMS=0.0058921, max=0.0119432 (RASI)
Frame 152 (t=1.52):	total squared error = 0.000990889, marker error: RMS=0.00594886, max=0.0125105 (RASI)
Frame 153 (t=1.53):	total squared error = 0.00100437, marker error: RMS=0.0059892, max=0.012394 (RASI)
Frame 154 (t=1.54):	total squared error = 0.00101825, marker error: RMS=0.00603044, max=0.0125866 (RASI)
Frame 155 (t=1.55):	total squared error = 0.00103914, marker error: RMS=0.00609196, max=0.0128009 (RASI)
Frame 156 (t=1.56):	total squared error = 0.00105435, marker error: RMS=0.00613638, max=0.01276 (RASI)
Frame 157 (t=1.57):	total squared error = 0.00108115, marker error: RMS=0.00621388, max=0.0126734 (RASI)
Frame 158 (t=1.58):	total squared error = 0.00111662, marker error: RMS=0.006315, max=0.0131856 (RASI)
Frame 159 (t=1.59):	total squared error = 0.00108311, marker error: RMS=0.00621952, max=0.0126918 (RASI)
Frame 160 (t=1.6):	total squared error = 0.00115452, marker error: RMS=0.00642127, max=0.0132579 (RASI)
Frame 161 (t=1.61):	total squared error = 0.00116339, marker error: RMS=0.0064459, max=0.0133906 (RASI)
Frame 162 (t=1.62):	total squared error = 0.00117226, marker error: RMS=0.00647042, max=0.0137162 (LASI)
Frame 163 (t=1.63):	total squared error = 0.00116495, marker error: RMS=0.00645022, max=0.013583 (RASI)
Frame 164 (t=1.64):	total squared error = 0.0011442, marker error: RMS=0.00639251, max=0.0133405 (RASI)
Frame 165 (t=1.65):	total squared error = 0.00118672, marker error: RMS=0.00651021, max=0.0141187 (LASI)
Frame 166 (t=1.66):	total squared error = 0.00112834, marker error: RMS=0.00634806, max=0.0134607 (RASI)
Frame 167 (t=1.67):	total squared error = 0.00114944, marker error: RMS=0.00640715, max=0.014023 (RASI)
Frame 168 (t=1.68):	total squared error = 0.00112895, marker error: RMS=0.00634978, max=0.0140288 (RASI)
Frame 169 (t=1.69):	total squared error = 0.001153, marker error: RMS=0.00641706, max=0.0141362 (RASI)
Frame 170 (t=1.7):	total squared error = 0.00111887, marker error: RMS=0.00632136, max=0.0131511 (RASI)
Frame 171 (t=1.71):	total squared error = 0.00114021, marker error: RMS=0.00638138, max=0.0136545 (RASI)
Frame 172 (t=1.72):	total squared error = 0.00118238, marker error: RMS=0.00649829, max=0.0136551 (RASI)
Frame 173 (t=1.73):	total squared error = 0.00117022, marker error: RMS=0.0064648, max=0.012656 (RASI)
Frame 174 (t=1.74):	total squared error = 0.00125506, marker error: RMS=0.00669503, max=0.0133999 (RASI)
Frame 175 (t=1.75):	total squared error = 0.00126685, marker error: RMS=0.00672642, max=0.0128362 (RASI)
Frame 176 (t=1.76):	total squared error = 0.00128691, marker error: RMS=0.00677946, max=0.012442 (RTHAP)
Frame 177 (t=1.77):	total squared error = 0.00128703, marker error: RMS=0.00677979, max=0.0128394 (RTHAP)
Frame 178 (t=1.78):	total squared error = 0.00129583, marker error: RMS=0.00680292, max=0.0129145 (RTHI)
Frame 179 (t=1.79):	total squared error = 0.00127328, marker error: RMS=0.00674345, max=0.0132437 (RTHI)
Frame 180 (t=1.8):	total squared error = 0.00127364, marker error: RMS=0.00674442, max=0.0134482 (RTHI)
Frame 181 (t=1.81):	total squared error = 0.00129091, marker error: RMS=0.00678998, max=0.0136724 (RTHI)
Frame 182 (t=1.82):	total squared error = 0.00134768, marker error: RMS=0.00693767, max=0.0138804 (RTHI)
Frame 183 (t=1.83):	total squared error = 0.00135317, marker error: RMS=0.00695179, max=0.014121 (RTHI)
Frame 184 (t=1.84):	total squared error = 0.00141068, marker error: RMS=0.00709799, max=0.0143031 (RTHI)
Frame 185 (t=1.85):	total squared error = 0.00149534, marker error: RMS=0.00730787, max=0.0146282 (RTHAP)
Frame 186 (t=1.86):	total squared error = 0.00147515, marker error: RMS=0.00725838, max=0.0149504 (RTHAP)
Frame 187 (t=1.87):	total squared error = 0.00151598, marker error: RMS=0.00735815, max=0.0145858 (RTHAP)
Frame 188 (t=1.88):	total squared error = 0.0014926, marker error: RMS=0.00730118, max=0.014761 (RTHAP)
Frame 189 (t=1.89):	total squared error = 0.00145442, marker error: RMS=0.00720719, max=0.0147502 (RTHAP)
Frame 190 (t=1.9):	total squared error = 0.00145524, marker error: RMS=0.00720922, max=0.0146521 (RTHAP)
Frame 191 (t=1.91):	total squared error = 0.00143282, marker error: RMS=0.00715348, max=0.0147824 (RTHAP)
Frame 192 (t=1.92):	total squared error = 0.00146977, marker error: RMS=0.00724512, max=0.0151768 (RTHAP)
Frame 193 (t=1.93):	total squared error = 0.00143972, marker error: RMS=0.00717067, max=0.0152565 (RTHAP)
Frame 194 (t=1.94):	total squared error = 0.00142991, marker error: RMS=0.00714621, max=0.0154046 (RTHAP)
Frame 195 (t=1.95):	total squared error = 0.00148257, marker error: RMS=0.0072766, max=0.0147686 (RTHAP)
Frame 196 (t=1.96):	total squared error = 0.00145821, marker error: RMS=0.00721657, max=0.0150325 (RTHAP)
Frame 197 (t=1.97):	total squared error = 0.00144228, marker error: RMS=0.00717704, max=0.0150485 (RTHAP)
Frame 198 (t=1.98):	total squared error = 0.00141507, marker error: RMS=0.00710902, max=0.0150525 (RTHAP)
Frame 199 (t=1.99):	total squared error = 0.00140602, marker error: RMS=0.00708627, max=0.0149523 (RTHAP)
Frame 200 (t=2):	total squared error = 0.00139992, marker error: RMS=0.00707088, max=0.0145629 (RTHAP)
Frame 201 (t=2.01):	total squared error = 0.00142756, marker error: RMS=0.00714032, max=0.0145211 (RTHAP)
Frame 202 (t=2.02):	total squared error = 0.001475, marker error: RMS=0.007258, max=0.0144891 (RTHAP)
Frame 203 (t=2.03):	total squared error = 0.00151605, marker error: RMS=0.00735831, max=0.0144634 (RTHAP)
Frame 204 (t=2.04):	total squared error = 0.00154698, marker error: RMS=0.00743299, max=0.0142025 (RTHAP)
Frame 205 (t=2.05):	total squared error = 0.00157659, marker error: RMS=0.00750378, max=0.0144484 (RTHAD)
Frame 206 (t=2.06):	total squared error = 0.0124251, marker error: RMS=0.0210654, max=0.0928769 (RTIAD)
Frame 207 (t=2.07):	total squared error = 0.00163393, marker error: RMS=0.00763901, max=0.0150291 (RTHAD)
Frame 208 (t=2.08):	total squared error = 0.00165695, marker error: RMS=0.00769265, max=0.0151203 (RTHAD)
Frame 209 (t=2.09):	total squared error = 0.0017153, marker error: RMS=0.00782691, max=0.0153087 (RTHAD)
Frame 210 (t=2.1):	total squared error = 0.00173314, marker error: RMS=0.00786753, max=0.0153693 (LPSI)
Frame 211 (t=2.11):	total squared error = 0.00175561, marker error: RMS=0.00791834, max=0.0156606 (LPSI)
Frame 212 (t=2.12):	total squared error = 0.00177389, marker error: RMS=0.00795947, max=0.015905 (LPSI)
Frame 213 (t=2.13):	total squared error = 0.00180422, marker error: RMS=0.00802723, max=0.0160723 (LPSI)
Frame 214 (t=2.14):	total squared error = 0.00182923, marker error: RMS=0.00808267, max=0.0162514 (LPSI)
Frame 215 (t=2.15):	total squared error = 0.00180454, marker error: RMS=0.00802795, max=0.0162592 (LPSI)
Frame 216 (t=2.16):	total squared error = 0.00181876, marker error: RMS=0.00805951, max=0.0165175 (LPSI)
Frame 217 (t=2.17):	total squared error = 0.00181401, marker error: RMS=0.00804897, max=0.0164987 (LPSI)
Frame 218 (t=2.18):	total squared error = 0.0017878, marker error: RMS=0.00799062, max=0.0164855 (LPSI)
Frame 219 (t=2.19):	total squared error = 0.00178182, marker error: RMS=0.00797725, max=0.0167027 (LPSI)
Frame 220 (t=2.2):	total squared error = 0.00177253, marker error: RMS=0.00795643, max=0.0169331 (LPSI)
Frame 221 (t=2.21):	total squared error = 0.00173539, marker error: RMS=0.00787262, max=0.0170297 (LASI)
Frame 222 (t=2.22):	total squared error = 0.00169735, marker error: RMS=0.00778586, max=0.017438 (LASI)
InverseKinematicsTool completed 222 frames in 93.918s

Storage: file=C:\Users\HLS501\Documents\VICON DATA\pyCGM2-Data\Datatests from Vicon\issues\issue_pyCGM2Coordinate system\ik_model_marker_locations.sto (nr=223 nc=85)
Storage: file=C:\Users\HLS501\Documents\VICON DATA\pyCGM2-Data\Datatests from Vicon\issues\issue_pyCGM2Coordinate system\ik_model_marker_locations.sto (nr=223 nc=85)
Storage: file=C:\Users\HLS501\Documents\VICON DATA\pyCGM2-Data\Datatests from Vicon\issues\issue_pyCGM2Coordinate system\ik_model_marker_locations.sto (nr=223 nc=85)
Storage: file=C:\Users\HLS501\Documents\VICON DATA\pyCGM2-Data\Datatests from Vicon\issues\issue_pyCGM2Coordinate system\ik_model_marker_locations.sto (nr=223 nc=85)
Storage: file=C:\Users\HLS501\Documents\VICON DATA\pyCGM2-Data\Datatests from Vicon\issues\issue_pyCGM2Coordinate system\ik_model_marker_locations.sto (nr=223 nc=85)
Storage: file=C:\Users\HLS501\Documents\VICON DATA\pyCGM2-Data\Datatests from Vicon\issues\issue_pyCGM2Coordinate system\ik_model_marker_locations.sto (nr=223 nc=85)
Storage: file=C:\Users\HLS501\Documents\VICON DATA\pyCGM2-Data\Datatests from Vicon\issues\issue_pyCGM2Coordinate system\ik_model_marker_locations.sto (nr=223 nc=85)
Storage: file=C:\Users\HLS501\Documents\VICON DATA\pyCGM2-Data\Datatests from Vicon\issues\issue_pyCGM2Coordinate system\ik_model_marker_locations.sto (nr=223 nc=85)
Storage: file=C:\Users\HLS501\Documents\VICON DATA\pyCGM2-Data\Datatests from Vicon\issues\issue_pyCGM2Coordinate system\ik_model_marker_locations.sto (nr=223 nc=85)
Storage: file=C:\Users\HLS501\Documents\VICON DATA\pyCGM2-Data\Datatests from Vicon\issues\issue_pyCGM2Coordinate system\ik_model_marker_locations.sto (nr=223 nc=85)
Storage: file=C:\Users\HLS501\Documents\VICON DATA\pyCGM2-Data\Datatests from Vicon\issues\issue_pyCGM2Coordinate system\ik_model_marker_locations.sto (nr=223 nc=85)
Storage: file=C:\Users\HLS501\Documents\VICON DATA\pyCGM2-Data\Datatests from Vicon\issues\issue_pyCGM2Coordinate system\ik_model_marker_locations.sto (nr=223 nc=85)
Storage: file=C:\Users\HLS501\Documents\VICON DATA\pyCGM2-Data\Datatests from Vicon\issues\issue_pyCGM2Coordinate system\ik_model_marker_locations.sto (nr=223 nc=85)
Storage: file=C:\Users\HLS501\Documents\VICON DATA\pyCGM2-Data\Datatests from Vicon\issues\issue_pyCGM2Coordinate system\ik_model_marker_locations.sto (nr=223 nc=85)
Storage: file=C:\Users\HLS501\Documents\VICON DATA\pyCGM2-Data\Datatests from Vicon\issues\issue_pyCGM2Coordinate system\ik_model_marker_locations.sto (nr=223 nc=85)
Storage: file=C:\Users\HLS501\Documents\VICON DATA\pyCGM2-Data\Datatests from Vicon\issues\issue_pyCGM2Coordinate system\ik_model_marker_locations.sto (nr=223 nc=85)
Storage: file=C:\Users\HLS501\Documents\VICON DATA\pyCGM2-Data\Datatests from Vicon\issues\issue_pyCGM2Coordinate system\ik_model_marker_locations.sto (nr=223 nc=85)
Storage: file=C:\Users\HLS501\Documents\VICON DATA\pyCGM2-Data\Datatests from Vicon\issues\issue_pyCGM2Coordinate system\ik_model_marker_locations.sto (nr=223 nc=85)
Storage: file=C:\Users\HLS501\Documents\VICON DATA\pyCGM2-Data\Datatests from Vicon\issues\issue_pyCGM2Coordinate system\ik_model_marker_locations.sto (nr=223 nc=85)
Storage: file=C:\Users\HLS501\Documents\VICON DATA\pyCGM2-Data\Datatests from Vicon\issues\issue_pyCGM2Coordinate system\ik_model_marker_locations.sto (nr=223 nc=85)
Storage: file=C:\Users\HLS501\Documents\VICON DATA\pyCGM2-Data\Datatests from Vicon\issues\issue_pyCGM2Coordinate system\ik_model_marker_locations.sto (nr=223 nc=85)
Storage: file=C:\Users\HLS501\Documents\VICON DATA\pyCGM2-Data\Datatests from Vicon\issues\issue_pyCGM2Coordinate system\ik_model_marker_locations.sto (nr=223 nc=85)
Storage: file=C:\Users\HLS501\Documents\VICON DATA\pyCGM2-Data\Datatests from Vicon\issues\issue_pyCGM2Coordinate system\ik_model_marker_locations.sto (nr=223 nc=85)
Storage: file=C:\Users\HLS501\Documents\VICON DATA\pyCGM2-Data\Datatests from Vicon\issues\issue_pyCGM2Coordinate system\ik_model_marker_locations.sto (nr=223 nc=85)
Storage: file=C:\Users\HLS501\Documents\VICON DATA\pyCGM2-Data\Datatests from Vicon\issues\issue_pyCGM2Coordinate system\ik_model_marker_locations.sto (nr=223 nc=85)
Storage: file=C:\Users\HLS501\Documents\VICON DATA\pyCGM2-Data\Datatests from Vicon\issues\issue_pyCGM2Coordinate system\ik_model_marker_locations.sto (nr=223 nc=85)
Storage: file=C:\Users\HLS501\Documents\VICON DATA\pyCGM2-Data\Datatests from Vicon\issues\issue_pyCGM2Coordinate system\ik_model_marker_locations.sto (nr=223 nc=85)
Storage: file=C:\Users\HLS501\Documents\VICON DATA\pyCGM2-Data\Datatests from Vicon\issues\issue_pyCGM2Coordinate system\ik_model_marker_locations.sto (nr=223 nc=85)
